<testsuites id="" name="" tests="1" failures="1" skipped="0" errors="0" time="7.536952999999979">
<testsuite name="_setupApi.spec.ts" timestamp="1675541246988" hostname="" tests="1" failures="1" skipped="0" time="0.002" errors="0">
<testcase name="setup test e2e admin set WpSettings" classname="[chromium] › _setupApi.spec.ts › setup test e2e › admin set WpSettings" time="0.002">
<failure message="_setupApi.spec.ts:239:7 admin set WpSettings" type="FAILURE">
<![CDATA[  [chromium] › _setupApi.spec.ts:239:7 › setup test e2e › admin set WpSettings =====================

    Error: ENOENT: no such file or directory, open 'adminStorageState.json'


]]>
</failure>
</testcase>
</testsuite>
</testsuites>