<testsuites id="" name="" tests="3" failures="0" skipped="0" errors="0" time="4.523972999999998">
<testsuite name="_setup.spec.ts" timestamp="1674105648910" hostname="" tests="3" failures="0" skipped="0" time="1.333" errors="0">
<testcase name=" api test setup test store settings" classname="_setup.spec.ts ›  api test › setup test store settings" time="0.688">
<system-out>
<![CDATA[http://localhost:8889?rest_route=/dokan/v1/settings
Status Code:  [33m200[39m
ResponseBody:  {
  id: [33m1[39m,
  store_name: [32m'admin_store'[39m,
  first_name: [32m''[39m,
  last_name: [32m''[39m,
  email: [32m'wordpress@example.com'[39m,
  social: [],
  phone: [32m''[39m,
  show_email: [33mfalse[39m,
  address: [],
  location: [32m''[39m,
  banner: [32m''[39m,
  banner_id: [33m0[39m,
  gravatar: [32m'http://2.gravatar.com/avatar/ea8b076b398ee48b71cfaecf898c582b?s=96&d=mm&r=g'[39m,
  gravatar_id: [33m0[39m,
  shop_url: [32m'http://localhost:8889/store/admin/'[39m,
  products_per_page: [33m12[39m,
  show_more_product_tab: [33mtrue[39m,
  toc_enabled: [33mfalse[39m,
  store_toc: [32m''[39m,
  featured: [33mfalse[39m,
  rating: { rating: [32m'No Ratings found yet'[39m, count: [33m0[39m },
  enabled: [33mtrue[39m,
  registered: [32m'2023-01-19 05:20:31'[39m,
  payment: {
    paypal: { [32m'0'[39m: [32m'email'[39m, email: [32m'paypal@g.c'[39m },
    bank: [],
    stripe: [33mfalse[39m
  },
  trusted: [33mtrue[39m,
  store_open_close: {
    enabled: [33mfalse[39m,
    time: [],
    open_notice: [32m'Store is open'[39m,
    close_notice: [32m'Store is closed'[39m
  },
  company_name: [32m''[39m,
  vat_number: [32m''[39m,
  company_id_number: [32m''[39m,
  bank_name: [32m''[39m,
  bank_iban: [32m''[39m,
  _links: { self: [ [36m[Object][39m ], collection: [ [36m[Object][39m ] }
}
]]>
</system-out>
</testcase>
<testcase name=" api test create test customer" classname="_setup.spec.ts ›  api test › create test customer" time="0.353">
<system-out>
<![CDATA[Status Code:  [33m201[39m
ResponseBody:  {
  id: [33m2[39m,
  date_created: [32m'2023-01-19T05:20:52'[39m,
  date_created_gmt: [32m'2023-01-19T05:20:52'[39m,
  date_modified: [32m'2023-01-19T05:20:53'[39m,
  date_modified_gmt: [32m'2023-01-19T05:20:53'[39m,
  email: [32m'customer1@yopmail.com'[39m,
  first_name: [32m'customer1'[39m,
  last_name: [32m'c1'[39m,
  role: [32m'customer'[39m,
  username: [32m'customer1'[39m,
  billing: {
    first_name: [32m'customer1'[39m,
    last_name: [32m'cus'[39m,
    company: [32m''[39m,
    address_1: [32m'abc street'[39m,
    address_2: [32m'xyz street'[39m,
    city: [32m'New York'[39m,
    postcode: [32m'10003'[39m,
    country: [32m'US'[39m,
    state: [32m'NY'[39m,
    email: [32m'customer1@yopmail.com'[39m,
    phone: [32m'0123456789'[39m
  },
  shipping: {
    first_name: [32m'customer1'[39m,
    last_name: [32m'cus'[39m,
    company: [32m''[39m,
    address_1: [32m'abc street'[39m,
    address_2: [32m'xyz street'[39m,
    city: [32m'New York'[39m,
    postcode: [32m'10003'[39m,
    country: [32m'US'[39m,
    state: [32m'NY'[39m,
    phone: [32m''[39m
  },
  is_paying_customer: [33mfalse[39m,
  avatar_url: [32m'http://0.gravatar.com/avatar/01ebd2652b0322bcbfde21ad44149bc3?s=96&d=mm&r=g'[39m,
  meta_data: [
    { id: [33m40[39m, key: [32m'_wcs_subscription_ids_cache'[39m, value: [] },
    {
      id: [33m41[39m,
      key: [32m'_dokan_email_verification_key'[39m,
      value: [32m'df1f736d79220db3e02ac7cf76ba7f289bb3e0ee'[39m
    },
    { id: [33m42[39m, key: [32m'_dokan_email_pending_verification'[39m, value: [32m'1'[39m }
  ],
  orders_count: [33m0[39m,
  total_spent: [32m'0.00'[39m,
  _links: { self: [ [36m[Object][39m ], collection: [ [36m[Object][39m ] }
}
]]>
</system-out>
</testcase>
<testcase name=" api test create test vendor" classname="_setup.spec.ts ›  api test › create test vendor" time="0.292">
<system-out>
<![CDATA[Status Code:  [33m200[39m
ResponseBody:  {
  id: [33m3[39m,
  store_name: [32m'vendor1store'[39m,
  first_name: [32m'vendor1'[39m,
  last_name: [32m'ven'[39m,
  email: [32m'vendor1@yopmail.com'[39m,
  social: {
    fb: [32m'http://dokan.test'[39m,
    youtube: [32m'http://dokan.test'[39m,
    twitter: [32m'http://dokan.test'[39m,
    linkedin: [32m'http://dokan.test'[39m,
    pinterest: [32m'http://dokan.test'[39m,
    instagram: [32m'http://dokan.test'[39m,
    flickr: [32m'http://dokan.test'[39m
  },
  phone: [32m'0123456789'[39m,
  show_email: [33mfalse[39m,
  address: {
    street_1: [32m'abc street'[39m,
    street_2: [32m'xyz street'[39m,
    city: [32m'New York'[39m,
    zip: [32m'10003'[39m,
    state: [32m'NY'[39m,
    country: [32m'US'[39m
  },
  location: [32m'40.7127753,-74.0059728'[39m,
  banner: [32m''[39m,
  banner_id: [33m0[39m,
  gravatar: [32m'http://1.gravatar.com/avatar/d0a3c2b21493d94526341d191134884d?s=96&d=mm&r=g'[39m,
  gravatar_id: [33m0[39m,
  shop_url: [32m'http://localhost:8889/store/vendor1/'[39m,
  products_per_page: [33m12[39m,
  show_more_product_tab: [33mtrue[39m,
  toc_enabled: [33mfalse[39m,
  store_toc: [32m''[39m,
  featured: [33mtrue[39m,
  rating: { rating: [32m'No Ratings found yet'[39m, count: [33m0[39m },
  enabled: [33mtrue[39m,
  registered: [32m'2023-01-19 05:20:53'[39m,
  payment: {
    paypal: { [32m'0'[39m: [32m'email'[39m, email: [32m'paypal@g.c'[39m },
    bank: {
      ac_name: [32m'account name'[39m,
      ac_type: [32m'personal'[39m,
      ac_number: [32m'1234567'[39m,
      bank_name: [32m'bank name'[39m,
      bank_addr: [32m'bank address'[39m,
      routing_number: [32m'123456'[39m,
      iban: [32m'123456'[39m,
      swift: [32m'12345'[39m
    },
    stripe: [33mfalse[39m
  },
  trusted: [33mtrue[39m,
  store_open_close: {
    enabled: [33mfalse[39m,
    time: {
      enabled: [33mfalse[39m,
      time: [],
      open_notice: [32m'Store is open'[39m,
      close_notice: [32m'Store is closed'[39m
    },
    open_notice: [32m'Store is open'[39m,
    close_notice: [32m'Store is closed'[39m
  },
  company_name: [32m''[39m,
  vat_number: [32m''[39m,
  company_id_number: [32m''[39m,
  bank_name: [32m''[39m,
  bank_iban: [32m''[39m,
  admin_commission: [32m''[39m,
  admin_additional_fee: [32m''[39m,
  admin_commission_type: [32m''[39m,
  _links: { self: [ [36m[Object][39m ], collection: [ [36m[Object][39m ] }
}
]]>
</system-out>
</testcase>
</testsuite>
</testsuites>