<testsuites id="" name="" tests="1" failures="1" skipped="0" errors="0" time="2.327658999999985">
<testsuite name="api/reverseWithdrawal.spec.ts" timestamp="1670928896291" hostname="" tests="1" failures="1" skipped="0" time="0.005" errors="0">
<testcase name="reverse withdrawal api test get all reverse withdrawal stores" classname="[chromium] › api/reverseWithdrawal.spec.ts › reverse withdrawal api test › get all reverse withdrawal stores" time="0.005">
<failure message="reverseWithdrawal.spec.ts:30:10 get all reverse withdrawal stores" type="FAILURE">
<![CDATA[  [chromium] › api/reverseWithdrawal.spec.ts:30:10 › reverse withdrawal api test › get all reverse withdrawal stores 

    TypeError: Cannot read property 'id' of undefined

       at ../utils/apiUtils.ts:148

      146 |         let response = await this.request.post(endPoints.createProduct, { data: payload, headers: auth })
      147 |         let responseBody = await this.getResponseBody(response)
    > 148 |         let productId = responseBody.id
          |                                      ^
      149 |         // console.log(productId)
      150 |         return [responseBody, productId]
      151 |     }

        at ApiUtils.createProduct (/home/runner/work/dokan/dokan/tests/e2e/utils/apiUtils.ts:148:38)
        at ApiUtils.createOrder (/home/runner/work/dokan/dokan/tests/e2e/utils/apiUtils.ts:943:29)
        at ApiUtils.createOrderWithStatus (/home/runner/work/dokan/dokan/tests/e2e/utils/apiUtils.ts:956:27)
        at /home/runner/work/dokan/dokan/tests/e2e/tests/api/reverseWithdrawal.spec.ts:11:5
]]>
</failure>
<system-out>
<![CDATA[Error:  Unexpected token < in JSON at position 0
Response text:  <!DOCTYPE HTML PUBLIC "-//IETF//DTD HTML 2.0//EN">
<html><head>
<title>404 Not Found</title>
</head><body>
<h1>Not Found</h1>
<p>The requested URL was not found on this server.</p>
<hr>
<address>Apache/2.4.54 (Debian) Server at localhost Port 8889</address>
</body></html>

]]>
</system-out>
</testcase>
</testsuite>
</testsuites>