<testsuites id="" name="" tests="106" failures="0" skipped="106" errors="0" time="34.64315099999995">
<testsuite name="_setupApi.spec.ts" timestamp="1674807055576" hostname="" tests="29" failures="0" skipped="29" time="0" errors="0">
<testcase name="setup test api check active plugins " classname="[chromium] › _setupApi.spec.ts › setup test api › check active plugins " time="0">
<skipped>
</skipped>
</testcase>
<testcase name="setup test api set wp settings" classname="[chromium] › _setupApi.spec.ts › setup test api › set wp settings" time="0">
<skipped>
</skipped>
</testcase>
<testcase name="setup test api set wc settings" classname="[chromium] › _setupApi.spec.ts › setup test api › set wc settings" time="0">
<skipped>
</skipped>
</testcase>
<testcase name="setup test api set tax rate" classname="[chromium] › _setupApi.spec.ts › setup test api › set tax rate" time="0">
<skipped>
</skipped>
</testcase>
<testcase name="setup test api set shipping methods" classname="[chromium] › _setupApi.spec.ts › setup test api › set shipping methods" time="0">
<skipped>
</skipped>
</testcase>
<testcase name="setup test api set basic payments" classname="[chromium] › _setupApi.spec.ts › setup test api › set basic payments" time="0">
<skipped>
</skipped>
</testcase>
<testcase name="setup test api add categories and attributes" classname="[chromium] › _setupApi.spec.ts › setup test api › add categories and attributes" time="0">
<skipped>
</skipped>
</testcase>
<testcase name="setup test api add test vendor" classname="[chromium] › _setupApi.spec.ts › setup test api › add test vendor" time="0">
<skipped>
</skipped>
</testcase>
<testcase name="setup test api add test vendor1 rma settings" classname="[chromium] › _setupApi.spec.ts › setup test api › add test vendor1 rma settings" time="0">
<skipped>
</skipped>
</testcase>
<testcase name="setup test api admin add test vendor products " classname="[chromium] › _setupApi.spec.ts › setup test api › admin add test vendor products " time="0">
<skipped>
</skipped>
</testcase>
<testcase name="setup test api add test customer" classname="[chromium] › _setupApi.spec.ts › setup test api › add test customer" time="0">
<skipped>
</skipped>
</testcase>
<testcase name="setup test e2e admin set WpSettings" classname="[chromium] › _setupApi.spec.ts › setup test e2e › admin set WpSettings" time="0">
<skipped>
</skipped>
</testcase>
<testcase name="setup test e2e admin set dokan general settings" classname="[chromium] › _setupApi.spec.ts › setup test e2e › admin set dokan general settings" time="0">
<skipped>
</skipped>
</testcase>
<testcase name="setup test e2e admin set dokan selling settings" classname="[chromium] › _setupApi.spec.ts › setup test e2e › admin set dokan selling settings" time="0">
<skipped>
</skipped>
</testcase>
<testcase name="setup test e2e admin set dokan withdraw settings" classname="[chromium] › _setupApi.spec.ts › setup test e2e › admin set dokan withdraw settings" time="0">
<skipped>
</skipped>
</testcase>
<testcase name="setup test e2e admin set dokan page settings" classname="[chromium] › _setupApi.spec.ts › setup test e2e › admin set dokan page settings" time="0">
<skipped>
</skipped>
</testcase>
<testcase name="setup test e2e admin set dokan appearance settings" classname="[chromium] › _setupApi.spec.ts › setup test e2e › admin set dokan appearance settings" time="0">
<skipped>
</skipped>
</testcase>
<testcase name="setup test e2e admin set dokan privacy policy settings" classname="[chromium] › _setupApi.spec.ts › setup test e2e › admin set dokan privacy policy settings" time="0">
<skipped>
</skipped>
</testcase>
<testcase name="setup test e2e admin set dokan store support settings" classname="[chromium] › _setupApi.spec.ts › setup test e2e › admin set dokan store support settings" time="0">
<skipped>
</skipped>
</testcase>
<testcase name="setup test e2e admin set dokan rma settings" classname="[chromium] › _setupApi.spec.ts › setup test e2e › admin set dokan rma settings" time="0">
<skipped>
</skipped>
</testcase>
<testcase name="setup test e2e admin set dokan wholesale settings" classname="[chromium] › _setupApi.spec.ts › setup test e2e › admin set dokan wholesale settings" time="0">
<skipped>
</skipped>
</testcase>
<testcase name="setup test e2e admin set dokan eu compliance settings" classname="[chromium] › _setupApi.spec.ts › setup test e2e › admin set dokan eu compliance settings" time="0">
<skipped>
</skipped>
</testcase>
<testcase name="setup test e2e admin set dokan delivery time settings" classname="[chromium] › _setupApi.spec.ts › setup test e2e › admin set dokan delivery time settings" time="0">
<skipped>
</skipped>
</testcase>
<testcase name="setup test e2e admin set dokan product advertising settings" classname="[chromium] › _setupApi.spec.ts › setup test e2e › admin set dokan product advertising settings" time="0">
<skipped>
</skipped>
</testcase>
<testcase name="setup test e2e admin set dokan geolocation settings" classname="[chromium] › _setupApi.spec.ts › setup test e2e › admin set dokan geolocation settings" time="0">
<skipped>
</skipped>
</testcase>
<testcase name="setup test e2e admin set dokan product report abuse settings" classname="[chromium] › _setupApi.spec.ts › setup test e2e › admin set dokan product report abuse settings" time="0">
<skipped>
</skipped>
</testcase>
<testcase name="setup test e2e admin set dokan spmv settings" classname="[chromium] › _setupApi.spec.ts › setup test e2e › admin set dokan spmv settings" time="0">
<skipped>
</skipped>
</testcase>
<testcase name="setup test e2e admin set dokan vendor subscription settings" classname="[chromium] › _setupApi.spec.ts › setup test e2e › admin set dokan vendor subscription settings" time="0">
<skipped>
</skipped>
</testcase>
<testcase name="setup test e2e admin add dokan subscription" classname="[chromium] › _setupApi.spec.ts › setup test e2e › admin add dokan subscription" time="0">
<skipped>
</skipped>
</testcase>
</testsuite>
<testsuite name="admin.spec.ts" timestamp="1674807055576" hostname="" tests="31" failures="0" skipped="31" time="0" errors="0">
<testcase name="admin can login" classname="[chromium] › admin.spec.ts › admin can login" time="0">
<skipped>
</skipped>
</testcase>
<testcase name="admin can logout" classname="[chromium] › admin.spec.ts › admin can logout" time="0">
<skipped>
</skipped>
</testcase>
<testcase name="Admin functionality test admin can set dokan setup wizard" classname="[chromium] › admin.spec.ts › Admin functionality test › admin can set dokan setup wizard" time="0">
<skipped>
</skipped>
</testcase>
<testcase name="Admin functionality test admin can add vendor" classname="[chromium] › admin.spec.ts › Admin functionality test › admin can add vendor" time="0">
<skipped>
</skipped>
</testcase>
<testcase name="Admin functionality test admin can add simple product" classname="[chromium] › admin.spec.ts › Admin functionality test › admin can add simple product" time="0">
<skipped>
</skipped>
</testcase>
<testcase name="Admin functionality test admin can add variable product" classname="[chromium] › admin.spec.ts › Admin functionality test › admin can add variable product" time="0">
<skipped>
</skipped>
</testcase>
<testcase name="Admin functionality test admin can add simple subscription " classname="[chromium] › admin.spec.ts › Admin functionality test › admin can add simple subscription " time="0">
<skipped>
</skipped>
</testcase>
<testcase name="Admin functionality test admin can add variable subscription " classname="[chromium] › admin.spec.ts › Admin functionality test › admin can add variable subscription " time="0">
<skipped>
</skipped>
</testcase>
<testcase name="Admin functionality test admin can add external product" classname="[chromium] › admin.spec.ts › Admin functionality test › admin can add external product" time="0">
<skipped>
</skipped>
</testcase>
<testcase name="Admin functionality test admin can add vendor subscription " classname="[chromium] › admin.spec.ts › Admin functionality test › admin can add vendor subscription " time="0">
<skipped>
</skipped>
</testcase>
<testcase name="Admin functionality test admin can add auction product" classname="[chromium] › admin.spec.ts › Admin functionality test › admin can add auction product" time="0">
<skipped>
</skipped>
</testcase>
<testcase name="Admin functionality test admin can add booking product" classname="[chromium] › admin.spec.ts › Admin functionality test › admin can add booking product" time="0">
<skipped>
</skipped>
</testcase>
<testcase name="Admin functionality test admin can add categories" classname="[chromium] › admin.spec.ts › Admin functionality test › admin can add categories" time="0">
<skipped>
</skipped>
</testcase>
<testcase name="Admin functionality test admin can add attributes" classname="[chromium] › admin.spec.ts › Admin functionality test › admin can add attributes" time="0">
<skipped>
</skipped>
</testcase>
<testcase name="Admin functionality test admin can set standard tax rate" classname="[chromium] › admin.spec.ts › Admin functionality test › admin can set standard tax rate" time="0">
<skipped>
</skipped>
</testcase>
<testcase name="Admin functionality test admin can set dokan general settings" classname="[chromium] › admin.spec.ts › Admin functionality test › admin can set dokan general settings" time="0">
<skipped>
</skipped>
</testcase>
<testcase name="Admin functionality test admin can set dokan selling settings" classname="[chromium] › admin.spec.ts › Admin functionality test › admin can set dokan selling settings" time="0">
<skipped>
</skipped>
</testcase>
<testcase name="Admin functionality test admin can set dokan withdraw settings" classname="[chromium] › admin.spec.ts › Admin functionality test › admin can set dokan withdraw settings" time="0">
<skipped>
</skipped>
</testcase>
<testcase name="Admin functionality test admin can set dokan page settings" classname="[chromium] › admin.spec.ts › Admin functionality test › admin can set dokan page settings" time="0">
<skipped>
</skipped>
</testcase>
<testcase name="Admin functionality test admin can set dokan appearance settings" classname="[chromium] › admin.spec.ts › Admin functionality test › admin can set dokan appearance settings" time="0">
<skipped>
</skipped>
</testcase>
<testcase name="Admin functionality test admin can set dokan privacy policy settings" classname="[chromium] › admin.spec.ts › Admin functionality test › admin can set dokan privacy policy settings" time="0">
<skipped>
</skipped>
</testcase>
<testcase name="Admin functionality test admin can set dokan store support settings" classname="[chromium] › admin.spec.ts › Admin functionality test › admin can set dokan store support settings" time="0">
<skipped>
</skipped>
</testcase>
<testcase name="Admin functionality test admin can set dokan rma settings" classname="[chromium] › admin.spec.ts › Admin functionality test › admin can set dokan rma settings" time="0">
<skipped>
</skipped>
</testcase>
<testcase name="Admin functionality test admin can set dokan wholesale settings" classname="[chromium] › admin.spec.ts › Admin functionality test › admin can set dokan wholesale settings" time="0">
<skipped>
</skipped>
</testcase>
<testcase name="Admin functionality test admin can set dokan eu compliance settings" classname="[chromium] › admin.spec.ts › Admin functionality test › admin can set dokan eu compliance settings" time="0">
<skipped>
</skipped>
</testcase>
<testcase name="Admin functionality test admin can set dokan delivery time settings" classname="[chromium] › admin.spec.ts › Admin functionality test › admin can set dokan delivery time settings" time="0">
<skipped>
</skipped>
</testcase>
<testcase name="Admin functionality test admin can set dokan product advertising settings" classname="[chromium] › admin.spec.ts › Admin functionality test › admin can set dokan product advertising settings" time="0">
<skipped>
</skipped>
</testcase>
<testcase name="Admin functionality test admin can set dokan geolocation settings" classname="[chromium] › admin.spec.ts › Admin functionality test › admin can set dokan geolocation settings" time="0">
<skipped>
</skipped>
</testcase>
<testcase name="Admin functionality test admin can set dokan product report abuse settings" classname="[chromium] › admin.spec.ts › Admin functionality test › admin can set dokan product report abuse settings" time="0">
<skipped>
</skipped>
</testcase>
<testcase name="Admin functionality test admin can set dokan spmv settings" classname="[chromium] › admin.spec.ts › Admin functionality test › admin can set dokan spmv settings" time="0">
<skipped>
</skipped>
</testcase>
<testcase name="Admin functionality test admin can set dokan vendor subscription settings" classname="[chromium] › admin.spec.ts › Admin functionality test › admin can set dokan vendor subscription settings" time="0">
<skipped>
</skipped>
</testcase>
</testsuite>
<testsuite name="customer.spec.ts" timestamp="1674807055576" hostname="" tests="19" failures="0" skipped="19" time="0" errors="0">
<testcase name="Customer functionality test customer register" classname="[chromium] › customer.spec.ts › Customer functionality test › customer register" time="0">
<skipped>
</skipped>
</testcase>
<testcase name="Customer functionality test customer login" classname="[chromium] › customer.spec.ts › Customer functionality test › customer login" time="0">
<skipped>
</skipped>
</testcase>
<testcase name="Customer functionality test customer logout" classname="[chromium] › customer.spec.ts › Customer functionality test › customer logout" time="0">
<skipped>
</skipped>
</testcase>
<testcase name="Customer functionality test customer become a vendor" classname="[chromium] › customer.spec.ts › Customer functionality test › customer become a vendor" time="0">
<skipped>
</skipped>
</testcase>
<testcase name="Customer functionality test customer become a wholesale customer" classname="[chromium] › customer.spec.ts › Customer functionality test › customer become a wholesale customer" time="0">
<skipped>
</skipped>
</testcase>
<testcase name="Customer functionality test customer add customer details" classname="[chromium] › customer.spec.ts › Customer functionality test › customer add customer details" time="0">
<skipped>
</skipped>
</testcase>
<testcase name="Customer functionality test customer add billing details" classname="[chromium] › customer.spec.ts › Customer functionality test › customer add billing details" time="0">
<skipped>
</skipped>
</testcase>
<testcase name="Customer functionality test customer add shipping details" classname="[chromium] › customer.spec.ts › Customer functionality test › customer add shipping details" time="0">
<skipped>
</skipped>
</testcase>
<testcase name="Customer functionality test customer search vendor" classname="[chromium] › customer.spec.ts › Customer functionality test › customer search vendor" time="0">
<skipped>
</skipped>
</testcase>
<testcase name="Customer functionality test customer search product   @product" classname="[chromium] › customer.spec.ts › Customer functionality test › customer search product   @product" time="0">
<skipped>
</skipped>
</testcase>
<testcase name="Customer functionality test customer buy product" classname="[chromium] › customer.spec.ts › Customer functionality test › customer buy product" time="0">
<skipped>
</skipped>
</testcase>
<testcase name="Customer functionality test customer can review product" classname="[chromium] › customer.spec.ts › Customer functionality test › customer can review product" time="0">
<skipped>
</skipped>
</testcase>
<testcase name="Customer functionality test customer can report product" classname="[chromium] › customer.spec.ts › Customer functionality test › customer can report product" time="0">
<skipped>
</skipped>
</testcase>
<testcase name="Customer functionality test customer can enquire product" classname="[chromium] › customer.spec.ts › Customer functionality test › customer can enquire product" time="0">
<skipped>
</skipped>
</testcase>
<testcase name="Customer functionality test customer can add product to cart" classname="[chromium] › customer.spec.ts › Customer functionality test › customer can add product to cart" time="0">
<skipped>
</skipped>
</testcase>
<testcase name="Customer functionality test customer can apply coupon" classname="[chromium] › customer.spec.ts › Customer functionality test › customer can apply coupon" time="0">
<skipped>
</skipped>
</testcase>
<testcase name="Customer functionality test customer can follow vendor @pro" classname="[chromium] › customer.spec.ts › Customer functionality test › customer can follow vendor @pro" time="0">
<skipped>
</skipped>
</testcase>
<testcase name="Customer functionality test customer can review store" classname="[chromium] › customer.spec.ts › Customer functionality test › customer can review store" time="0">
<skipped>
</skipped>
</testcase>
<testcase name="Customer functionality test customer can ask for get support " classname="[chromium] › customer.spec.ts › Customer functionality test › customer can ask for get support " time="0">
<skipped>
</skipped>
</testcase>
</testsuite>
<testsuite name="vendor.spec.ts" timestamp="1674807055576" hostname="" tests="27" failures="0" skipped="27" time="0" errors="0">
<testcase name="Vendor functionality test vendor can add simple product @product" classname="[chromium] › vendor.spec.ts › Vendor functionality test › vendor can add simple product @product" time="0">
<skipped>
</skipped>
</testcase>
<testcase name="Vendor functionality test vendor can add variable product" classname="[chromium] › vendor.spec.ts › Vendor functionality test › vendor can add variable product" time="0">
<skipped>
</skipped>
</testcase>
<testcase name="Vendor functionality test vendor can add simple subscription product" classname="[chromium] › vendor.spec.ts › Vendor functionality test › vendor can add simple subscription product" time="0">
<skipped>
</skipped>
</testcase>
<testcase name="Vendor functionality test vendor can add variable subscription product" classname="[chromium] › vendor.spec.ts › Vendor functionality test › vendor can add variable subscription product" time="0">
<skipped>
</skipped>
</testcase>
<testcase name="Vendor functionality test vendor can add external product" classname="[chromium] › vendor.spec.ts › Vendor functionality test › vendor can add external product" time="0">
<skipped>
</skipped>
</testcase>
<testcase name="Vendor functionality test vendor can add auction product" classname="[chromium] › vendor.spec.ts › Vendor functionality test › vendor can add auction product" time="0">
<skipped>
</skipped>
</testcase>
<testcase name="Vendor functionality test vendor can add booking product" classname="[chromium] › vendor.spec.ts › Vendor functionality test › vendor can add booking product" time="0">
<skipped>
</skipped>
</testcase>
<testcase name="Vendor functionality test vendor can add coupon" classname="[chromium] › vendor.spec.ts › Vendor functionality test › vendor can add coupon" time="0">
<skipped>
</skipped>
</testcase>
<testcase name="Vendor functionality test vendor can request withdraw" classname="[chromium] › vendor.spec.ts › Vendor functionality test › vendor can request withdraw" time="0">
<skipped>
</skipped>
</testcase>
<testcase name="Vendor functionality test vendor can cancel request withdraw" classname="[chromium] › vendor.spec.ts › Vendor functionality test › vendor can cancel request withdraw" time="0">
<skipped>
</skipped>
</testcase>
<testcase name="Vendor functionality test vendor can add auto withdraw disbursement schedule" classname="[chromium] › vendor.spec.ts › Vendor functionality test › vendor can add auto withdraw disbursement schedule" time="0">
<skipped>
</skipped>
</testcase>
<testcase name="Vendor functionality test vendor can add default withdraw payment methods " classname="[chromium] › vendor.spec.ts › Vendor functionality test › vendor can add default withdraw payment methods " time="0">
<skipped>
</skipped>
</testcase>
<testcase name="Vendor functionality test vendor can set store settings " classname="[chromium] › vendor.spec.ts › Vendor functionality test › vendor can set store settings " time="0">
<skipped>
</skipped>
</testcase>
<testcase name="Vendor functionality test vendor can add addons" classname="[chromium] › vendor.spec.ts › Vendor functionality test › vendor can add addons" time="0">
<skipped>
</skipped>
</testcase>
<testcase name="Vendor functionality test vendor can edit addon" classname="[chromium] › vendor.spec.ts › Vendor functionality test › vendor can edit addon" time="0">
<skipped>
</skipped>
</testcase>
<testcase name="Vendor functionality test vendor can send id verification request " classname="[chromium] › vendor.spec.ts › Vendor functionality test › vendor can send id verification request " time="0">
<skipped>
</skipped>
</testcase>
<testcase name="Vendor functionality test vendor can send address verification request " classname="[chromium] › vendor.spec.ts › Vendor functionality test › vendor can send address verification request " time="0">
<skipped>
</skipped>
</testcase>
<testcase name="Vendor functionality test vendor can send company verification request " classname="[chromium] › vendor.spec.ts › Vendor functionality test › vendor can send company verification request " time="0">
<skipped>
</skipped>
</testcase>
<testcase name="Vendor functionality test vendor can set delivery time settings " classname="[chromium] › vendor.spec.ts › Vendor functionality test › vendor can set delivery time settings " time="0">
<skipped>
</skipped>
</testcase>
<testcase name="Vendor functionality test vendor can set shipping policy" classname="[chromium] › vendor.spec.ts › Vendor functionality test › vendor can set shipping policy" time="0">
<skipped>
</skipped>
</testcase>
<testcase name="Vendor functionality test vendor can set flat rate shipping " classname="[chromium] › vendor.spec.ts › Vendor functionality test › vendor can set flat rate shipping " time="0">
<skipped>
</skipped>
</testcase>
<testcase name="Vendor functionality test vendor can set free shipping " classname="[chromium] › vendor.spec.ts › Vendor functionality test › vendor can set free shipping " time="0">
<skipped>
</skipped>
</testcase>
<testcase name="Vendor functionality test vendor can set local pickup shipping " classname="[chromium] › vendor.spec.ts › Vendor functionality test › vendor can set local pickup shipping " time="0">
<skipped>
</skipped>
</testcase>
<testcase name="Vendor functionality test vendor can set table rate shipping shipping " classname="[chromium] › vendor.spec.ts › Vendor functionality test › vendor can set table rate shipping shipping " time="0">
<skipped>
</skipped>
</testcase>
<testcase name="Vendor functionality test vendor can set dokan distance rate shipping " classname="[chromium] › vendor.spec.ts › Vendor functionality test › vendor can set dokan distance rate shipping " time="0">
<skipped>
</skipped>
</testcase>
<testcase name="Vendor functionality test vendor can set social profile settings " classname="[chromium] › vendor.spec.ts › Vendor functionality test › vendor can set social profile settings " time="0">
<skipped>
</skipped>
</testcase>
<testcase name="Vendor functionality test vendor can set rma settings " classname="[chromium] › vendor.spec.ts › Vendor functionality test › vendor can set rma settings " time="0">
<skipped>
</skipped>
</testcase>
</testsuite>
</testsuites>