<testsuites id="" name="" tests="7" failures="5" skipped="0" errors="0" time="16.631339999999966">
<testsuite name="api/quoteRules.spec.ts" timestamp="1671528248714" hostname="" tests="7" failures="5" skipped="0" time="1.604" errors="0">
<testcase name="quote rules api test get all quote rules" classname="[chromium] › api/quoteRules.spec.ts › quote rules api test › get all quote rules" time="0.24">
<system-out>
<![CDATA[[
  [32m'dokan/dokan'[39m,
  [32m'dokan-pro/dokan-pro'[39m,
  [32m'ba/basic-auth'[39m,
  [32m'woocommerce/woocommerce'[39m,
  [32m'wb/woocommerce-bookings'[39m,
  [32m'wps/woocommerce-product-addons'[39m,
  [32m'wa/woocommerce-simple-auctions'[39m,
  [32m'ws/woocommerce-subscriptions'[39m
]
]]>
</system-out>
</testcase>
<testcase name="quote rules api test get single quote rule" classname="[chromium] › api/quoteRules.spec.ts › quote rules api test › get single quote rule" time="0.208">
<failure message="quoteRules.spec.ts:32:5 get single quote rule" type="FAILURE">
<![CDATA[  [chromium] › api/quoteRules.spec.ts:32:5 › quote rules api test › get single quote rule ==========

    Error: expect(received).toBeTruthy()

    Received: false

      35 |         let response = await request.get(endPoints.getSingleQuoteRule(quoteRuleId))
      36 |         let responseBody = await apiUtils.getResponseBody(response)
    > 37 |         expect(response.ok()).toBeTruthy()
         |                               ^
      38 |     });
      39 |
      40 |     test('create a quote rule', async ({ request }) => {

        at /home/runner/work/dokan/dokan/tests/e2e/tests/api/quoteRules.spec.ts:37:31
]]>
</failure>
</testcase>
<testcase name="quote rules api test create a quote rule" classname="[chromium] › api/quoteRules.spec.ts › quote rules api test › create a quote rule" time="0.192">
<failure message="quoteRules.spec.ts:40:5 create a quote rule" type="FAILURE">
<![CDATA[  [chromium] › api/quoteRules.spec.ts:40:5 › quote rules api test › create a quote rule ============

    Error: expect(received).toBeTruthy()

    Received: false

      41 |         let response = await request.post(endPoints.createQuoteRule, { data: payloads.createQuoteRule() })
      42 |         let responseBody = await apiUtils.getResponseBody(response)
    > 43 |         expect(response.ok()).toBeTruthy()
         |                               ^
      44 |     });
      45 |
      46 |     test('update a quote rule', async ({ request }) => {

        at /home/runner/work/dokan/dokan/tests/e2e/tests/api/quoteRules.spec.ts:43:31
]]>
</failure>
<system-out>
<![CDATA[[
  [32m'dokan/dokan'[39m,
  [32m'dokan-pro/dokan-pro'[39m,
  [32m'ba/basic-auth'[39m,
  [32m'woocommerce/woocommerce'[39m,
  [32m'wb/woocommerce-bookings'[39m,
  [32m'wps/woocommerce-product-addons'[39m,
  [32m'wa/woocommerce-simple-auctions'[39m,
  [32m'ws/woocommerce-subscriptions'[39m
]
]]>
</system-out>
</testcase>
<testcase name="quote rules api test update a quote rule" classname="[chromium] › api/quoteRules.spec.ts › quote rules api test › update a quote rule" time="0.217">
<failure message="quoteRules.spec.ts:46:5 update a quote rule" type="FAILURE">
<![CDATA[  [chromium] › api/quoteRules.spec.ts:46:5 › quote rules api test › update a quote rule ============

    Error: expect(received).toBeTruthy()

    Received: false

      49 |         let response = await request.put(endPoints.updateQuoteRule(quoteRuleId), { data: payloads.updateQuoteRule })
      50 |         let responseBody = await apiUtils.getResponseBody(response)
    > 51 |         expect(response.ok()).toBeTruthy()
         |                               ^
      52 |
      53 |     });
      54 |

        at /home/runner/work/dokan/dokan/tests/e2e/tests/api/quoteRules.spec.ts:51:31
]]>
</failure>
<system-out>
<![CDATA[[
  [32m'dokan/dokan'[39m,
  [32m'dokan-pro/dokan-pro'[39m,
  [32m'ba/basic-auth'[39m,
  [32m'woocommerce/woocommerce'[39m,
  [32m'wb/woocommerce-bookings'[39m,
  [32m'wps/woocommerce-product-addons'[39m,
  [32m'wa/woocommerce-simple-auctions'[39m,
  [32m'ws/woocommerce-subscriptions'[39m
]
]]>
</system-out>
</testcase>
<testcase name="quote rules api test delete a quote rule" classname="[chromium] › api/quoteRules.spec.ts › quote rules api test › delete a quote rule" time="0.183">
<failure message="quoteRules.spec.ts:55:5 delete a quote rule" type="FAILURE">
<![CDATA[  [chromium] › api/quoteRules.spec.ts:55:5 › quote rules api test › delete a quote rule ============

    Error: expect(received).toBeTruthy()

    Received: false

      58 |         let response = await request.delete(endPoints.deleteQuoteRule(quoteRuleId))
      59 |         let responseBody = await apiUtils.getResponseBody(response)
    > 60 |         expect(response.ok()).toBeTruthy()
         |                               ^
      61 |     });
      62 |
      63 |     test('restore a deleted quote rule', async ({ request }) => {

        at /home/runner/work/dokan/dokan/tests/e2e/tests/api/quoteRules.spec.ts:60:31
]]>
</failure>
<system-out>
<![CDATA[[
  [32m'dokan/dokan'[39m,
  [32m'dokan-pro/dokan-pro'[39m,
  [32m'ba/basic-auth'[39m,
  [32m'woocommerce/woocommerce'[39m,
  [32m'wb/woocommerce-bookings'[39m,
  [32m'wps/woocommerce-product-addons'[39m,
  [32m'wa/woocommerce-simple-auctions'[39m,
  [32m'ws/woocommerce-subscriptions'[39m
]
]]>
</system-out>
</testcase>
<testcase name="quote rules api test restore a deleted quote rule" classname="[chromium] › api/quoteRules.spec.ts › quote rules api test › restore a deleted quote rule" time="0.185">
<failure message="quoteRules.spec.ts:63:5 restore a deleted quote rule" type="FAILURE">
<![CDATA[  [chromium] › api/quoteRules.spec.ts:63:5 › quote rules api test › restore a deleted quote rule ===

    Error: expect(received).toBeTruthy()

    Received: false

      67 |         let response = await request.put(endPoints.restoreQuoteRule(quoteRuleId))
      68 |         let responseBody = await apiUtils.getResponseBody(response)
    > 69 |         expect(response.ok()).toBeTruthy()
         |                               ^
      70 |     });
      71 |
      72 |     test('update batch quote rules', async ({ request }) => {

        at /home/runner/work/dokan/dokan/tests/e2e/tests/api/quoteRules.spec.ts:69:31
]]>
</failure>
<system-out>
<![CDATA[[
  [32m'dokan/dokan'[39m,
  [32m'dokan-pro/dokan-pro'[39m,
  [32m'ba/basic-auth'[39m,
  [32m'woocommerce/woocommerce'[39m,
  [32m'wb/woocommerce-bookings'[39m,
  [32m'wps/woocommerce-product-addons'[39m,
  [32m'wa/woocommerce-simple-auctions'[39m,
  [32m'ws/woocommerce-subscriptions'[39m
]
]]>
</system-out>
</testcase>
<testcase name="quote rules api test update batch quote rules" classname="[chromium] › api/quoteRules.spec.ts › quote rules api test › update batch quote rules" time="0.379">
<system-out>
<![CDATA[[
  [32m'dokan/dokan'[39m,
  [32m'dokan-pro/dokan-pro'[39m,
  [32m'ba/basic-auth'[39m,
  [32m'woocommerce/woocommerce'[39m,
  [32m'wb/woocommerce-bookings'[39m,
  [32m'wps/woocommerce-product-addons'[39m,
  [32m'wa/woocommerce-simple-auctions'[39m,
  [32m'ws/woocommerce-subscriptions'[39m
]
]]>
</system-out>
</testcase>
</testsuite>
</testsuites>