<testsuites id="" name="" tests="6" failures="0" skipped="0" errors="0" time="5.00016399999999">
<testsuite name="api/customers.spec.ts" timestamp="1671010613559" hostname="" tests="6" failures="0" skipped="0" time="1.358" errors="0">
<testcase name="customers api test get all customers" classname="[chromium] › api/customers.spec.ts › customers api test › get all customers" time="0.192">
<system-out>
<![CDATA[hellow customer
]]>
</system-out>
</testcase>
<testcase name="customers api test get single customer" classname="[chromium] › api/customers.spec.ts › customers api test › get single customer" time="0.193">
</testcase>
<testcase name="customers api test create a customer" classname="[chromium] › api/customers.spec.ts › customers api test › create a customer" time="0.248">
</testcase>
<testcase name="customers api test update a customer" classname="[chromium] › api/customers.spec.ts › customers api test › update a customer" time="0.202">
</testcase>
<testcase name="customers api test delete a customer" classname="[chromium] › api/customers.spec.ts › customers api test › delete a customer" time="0.195">
</testcase>
<testcase name="customers api test update batch customers" classname="[chromium] › api/customers.spec.ts › customers api test › update batch customers" time="0.328">
</testcase>
</testsuite>
</testsuites>