<testsuites id="" name="" tests="1" failures="1" skipped="0" errors="0" time="2.1797729999999866">
<testsuite name="admin.spec.ts" timestamp="1675135877538" hostname="" tests="1" failures="1" skipped="0" time="0.002" errors="0">
<testcase name="Admin functionality test admin can add simple product" classname="[chromium] › admin.spec.ts › Admin functionality test › admin can add simple product" time="0.002">
<failure message="admin.spec.ts:47:10 admin can add simple product" type="FAILURE">
<![CDATA[  [chromium] › admin.spec.ts:47:10 › Admin functionality test › admin can add simple product =======

    Error: ENOENT: no such file or directory, open 'adminStorageState.json'


]]>
</failure>
</testcase>
</testsuite>
</testsuites>