<testsuites id="" name="" tests="198" failures="141" skipped="44" errors="0" time="676.9579689999999">
<testsuite name="_setup.spec.ts" timestamp="1674073035097" hostname="" tests="3" failures="3" skipped="0" time="1.824" errors="0">
<testcase name=" api test setup test store settings" classname="_setup.spec.ts ›  api test › setup test store settings" time="0.776">
<failure message="_setup.spec.ts:19:9 setup test store settings" type="FAILURE">
<![CDATA[  _setup.spec.ts:19:9 ›  api test › setup test store settings ======================================

    Error: expect(received).toBeTruthy()

    Received: false

      20 |         let response = await request.put(endPoints.updateSettings, { data: payloads.setupStore })
      21 |         let responseBody = await apiUtils.getResponseBody(response)
    > 22 |         expect(response.ok()).toBeTruthy()
         |                               ^
      23 |     });
      24 |
      25 |     test('create test customer', async ({ request }) => {

        at /home/runner/work/dokan/dokan/tests/api/tests/_setup.spec.ts:22:31

    Retry #1 ---------------------------------------------------------------------------------------

    Error: expect(received).toBeTruthy()

    Received: false

      20 |         let response = await request.put(endPoints.updateSettings, { data: payloads.setupStore })
      21 |         let responseBody = await apiUtils.getResponseBody(response)
    > 22 |         expect(response.ok()).toBeTruthy()
         |                               ^
      23 |     });
      24 |
      25 |     test('create test customer', async ({ request }) => {

        at /home/runner/work/dokan/dokan/tests/api/tests/_setup.spec.ts:22:31

    Retry #2 ---------------------------------------------------------------------------------------

    Error: expect(received).toBeTruthy()

    Received: false

      20 |         let response = await request.put(endPoints.updateSettings, { data: payloads.setupStore })
      21 |         let responseBody = await apiUtils.getResponseBody(response)
    > 22 |         expect(response.ok()).toBeTruthy()
         |                               ^
      23 |     });
      24 |
      25 |     test('create test customer', async ({ request }) => {

        at /home/runner/work/dokan/dokan/tests/api/tests/_setup.spec.ts:22:31
]]>
</failure>
</testcase>
<testcase name=" api test create test customer" classname="_setup.spec.ts ›  api test › create test customer" time="0.531">
<failure message="_setup.spec.ts:25:9 create test customer" type="FAILURE">
<![CDATA[  _setup.spec.ts:25:9 ›  api test › create test customer ===========================================

    Error: expect(received).toBeTruthy()

    Received: false

      26 |         let response = await request.post(endPoints.createCustomer, { data: payloads.createCustomer1 })
      27 |         let responseBody = await apiUtils.getResponseBody(response)
    > 28 |         responseBody.code === 'registration-error-email-exists' ? expect(response.status()).toBe(400) : expect(response.ok()).toBeTruthy()
         |                                                                                                                               ^
      29 |     });
      30 |
      31 |     test('create test vendor', async ({ request }) => {

        at /home/runner/work/dokan/dokan/tests/api/tests/_setup.spec.ts:28:127

    Retry #1 ---------------------------------------------------------------------------------------

    Error: expect(received).toBeTruthy()

    Received: false

      26 |         let response = await request.post(endPoints.createCustomer, { data: payloads.createCustomer1 })
      27 |         let responseBody = await apiUtils.getResponseBody(response)
    > 28 |         responseBody.code === 'registration-error-email-exists' ? expect(response.status()).toBe(400) : expect(response.ok()).toBeTruthy()
         |                                                                                                                               ^
      29 |     });
      30 |
      31 |     test('create test vendor', async ({ request }) => {

        at /home/runner/work/dokan/dokan/tests/api/tests/_setup.spec.ts:28:127

    Retry #2 ---------------------------------------------------------------------------------------

    Error: expect(received).toBeTruthy()

    Received: false

      26 |         let response = await request.post(endPoints.createCustomer, { data: payloads.createCustomer1 })
      27 |         let responseBody = await apiUtils.getResponseBody(response)
    > 28 |         responseBody.code === 'registration-error-email-exists' ? expect(response.status()).toBe(400) : expect(response.ok()).toBeTruthy()
         |                                                                                                                               ^
      29 |     });
      30 |
      31 |     test('create test vendor', async ({ request }) => {

        at /home/runner/work/dokan/dokan/tests/api/tests/_setup.spec.ts:28:127
]]>
</failure>
</testcase>
<testcase name=" api test create test vendor" classname="_setup.spec.ts ›  api test › create test vendor" time="0.517">
<failure message="_setup.spec.ts:31:9 create test vendor" type="FAILURE">
<![CDATA[  _setup.spec.ts:31:9 ›  api test › create test vendor =============================================

    Error: expect(received).toBeTruthy()

    Received: false

      32 |         let response = await request.post(endPoints.createStore, { data: payloads.createStore1 })
      33 |         let responseBody = await apiUtils.getResponseBody(response)
    > 34 |         responseBody.code === 'existing_user_login' ? expect(response.status()).toBe(500) : expect(response.ok()).toBeTruthy()
         |                                                                                                                   ^
      35 |     });
      36 |
      37 | });

        at /home/runner/work/dokan/dokan/tests/api/tests/_setup.spec.ts:34:115

    Retry #1 ---------------------------------------------------------------------------------------

    Error: expect(received).toBeTruthy()

    Received: false

      32 |         let response = await request.post(endPoints.createStore, { data: payloads.createStore1 })
      33 |         let responseBody = await apiUtils.getResponseBody(response)
    > 34 |         responseBody.code === 'existing_user_login' ? expect(response.status()).toBe(500) : expect(response.ok()).toBeTruthy()
         |                                                                                                                   ^
      35 |     });
      36 |
      37 | });

        at /home/runner/work/dokan/dokan/tests/api/tests/_setup.spec.ts:34:115

    Retry #2 ---------------------------------------------------------------------------------------

    Error: expect(received).toBeTruthy()

    Received: false

      32 |         let response = await request.post(endPoints.createStore, { data: payloads.createStore1 })
      33 |         let responseBody = await apiUtils.getResponseBody(response)
    > 34 |         responseBody.code === 'existing_user_login' ? expect(response.status()).toBe(500) : expect(response.ok()).toBeTruthy()
         |                                                                                                                   ^
      35 |     });
      36 |
      37 | });

        at /home/runner/work/dokan/dokan/tests/api/tests/_setup.spec.ts:34:115
]]>
</failure>
</testcase>
</testsuite>
<testsuite name="abuseReports.spec.ts" timestamp="1674073035097" hostname="" tests="4" failures="2" skipped="2" time="0.979" errors="0">
<testcase name="abuse report api test get all abuse report reasons @pro" classname="abuseReports.spec.ts › abuse report api test › get all abuse report reasons @pro" time="0.484">
<failure message="abuseReports.spec.ts:18:9 get all abuse report reasons @pro" type="FAILURE">
<![CDATA[  abuseReports.spec.ts:18:9 › abuse report api test › get all abuse report reasons @pro ============

    Error: expect(received).toBeTruthy()

    Received: false

      19 |         let response = await request.get(endPoints.getAllAbuseReportReasons)
      20 |         let responseBody = await apiUtils.getResponseBody(response)
    > 21 |         expect(response.ok()).toBeTruthy()
         |                               ^
      22 |     });
      23 |
      24 |     test('get all abuse reports @pro', async ({ request }) => {

        at /home/runner/work/dokan/dokan/tests/api/tests/abuseReports.spec.ts:21:31

    Retry #1 ---------------------------------------------------------------------------------------

    Error: expect(received).toBeTruthy()

    Received: false

      19 |         let response = await request.get(endPoints.getAllAbuseReportReasons)
      20 |         let responseBody = await apiUtils.getResponseBody(response)
    > 21 |         expect(response.ok()).toBeTruthy()
         |                               ^
      22 |     });
      23 |
      24 |     test('get all abuse reports @pro', async ({ request }) => {

        at /home/runner/work/dokan/dokan/tests/api/tests/abuseReports.spec.ts:21:31

    Retry #2 ---------------------------------------------------------------------------------------

    Error: expect(received).toBeTruthy()

    Received: false

      19 |         let response = await request.get(endPoints.getAllAbuseReportReasons)
      20 |         let responseBody = await apiUtils.getResponseBody(response)
    > 21 |         expect(response.ok()).toBeTruthy()
         |                               ^
      22 |     });
      23 |
      24 |     test('get all abuse reports @pro', async ({ request }) => {

        at /home/runner/work/dokan/dokan/tests/api/tests/abuseReports.spec.ts:21:31
]]>
</failure>
</testcase>
<testcase name="abuse report api test get all abuse reports @pro" classname="abuseReports.spec.ts › abuse report api test › get all abuse reports @pro" time="0.49">
<failure message="abuseReports.spec.ts:24:9 get all abuse reports @pro" type="FAILURE">
<![CDATA[  abuseReports.spec.ts:24:9 › abuse report api test › get all abuse reports @pro ===================

    Error: expect(received).toBeTruthy()

    Received: false

      25 |         let response = await request.get(endPoints.getAllAbuseReports)
      26 |         let responseBody = await apiUtils.getResponseBody(response)
    > 27 |         expect(response.ok()).toBeTruthy()
         |                               ^
      28 |     });
      29 |
      30 |     test.skip('delete a abuse report @pro', async ({ request }) => {

        at /home/runner/work/dokan/dokan/tests/api/tests/abuseReports.spec.ts:27:31

    Retry #1 ---------------------------------------------------------------------------------------

    Error: expect(received).toBeTruthy()

    Received: false

      25 |         let response = await request.get(endPoints.getAllAbuseReports)
      26 |         let responseBody = await apiUtils.getResponseBody(response)
    > 27 |         expect(response.ok()).toBeTruthy()
         |                               ^
      28 |     });
      29 |
      30 |     test.skip('delete a abuse report @pro', async ({ request }) => {

        at /home/runner/work/dokan/dokan/tests/api/tests/abuseReports.spec.ts:27:31

    Retry #2 ---------------------------------------------------------------------------------------

    Error: expect(received).toBeTruthy()

    Received: false

      25 |         let response = await request.get(endPoints.getAllAbuseReports)
      26 |         let responseBody = await apiUtils.getResponseBody(response)
    > 27 |         expect(response.ok()).toBeTruthy()
         |                               ^
      28 |     });
      29 |
      30 |     test.skip('delete a abuse report @pro', async ({ request }) => {

        at /home/runner/work/dokan/dokan/tests/api/tests/abuseReports.spec.ts:27:31
]]>
</failure>
</testcase>
<testcase name="abuse report api test delete a abuse report @pro" classname="abuseReports.spec.ts › abuse report api test › delete a abuse report @pro" time="0">
<skipped>
</skipped>
</testcase>
<testcase name="abuse report api test delete batch abuse reports @pro" classname="abuseReports.spec.ts › abuse report api test › delete batch abuse reports @pro" time="0.005">
<skipped>
</skipped>
</testcase>
</testsuite>
<testsuite name="admins.spec.ts" timestamp="1674073035097" hostname="" tests="10" failures="10" skipped="0" time="4.795" errors="0">
<testcase name="admin api test get admin report overview" classname="admins.spec.ts › admin api test › get admin report overview" time="0.474">
<failure message="admins.spec.ts:19:9 get admin report overview" type="FAILURE">
<![CDATA[  admins.spec.ts:19:9 › admin api test › get admin report overview =================================

    Error: expect(received).toBeTruthy()

    Received: false

      20 |         let response = await request.get(endPoints.getAdminReportOverview)
      21 |         let responseBody = await apiUtils.getResponseBody(response)
    > 22 |         expect(response.ok()).toBeTruthy()
         |                               ^
      23 |     });
      24 |
      25 |     test('get admin report summary', async ({ request }) => {

        at /home/runner/work/dokan/dokan/tests/api/tests/admins.spec.ts:22:31

    Retry #1 ---------------------------------------------------------------------------------------

    Error: expect(received).toBeTruthy()

    Received: false

      20 |         let response = await request.get(endPoints.getAdminReportOverview)
      21 |         let responseBody = await apiUtils.getResponseBody(response)
    > 22 |         expect(response.ok()).toBeTruthy()
         |                               ^
      23 |     });
      24 |
      25 |     test('get admin report summary', async ({ request }) => {

        at /home/runner/work/dokan/dokan/tests/api/tests/admins.spec.ts:22:31

    Retry #2 ---------------------------------------------------------------------------------------

    Error: expect(received).toBeTruthy()

    Received: false

      20 |         let response = await request.get(endPoints.getAdminReportOverview)
      21 |         let responseBody = await apiUtils.getResponseBody(response)
    > 22 |         expect(response.ok()).toBeTruthy()
         |                               ^
      23 |     });
      24 |
      25 |     test('get admin report summary', async ({ request }) => {

        at /home/runner/work/dokan/dokan/tests/api/tests/admins.spec.ts:22:31
]]>
</failure>
</testcase>
<testcase name="admin api test get admin report summary" classname="admins.spec.ts › admin api test › get admin report summary" time="0.481">
<failure message="admins.spec.ts:25:9 get admin report summary" type="FAILURE">
<![CDATA[  admins.spec.ts:25:9 › admin api test › get admin report summary ==================================

    Error: expect(received).toBeTruthy()

    Received: false

      26 |         let response = await request.get(endPoints.getAdminReportSummary)
      27 |         let responseBody = await apiUtils.getResponseBody(response)
    > 28 |         expect(response.ok()).toBeTruthy()
         |                               ^
      29 |     });
      30 |
      31 |     test('get admin dashboard feed', async ({ request }) => {

        at /home/runner/work/dokan/dokan/tests/api/tests/admins.spec.ts:28:31

    Retry #1 ---------------------------------------------------------------------------------------

    Error: expect(received).toBeTruthy()

    Received: false

      26 |         let response = await request.get(endPoints.getAdminReportSummary)
      27 |         let responseBody = await apiUtils.getResponseBody(response)
    > 28 |         expect(response.ok()).toBeTruthy()
         |                               ^
      29 |     });
      30 |
      31 |     test('get admin dashboard feed', async ({ request }) => {

        at /home/runner/work/dokan/dokan/tests/api/tests/admins.spec.ts:28:31

    Retry #2 ---------------------------------------------------------------------------------------

    Error: expect(received).toBeTruthy()

    Received: false

      26 |         let response = await request.get(endPoints.getAdminReportSummary)
      27 |         let responseBody = await apiUtils.getResponseBody(response)
    > 28 |         expect(response.ok()).toBeTruthy()
         |                               ^
      29 |     });
      30 |
      31 |     test('get admin dashboard feed', async ({ request }) => {

        at /home/runner/work/dokan/dokan/tests/api/tests/admins.spec.ts:28:31
]]>
</failure>
</testcase>
<testcase name="admin api test get admin dashboard feed" classname="admins.spec.ts › admin api test › get admin dashboard feed" time="0.481">
<failure message="admins.spec.ts:31:9 get admin dashboard feed" type="FAILURE">
<![CDATA[  admins.spec.ts:31:9 › admin api test › get admin dashboard feed ==================================

    Error: expect(received).toBeTruthy()

    Received: false

      32 |         let response = await request.get(endPoints.getAdminDashboardFeed)
      33 |         let responseBody = await apiUtils.getResponseBody(response)
    > 34 |         expect(response.ok()).toBeTruthy()
         |                               ^
      35 |     });
      36 |
      37 |     test('get admin help', async ({ request }) => {

        at /home/runner/work/dokan/dokan/tests/api/tests/admins.spec.ts:34:31

    Retry #1 ---------------------------------------------------------------------------------------

    Error: expect(received).toBeTruthy()

    Received: false

      32 |         let response = await request.get(endPoints.getAdminDashboardFeed)
      33 |         let responseBody = await apiUtils.getResponseBody(response)
    > 34 |         expect(response.ok()).toBeTruthy()
         |                               ^
      35 |     });
      36 |
      37 |     test('get admin help', async ({ request }) => {

        at /home/runner/work/dokan/dokan/tests/api/tests/admins.spec.ts:34:31

    Retry #2 ---------------------------------------------------------------------------------------

    Error: expect(received).toBeTruthy()

    Received: false

      32 |         let response = await request.get(endPoints.getAdminDashboardFeed)
      33 |         let responseBody = await apiUtils.getResponseBody(response)
    > 34 |         expect(response.ok()).toBeTruthy()
         |                               ^
      35 |     });
      36 |
      37 |     test('get admin help', async ({ request }) => {

        at /home/runner/work/dokan/dokan/tests/api/tests/admins.spec.ts:34:31
]]>
</failure>
</testcase>
<testcase name="admin api test get admin help" classname="admins.spec.ts › admin api test › get admin help" time="0.488">
<failure message="admins.spec.ts:37:9 get admin help" type="FAILURE">
<![CDATA[  admins.spec.ts:37:9 › admin api test › get admin help ============================================

    Error: expect(received).toBeTruthy()

    Received: false

      38 |         let response = await request.get(endPoints.getAdminHelp)
      39 |         let responseBody = await apiUtils.getResponseBody(response)
    > 40 |         expect(response.ok()).toBeTruthy()
         |                               ^
      41 |     });
      42 |
      43 |     test('get changelog lite', async ({ request }) => {

        at /home/runner/work/dokan/dokan/tests/api/tests/admins.spec.ts:40:31

    Retry #1 ---------------------------------------------------------------------------------------

    Error: expect(received).toBeTruthy()

    Received: false

      38 |         let response = await request.get(endPoints.getAdminHelp)
      39 |         let responseBody = await apiUtils.getResponseBody(response)
    > 40 |         expect(response.ok()).toBeTruthy()
         |                               ^
      41 |     });
      42 |
      43 |     test('get changelog lite', async ({ request }) => {

        at /home/runner/work/dokan/dokan/tests/api/tests/admins.spec.ts:40:31

    Retry #2 ---------------------------------------------------------------------------------------

    Error: expect(received).toBeTruthy()

    Received: false

      38 |         let response = await request.get(endPoints.getAdminHelp)
      39 |         let responseBody = await apiUtils.getResponseBody(response)
    > 40 |         expect(response.ok()).toBeTruthy()
         |                               ^
      41 |     });
      42 |
      43 |     test('get changelog lite', async ({ request }) => {

        at /home/runner/work/dokan/dokan/tests/api/tests/admins.spec.ts:40:31
]]>
</failure>
</testcase>
<testcase name="admin api test get changelog lite" classname="admins.spec.ts › admin api test › get changelog lite" time="0.479">
<failure message="admins.spec.ts:43:9 get changelog lite" type="FAILURE">
<![CDATA[  admins.spec.ts:43:9 › admin api test › get changelog lite ========================================

    Error: expect(received).toBeTruthy()

    Received: false

      44 |         let response = await request.get(endPoints.getAdminChangelogLite)
      45 |         let responseBody = await apiUtils.getResponseBody(response)
    > 46 |         expect(response.ok()).toBeTruthy()
         |                               ^
      47 |     });
      48 |
      49 |     test('get changelog pro @pro', async ({ request }) => {

        at /home/runner/work/dokan/dokan/tests/api/tests/admins.spec.ts:46:31

    Retry #1 ---------------------------------------------------------------------------------------

    Error: expect(received).toBeTruthy()

    Received: false

      44 |         let response = await request.get(endPoints.getAdminChangelogLite)
      45 |         let responseBody = await apiUtils.getResponseBody(response)
    > 46 |         expect(response.ok()).toBeTruthy()
         |                               ^
      47 |     });
      48 |
      49 |     test('get changelog pro @pro', async ({ request }) => {

        at /home/runner/work/dokan/dokan/tests/api/tests/admins.spec.ts:46:31

    Retry #2 ---------------------------------------------------------------------------------------

    Error: expect(received).toBeTruthy()

    Received: false

      44 |         let response = await request.get(endPoints.getAdminChangelogLite)
      45 |         let responseBody = await apiUtils.getResponseBody(response)
    > 46 |         expect(response.ok()).toBeTruthy()
         |                               ^
      47 |     });
      48 |
      49 |     test('get changelog pro @pro', async ({ request }) => {

        at /home/runner/work/dokan/dokan/tests/api/tests/admins.spec.ts:46:31
]]>
</failure>
</testcase>
<testcase name="admin api test get changelog pro @pro" classname="admins.spec.ts › admin api test › get changelog pro @pro" time="0.482">
<failure message="admins.spec.ts:49:9 get changelog pro @pro" type="FAILURE">
<![CDATA[  admins.spec.ts:49:9 › admin api test › get changelog pro @pro ====================================

    Error: expect(received).toBeTruthy()

    Received: false

      50 |         let response = await request.get(endPoints.getAdminChangelogPro)
      51 |         let responseBody = await apiUtils.getResponseBody(response)
    > 52 |         expect(response.ok()).toBeTruthy()
         |                               ^
      53 |     });
      54 |
      55 |     test('get getAdminNotices', async ({ request }) => {

        at /home/runner/work/dokan/dokan/tests/api/tests/admins.spec.ts:52:31

    Retry #1 ---------------------------------------------------------------------------------------

    Error: expect(received).toBeTruthy()

    Received: false

      50 |         let response = await request.get(endPoints.getAdminChangelogPro)
      51 |         let responseBody = await apiUtils.getResponseBody(response)
    > 52 |         expect(response.ok()).toBeTruthy()
         |                               ^
      53 |     });
      54 |
      55 |     test('get getAdminNotices', async ({ request }) => {

        at /home/runner/work/dokan/dokan/tests/api/tests/admins.spec.ts:52:31

    Retry #2 ---------------------------------------------------------------------------------------

    Error: expect(received).toBeTruthy()

    Received: false

      50 |         let response = await request.get(endPoints.getAdminChangelogPro)
      51 |         let responseBody = await apiUtils.getResponseBody(response)
    > 52 |         expect(response.ok()).toBeTruthy()
         |                               ^
      53 |     });
      54 |
      55 |     test('get getAdminNotices', async ({ request }) => {

        at /home/runner/work/dokan/dokan/tests/api/tests/admins.spec.ts:52:31
]]>
</failure>
</testcase>
<testcase name="admin api test get getAdminNotices" classname="admins.spec.ts › admin api test › get getAdminNotices" time="0.477">
<failure message="admins.spec.ts:55:9 get getAdminNotices" type="FAILURE">
<![CDATA[  admins.spec.ts:55:9 › admin api test › get getAdminNotices =======================================

    Error: expect(received).toBeTruthy()

    Received: false

      56 |         let response = await request.get(endPoints.getAdminNotices)
      57 |         let responseBody = await apiUtils.getResponseBody(response)
    > 58 |         expect(response.ok()).toBeTruthy()
         |                               ^
      59 |     });
      60 |
      61 |     test('get admin promo notices ', async ({ request }) => {

        at /home/runner/work/dokan/dokan/tests/api/tests/admins.spec.ts:58:31

    Retry #1 ---------------------------------------------------------------------------------------

    Error: expect(received).toBeTruthy()

    Received: false

      56 |         let response = await request.get(endPoints.getAdminNotices)
      57 |         let responseBody = await apiUtils.getResponseBody(response)
    > 58 |         expect(response.ok()).toBeTruthy()
         |                               ^
      59 |     });
      60 |
      61 |     test('get admin promo notices ', async ({ request }) => {

        at /home/runner/work/dokan/dokan/tests/api/tests/admins.spec.ts:58:31

    Retry #2 ---------------------------------------------------------------------------------------

    Error: expect(received).toBeTruthy()

    Received: false

      56 |         let response = await request.get(endPoints.getAdminNotices)
      57 |         let responseBody = await apiUtils.getResponseBody(response)
    > 58 |         expect(response.ok()).toBeTruthy()
         |                               ^
      59 |     });
      60 |
      61 |     test('get admin promo notices ', async ({ request }) => {

        at /home/runner/work/dokan/dokan/tests/api/tests/admins.spec.ts:58:31
]]>
</failure>
</testcase>
<testcase name="admin api test get admin promo notices " classname="admins.spec.ts › admin api test › get admin promo notices " time="0.48">
<failure message="admins.spec.ts:61:9 get admin promo notices " type="FAILURE">
<![CDATA[  admins.spec.ts:61:9 › admin api test › get admin promo notices  ==================================

    Error: expect(received).toBeTruthy()

    Received: false

      62 |         let response = await request.get(endPoints.getAdminPromoNotices)
      63 |         let responseBody = await apiUtils.getResponseBody(response)
    > 64 |         expect(response.ok()).toBeTruthy()
         |                               ^
      65 |     });
      66 |
      67 |     test('get admin logs @pro', async ({ request }) => {

        at /home/runner/work/dokan/dokan/tests/api/tests/admins.spec.ts:64:31

    Retry #1 ---------------------------------------------------------------------------------------

    Error: expect(received).toBeTruthy()

    Received: false

      62 |         let response = await request.get(endPoints.getAdminPromoNotices)
      63 |         let responseBody = await apiUtils.getResponseBody(response)
    > 64 |         expect(response.ok()).toBeTruthy()
         |                               ^
      65 |     });
      66 |
      67 |     test('get admin logs @pro', async ({ request }) => {

        at /home/runner/work/dokan/dokan/tests/api/tests/admins.spec.ts:64:31

    Retry #2 ---------------------------------------------------------------------------------------

    Error: expect(received).toBeTruthy()

    Received: false

      62 |         let response = await request.get(endPoints.getAdminPromoNotices)
      63 |         let responseBody = await apiUtils.getResponseBody(response)
    > 64 |         expect(response.ok()).toBeTruthy()
         |                               ^
      65 |     });
      66 |
      67 |     test('get admin logs @pro', async ({ request }) => {

        at /home/runner/work/dokan/dokan/tests/api/tests/admins.spec.ts:64:31
]]>
</failure>
</testcase>
<testcase name="admin api test get admin logs @pro" classname="admins.spec.ts › admin api test › get admin logs @pro" time="0.47">
<failure message="admins.spec.ts:67:9 get admin logs @pro" type="FAILURE">
<![CDATA[  admins.spec.ts:67:9 › admin api test › get admin logs @pro =======================================

    Error: expect(received).toBeTruthy()

    Received: false

      68 |         let response = await request.get(endPoints.getAdminLogs)
      69 |         let responseBody = await apiUtils.getResponseBody(response)
    > 70 |         expect(response.ok()).toBeTruthy()
         |                               ^
      71 |     });
      72 |
      73 |     test('get admin export logs @pro', async ({ request }) => {

        at /home/runner/work/dokan/dokan/tests/api/tests/admins.spec.ts:70:31

    Retry #1 ---------------------------------------------------------------------------------------

    Error: expect(received).toBeTruthy()

    Received: false

      68 |         let response = await request.get(endPoints.getAdminLogs)
      69 |         let responseBody = await apiUtils.getResponseBody(response)
    > 70 |         expect(response.ok()).toBeTruthy()
         |                               ^
      71 |     });
      72 |
      73 |     test('get admin export logs @pro', async ({ request }) => {

        at /home/runner/work/dokan/dokan/tests/api/tests/admins.spec.ts:70:31

    Retry #2 ---------------------------------------------------------------------------------------

    Error: expect(received).toBeTruthy()

    Received: false

      68 |         let response = await request.get(endPoints.getAdminLogs)
      69 |         let responseBody = await apiUtils.getResponseBody(response)
    > 70 |         expect(response.ok()).toBeTruthy()
         |                               ^
      71 |     });
      72 |
      73 |     test('get admin export logs @pro', async ({ request }) => {

        at /home/runner/work/dokan/dokan/tests/api/tests/admins.spec.ts:70:31
]]>
</failure>
</testcase>
<testcase name="admin api test get admin export logs @pro" classname="admins.spec.ts › admin api test › get admin export logs @pro" time="0.483">
<failure message="admins.spec.ts:73:9 get admin export logs @pro" type="FAILURE">
<![CDATA[  admins.spec.ts:73:9 › admin api test › get admin export logs @pro ================================

    Error: expect(received).toBeTruthy()

    Received: false

      74 |         let response = await request.get(endPoints.getAdminExportLogs)
      75 |         let responseBody = await apiUtils.getResponseBody(response)
    > 76 |         expect(response.ok()).toBeTruthy()
         |                               ^
      77 |     });
      78 |
      79 | });

        at /home/runner/work/dokan/dokan/tests/api/tests/admins.spec.ts:76:31

    Retry #1 ---------------------------------------------------------------------------------------

    Error: expect(received).toBeTruthy()

    Received: false

      74 |         let response = await request.get(endPoints.getAdminExportLogs)
      75 |         let responseBody = await apiUtils.getResponseBody(response)
    > 76 |         expect(response.ok()).toBeTruthy()
         |                               ^
      77 |     });
      78 |
      79 | });

        at /home/runner/work/dokan/dokan/tests/api/tests/admins.spec.ts:76:31

    Retry #2 ---------------------------------------------------------------------------------------

    Error: expect(received).toBeTruthy()

    Received: false

      74 |         let response = await request.get(endPoints.getAdminExportLogs)
      75 |         let responseBody = await apiUtils.getResponseBody(response)
    > 76 |         expect(response.ok()).toBeTruthy()
         |                               ^
      77 |     });
      78 |
      79 | });

        at /home/runner/work/dokan/dokan/tests/api/tests/admins.spec.ts:76:31
]]>
</failure>
</testcase>
</testsuite>
<testsuite name="announcements.spec.ts" timestamp="1674073035097" hostname="" tests="7" failures="7" skipped="0" time="2.563" errors="0">
<testcase name="announcements api test get all announcements @pro" classname="announcements.spec.ts › announcements api test › get all announcements @pro" time="0.376">
<failure message="announcements.spec.ts:21:9 get all announcements @pro" type="FAILURE">
<![CDATA[  announcements.spec.ts:21:9 › announcements api test › get all announcements @pro =================

    Error: expect(received).toBeTruthy()

    Received: false

      22 |         let response = await request.get(endPoints.getAllAnnouncements)
      23 |         let responseBody = await apiUtils.getResponseBody(response)
    > 24 |         expect(response.ok()).toBeTruthy()
         |                               ^
      25 |     });
      26 |
      27 |     test('get single announcement @pro', async ({ request }) => {

        at /home/runner/work/dokan/dokan/tests/api/tests/announcements.spec.ts:24:31

    Retry #1 ---------------------------------------------------------------------------------------

    Error: expect(received).toBeTruthy()

    Received: false

      22 |         let response = await request.get(endPoints.getAllAnnouncements)
      23 |         let responseBody = await apiUtils.getResponseBody(response)
    > 24 |         expect(response.ok()).toBeTruthy()
         |                               ^
      25 |     });
      26 |
      27 |     test('get single announcement @pro', async ({ request }) => {

        at /home/runner/work/dokan/dokan/tests/api/tests/announcements.spec.ts:24:31

    Retry #2 ---------------------------------------------------------------------------------------

    Error: expect(received).toBeTruthy()

    Received: false

      22 |         let response = await request.get(endPoints.getAllAnnouncements)
      23 |         let responseBody = await apiUtils.getResponseBody(response)
    > 24 |         expect(response.ok()).toBeTruthy()
         |                               ^
      25 |     });
      26 |
      27 |     test('get single announcement @pro', async ({ request }) => {

        at /home/runner/work/dokan/dokan/tests/api/tests/announcements.spec.ts:24:31
]]>
</failure>
</testcase>
<testcase name="announcements api test get single announcement @pro" classname="announcements.spec.ts › announcements api test › get single announcement @pro" time="0.366">
<failure message="announcements.spec.ts:27:9 get single announcement @pro" type="FAILURE">
<![CDATA[  announcements.spec.ts:27:9 › announcements api test › get single announcement @pro ===============

    Error: expect(received).toBeTruthy()

    Received: false

      30 |         let response = await request.get(endPoints.getSingleAnnouncement(announcementId))
      31 |         let responseBody = await apiUtils.getResponseBody(response)
    > 32 |         expect(response.ok()).toBeTruthy()
         |                               ^
      33 |     });
      34 |
      35 |     test('create a announcement @pro', async ({ request }) => {

        at /home/runner/work/dokan/dokan/tests/api/tests/announcements.spec.ts:32:31

    Retry #1 ---------------------------------------------------------------------------------------

    Error: expect(received).toBeTruthy()

    Received: false

      30 |         let response = await request.get(endPoints.getSingleAnnouncement(announcementId))
      31 |         let responseBody = await apiUtils.getResponseBody(response)
    > 32 |         expect(response.ok()).toBeTruthy()
         |                               ^
      33 |     });
      34 |
      35 |     test('create a announcement @pro', async ({ request }) => {

        at /home/runner/work/dokan/dokan/tests/api/tests/announcements.spec.ts:32:31

    Retry #2 ---------------------------------------------------------------------------------------

    Error: expect(received).toBeTruthy()

    Received: false

      30 |         let response = await request.get(endPoints.getSingleAnnouncement(announcementId))
      31 |         let responseBody = await apiUtils.getResponseBody(response)
    > 32 |         expect(response.ok()).toBeTruthy()
         |                               ^
      33 |     });
      34 |
      35 |     test('create a announcement @pro', async ({ request }) => {

        at /home/runner/work/dokan/dokan/tests/api/tests/announcements.spec.ts:32:31
]]>
</failure>
</testcase>
<testcase name="announcements api test create a announcement @pro" classname="announcements.spec.ts › announcements api test › create a announcement @pro" time="0.368">
<failure message="announcements.spec.ts:35:9 create a announcement @pro" type="FAILURE">
<![CDATA[  announcements.spec.ts:35:9 › announcements api test › create a announcement @pro =================

    Error: expect(received).toBeTruthy()

    Received: false

      36 |         let response = await request.post(endPoints.createAnnouncement, { data: payloads.createAnnouncement })
      37 |         let responseBody = await apiUtils.getResponseBody(response)
    > 38 |         expect(response.ok()).toBeTruthy()
         |                               ^
      39 |     });
      40 |
      41 |     test('update a announcement @pro', async ({ request }) => {

        at /home/runner/work/dokan/dokan/tests/api/tests/announcements.spec.ts:38:31

    Retry #1 ---------------------------------------------------------------------------------------

    Error: expect(received).toBeTruthy()

    Received: false

      36 |         let response = await request.post(endPoints.createAnnouncement, { data: payloads.createAnnouncement })
      37 |         let responseBody = await apiUtils.getResponseBody(response)
    > 38 |         expect(response.ok()).toBeTruthy()
         |                               ^
      39 |     });
      40 |
      41 |     test('update a announcement @pro', async ({ request }) => {

        at /home/runner/work/dokan/dokan/tests/api/tests/announcements.spec.ts:38:31

    Retry #2 ---------------------------------------------------------------------------------------

    Error: expect(received).toBeTruthy()

    Received: false

      36 |         let response = await request.post(endPoints.createAnnouncement, { data: payloads.createAnnouncement })
      37 |         let responseBody = await apiUtils.getResponseBody(response)
    > 38 |         expect(response.ok()).toBeTruthy()
         |                               ^
      39 |     });
      40 |
      41 |     test('update a announcement @pro', async ({ request }) => {

        at /home/runner/work/dokan/dokan/tests/api/tests/announcements.spec.ts:38:31
]]>
</failure>
</testcase>
<testcase name="announcements api test update a announcement @pro" classname="announcements.spec.ts › announcements api test › update a announcement @pro" time="0.371">
<failure message="announcements.spec.ts:41:9 update a announcement @pro" type="FAILURE">
<![CDATA[  announcements.spec.ts:41:9 › announcements api test › update a announcement @pro =================

    Error: expect(received).toBeTruthy()

    Received: false

      44 |         let response = await request.post(endPoints.updateAnnouncement(announcementId), { data: payloads.updateAnnouncement })
      45 |         let responseBody = await apiUtils.getResponseBody(response)
    > 46 |         expect(response.ok()).toBeTruthy()
         |                               ^
      47 |     });
      48 |
      49 |     test('delete a announcement @pro', async ({ request }) => {

        at /home/runner/work/dokan/dokan/tests/api/tests/announcements.spec.ts:46:31

    Retry #1 ---------------------------------------------------------------------------------------

    Error: expect(received).toBeTruthy()

    Received: false

      44 |         let response = await request.post(endPoints.updateAnnouncement(announcementId), { data: payloads.updateAnnouncement })
      45 |         let responseBody = await apiUtils.getResponseBody(response)
    > 46 |         expect(response.ok()).toBeTruthy()
         |                               ^
      47 |     });
      48 |
      49 |     test('delete a announcement @pro', async ({ request }) => {

        at /home/runner/work/dokan/dokan/tests/api/tests/announcements.spec.ts:46:31

    Retry #2 ---------------------------------------------------------------------------------------

    Error: expect(received).toBeTruthy()

    Received: false

      44 |         let response = await request.post(endPoints.updateAnnouncement(announcementId), { data: payloads.updateAnnouncement })
      45 |         let responseBody = await apiUtils.getResponseBody(response)
    > 46 |         expect(response.ok()).toBeTruthy()
         |                               ^
      47 |     });
      48 |
      49 |     test('delete a announcement @pro', async ({ request }) => {

        at /home/runner/work/dokan/dokan/tests/api/tests/announcements.spec.ts:46:31
]]>
</failure>
</testcase>
<testcase name="announcements api test delete a announcement @pro" classname="announcements.spec.ts › announcements api test › delete a announcement @pro" time="0.368">
<failure message="announcements.spec.ts:49:9 delete a announcement @pro" type="FAILURE">
<![CDATA[  announcements.spec.ts:49:9 › announcements api test › delete a announcement @pro =================

    Error: expect(received).toBeTruthy()

    Received: false

      52 |         let response = await request.delete(endPoints.deleteAnnouncement(announcementId))
      53 |         let responseBody = await apiUtils.getResponseBody(response)
    > 54 |         expect(response.ok()).toBeTruthy()
         |                               ^
      55 |     });
      56 |
      57 |     test('restore a deleted announcement  @pro', async ({ request }) => {

        at /home/runner/work/dokan/dokan/tests/api/tests/announcements.spec.ts:54:31

    Retry #1 ---------------------------------------------------------------------------------------

    Error: expect(received).toBeTruthy()

    Received: false

      52 |         let response = await request.delete(endPoints.deleteAnnouncement(announcementId))
      53 |         let responseBody = await apiUtils.getResponseBody(response)
    > 54 |         expect(response.ok()).toBeTruthy()
         |                               ^
      55 |     });
      56 |
      57 |     test('restore a deleted announcement  @pro', async ({ request }) => {

        at /home/runner/work/dokan/dokan/tests/api/tests/announcements.spec.ts:54:31

    Retry #2 ---------------------------------------------------------------------------------------

    Error: expect(received).toBeTruthy()

    Received: false

      52 |         let response = await request.delete(endPoints.deleteAnnouncement(announcementId))
      53 |         let responseBody = await apiUtils.getResponseBody(response)
    > 54 |         expect(response.ok()).toBeTruthy()
         |                               ^
      55 |     });
      56 |
      57 |     test('restore a deleted announcement  @pro', async ({ request }) => {

        at /home/runner/work/dokan/dokan/tests/api/tests/announcements.spec.ts:54:31
]]>
</failure>
</testcase>
<testcase name="announcements api test restore a deleted announcement  @pro" classname="announcements.spec.ts › announcements api test › restore a deleted announcement  @pro" time="0.361">
<failure message="announcements.spec.ts:57:9 restore a deleted announcement  @pro" type="FAILURE">
<![CDATA[  announcements.spec.ts:57:9 › announcements api test › restore a deleted announcement  @pro =======

    Error: expect(received).toBeTruthy()

    Received: false

      61 |         let response = await request.put(endPoints.restoreDeletedAnnouncement(announcementId))
      62 |         let responseBody = await apiUtils.getResponseBody(response)
    > 63 |         expect(response.ok()).toBeTruthy()
         |                               ^
      64 |     });
      65 |
      66 |     test('update batch announcements @pro', async ({ request }) => {

        at /home/runner/work/dokan/dokan/tests/api/tests/announcements.spec.ts:63:31

    Retry #1 ---------------------------------------------------------------------------------------

    Error: expect(received).toBeTruthy()

    Received: false

      61 |         let response = await request.put(endPoints.restoreDeletedAnnouncement(announcementId))
      62 |         let responseBody = await apiUtils.getResponseBody(response)
    > 63 |         expect(response.ok()).toBeTruthy()
         |                               ^
      64 |     });
      65 |
      66 |     test('update batch announcements @pro', async ({ request }) => {

        at /home/runner/work/dokan/dokan/tests/api/tests/announcements.spec.ts:63:31

    Retry #2 ---------------------------------------------------------------------------------------

    Error: expect(received).toBeTruthy()

    Received: false

      61 |         let response = await request.put(endPoints.restoreDeletedAnnouncement(announcementId))
      62 |         let responseBody = await apiUtils.getResponseBody(response)
    > 63 |         expect(response.ok()).toBeTruthy()
         |                               ^
      64 |     });
      65 |
      66 |     test('update batch announcements @pro', async ({ request }) => {

        at /home/runner/work/dokan/dokan/tests/api/tests/announcements.spec.ts:63:31
]]>
</failure>
</testcase>
<testcase name="announcements api test update batch announcements @pro" classname="announcements.spec.ts › announcements api test › update batch announcements @pro" time="0.353">
<failure message="announcements.spec.ts:66:9 update batch announcements @pro" type="FAILURE">
<![CDATA[  announcements.spec.ts:66:9 › announcements api test › update batch announcements @pro ============

    TypeError: (intermediate value).map is not a function

      67 |         // let [, announcementId] = await apiUtils.createAnnouncement(payloads.createAnnouncement)
      68 |
    > 69 |         let allAnnouncementIds = (await apiUtils.getAllAnnouncements()).map((a: { id: any }) => a.id)
         |                                                                         ^
      70 |         // console.log(allAnnouncementIds)
      71 |         
      72 |         let response = await request.put(endPoints.updateBatchAnnouncements, { data: { trash: allAnnouncementIds } })

        at /home/runner/work/dokan/dokan/tests/api/tests/announcements.spec.ts:69:73

    Retry #1 ---------------------------------------------------------------------------------------

    TypeError: (intermediate value).map is not a function

      67 |         // let [, announcementId] = await apiUtils.createAnnouncement(payloads.createAnnouncement)
      68 |
    > 69 |         let allAnnouncementIds = (await apiUtils.getAllAnnouncements()).map((a: { id: any }) => a.id)
         |                                                                         ^
      70 |         // console.log(allAnnouncementIds)
      71 |         
      72 |         let response = await request.put(endPoints.updateBatchAnnouncements, { data: { trash: allAnnouncementIds } })

        at /home/runner/work/dokan/dokan/tests/api/tests/announcements.spec.ts:69:73

    Retry #2 ---------------------------------------------------------------------------------------

    TypeError: (intermediate value).map is not a function

      67 |         // let [, announcementId] = await apiUtils.createAnnouncement(payloads.createAnnouncement)
      68 |
    > 69 |         let allAnnouncementIds = (await apiUtils.getAllAnnouncements()).map((a: { id: any }) => a.id)
         |                                                                         ^
      70 |         // console.log(allAnnouncementIds)
      71 |         
      72 |         let response = await request.put(endPoints.updateBatchAnnouncements, { data: { trash: allAnnouncementIds } })

        at /home/runner/work/dokan/dokan/tests/api/tests/announcements.spec.ts:69:73
]]>
</failure>
</testcase>
</testsuite>
<testsuite name="calculation.spec.ts" timestamp="1674073035097" hostname="" tests="1" failures="0" skipped="1" time="0.001" errors="0">
<testcase name="calculation test calculation test" classname="calculation.spec.ts › calculation test › calculation test" time="0.001">
<skipped>
</skipped>
</testcase>
</testsuite>
<testsuite name="coupons.spec.ts" timestamp="1674073035097" hostname="" tests="5" failures="5" skipped="0" time="1.843" errors="0">
<testcase name="coupon api test get all coupons" classname="coupons.spec.ts › coupon api test › get all coupons" time="0.372">
<failure message="coupons.spec.ts:25:9 get all coupons" type="FAILURE">
<![CDATA[  coupons.spec.ts:25:9 › coupon api test › get all coupons =========================================

    Error: expect(received).toBeTruthy()

    Received: false

      26 |         let response = await request.get(endPoints.getAllCoupons)
      27 |         let responseBody = await apiUtils.getResponseBody(response)
    > 28 |         expect(response.ok()).toBeTruthy()
         |                               ^
      29 |     });
      30 |
      31 |     test('get single coupon', async ({ request }) => {

        at /home/runner/work/dokan/dokan/tests/api/tests/coupons.spec.ts:28:31

    Retry #1 ---------------------------------------------------------------------------------------

    Error: expect(received).toBeTruthy()

    Received: false

      26 |         let response = await request.get(endPoints.getAllCoupons)
      27 |         let responseBody = await apiUtils.getResponseBody(response)
    > 28 |         expect(response.ok()).toBeTruthy()
         |                               ^
      29 |     });
      30 |
      31 |     test('get single coupon', async ({ request }) => {

        at /home/runner/work/dokan/dokan/tests/api/tests/coupons.spec.ts:28:31

    Retry #2 ---------------------------------------------------------------------------------------

    Error: expect(received).toBeTruthy()

    Received: false

      26 |         let response = await request.get(endPoints.getAllCoupons)
      27 |         let responseBody = await apiUtils.getResponseBody(response)
    > 28 |         expect(response.ok()).toBeTruthy()
         |                               ^
      29 |     });
      30 |
      31 |     test('get single coupon', async ({ request }) => {

        at /home/runner/work/dokan/dokan/tests/api/tests/coupons.spec.ts:28:31
]]>
</failure>
</testcase>
<testcase name="coupon api test get single coupon" classname="coupons.spec.ts › coupon api test › get single coupon" time="0.363">
<failure message="coupons.spec.ts:31:9 get single coupon" type="FAILURE">
<![CDATA[  coupons.spec.ts:31:9 › coupon api test › get single coupon =======================================

    Error: expect(received).toBeTruthy()

    Received: false

      34 |         let response = await request.get(endPoints.getSingleCoupon(couponId))
      35 |         let responseBody = await apiUtils.getResponseBody(response)
    > 36 |         expect(response.ok()).toBeTruthy()
         |                               ^
      37 |     });
      38 |
      39 |     test('create a coupon', async ({ request }) => {

        at /home/runner/work/dokan/dokan/tests/api/tests/coupons.spec.ts:36:31

    Retry #1 ---------------------------------------------------------------------------------------

    Error: expect(received).toBeTruthy()

    Received: false

      34 |         let response = await request.get(endPoints.getSingleCoupon(couponId))
      35 |         let responseBody = await apiUtils.getResponseBody(response)
    > 36 |         expect(response.ok()).toBeTruthy()
         |                               ^
      37 |     });
      38 |
      39 |     test('create a coupon', async ({ request }) => {

        at /home/runner/work/dokan/dokan/tests/api/tests/coupons.spec.ts:36:31

    Retry #2 ---------------------------------------------------------------------------------------

    Error: expect(received).toBeTruthy()

    Received: false

      34 |         let response = await request.get(endPoints.getSingleCoupon(couponId))
      35 |         let responseBody = await apiUtils.getResponseBody(response)
    > 36 |         expect(response.ok()).toBeTruthy()
         |                               ^
      37 |     });
      38 |
      39 |     test('create a coupon', async ({ request }) => {

        at /home/runner/work/dokan/dokan/tests/api/tests/coupons.spec.ts:36:31
]]>
</failure>
</testcase>
<testcase name="coupon api test create a coupon" classname="coupons.spec.ts › coupon api test › create a coupon" time="0.372">
<failure message="coupons.spec.ts:39:9 create a coupon" type="FAILURE">
<![CDATA[  coupons.spec.ts:39:9 › coupon api test › create a coupon =========================================

    Error: expect(received).toBeTruthy()

    Received: false

      40 |         let response = await request.post(endPoints.createCoupon, { data: { ...payloads.createCoupon(), product_ids: productId } })
      41 |         let responseBody = await apiUtils.getResponseBody(response)
    > 42 |         expect(response.ok()).toBeTruthy()
         |                               ^
      43 |     });
      44 |
      45 |     test('update a coupon', async ({ request }) => {

        at /home/runner/work/dokan/dokan/tests/api/tests/coupons.spec.ts:42:31

    Retry #1 ---------------------------------------------------------------------------------------

    Error: expect(received).toBeTruthy()

    Received: false

      40 |         let response = await request.post(endPoints.createCoupon, { data: { ...payloads.createCoupon(), product_ids: productId } })
      41 |         let responseBody = await apiUtils.getResponseBody(response)
    > 42 |         expect(response.ok()).toBeTruthy()
         |                               ^
      43 |     });
      44 |
      45 |     test('update a coupon', async ({ request }) => {

        at /home/runner/work/dokan/dokan/tests/api/tests/coupons.spec.ts:42:31

    Retry #2 ---------------------------------------------------------------------------------------

    Error: expect(received).toBeTruthy()

    Received: false

      40 |         let response = await request.post(endPoints.createCoupon, { data: { ...payloads.createCoupon(), product_ids: productId } })
      41 |         let responseBody = await apiUtils.getResponseBody(response)
    > 42 |         expect(response.ok()).toBeTruthy()
         |                               ^
      43 |     });
      44 |
      45 |     test('update a coupon', async ({ request }) => {

        at /home/runner/work/dokan/dokan/tests/api/tests/coupons.spec.ts:42:31
]]>
</failure>
</testcase>
<testcase name="coupon api test update a coupon" classname="coupons.spec.ts › coupon api test › update a coupon" time="0.369">
<failure message="coupons.spec.ts:45:9 update a coupon" type="FAILURE">
<![CDATA[  coupons.spec.ts:45:9 › coupon api test › update a coupon =========================================

    Error: expect(received).toBeTruthy()

    Received: false

      48 |         let response = await request.put(endPoints.updateCoupon(couponId), { data: payloads.updateCoupon() })
      49 |         let responseBody = await apiUtils.getResponseBody(response)
    > 50 |         expect(response.ok()).toBeTruthy()
         |                               ^
      51 |     });
      52 |
      53 |     test('delete a coupon', async ({ request }) => {

        at /home/runner/work/dokan/dokan/tests/api/tests/coupons.spec.ts:50:31

    Retry #1 ---------------------------------------------------------------------------------------

    Error: expect(received).toBeTruthy()

    Received: false

      48 |         let response = await request.put(endPoints.updateCoupon(couponId), { data: payloads.updateCoupon() })
      49 |         let responseBody = await apiUtils.getResponseBody(response)
    > 50 |         expect(response.ok()).toBeTruthy()
         |                               ^
      51 |     });
      52 |
      53 |     test('delete a coupon', async ({ request }) => {

        at /home/runner/work/dokan/dokan/tests/api/tests/coupons.spec.ts:50:31

    Retry #2 ---------------------------------------------------------------------------------------

    Error: expect(received).toBeTruthy()

    Received: false

      48 |         let response = await request.put(endPoints.updateCoupon(couponId), { data: payloads.updateCoupon() })
      49 |         let responseBody = await apiUtils.getResponseBody(response)
    > 50 |         expect(response.ok()).toBeTruthy()
         |                               ^
      51 |     });
      52 |
      53 |     test('delete a coupon', async ({ request }) => {

        at /home/runner/work/dokan/dokan/tests/api/tests/coupons.spec.ts:50:31
]]>
</failure>
</testcase>
<testcase name="coupon api test delete a coupon" classname="coupons.spec.ts › coupon api test › delete a coupon" time="0.367">
<failure message="coupons.spec.ts:53:9 delete a coupon" type="FAILURE">
<![CDATA[  coupons.spec.ts:53:9 › coupon api test › delete a coupon =========================================

    Error: expect(received).toBeTruthy()

    Received: false

      56 |         let response = await request.delete(endPoints.deleteCoupon(couponId))
      57 |         let responseBody = await apiUtils.getResponseBody(response)
    > 58 |         expect(response.ok()).toBeTruthy()
         |                               ^
      59 |     });
      60 |
      61 | });

        at /home/runner/work/dokan/dokan/tests/api/tests/coupons.spec.ts:58:31

    Retry #1 ---------------------------------------------------------------------------------------

    Error: expect(received).toBeTruthy()

    Received: false

      56 |         let response = await request.delete(endPoints.deleteCoupon(couponId))
      57 |         let responseBody = await apiUtils.getResponseBody(response)
    > 58 |         expect(response.ok()).toBeTruthy()
         |                               ^
      59 |     });
      60 |
      61 | });

        at /home/runner/work/dokan/dokan/tests/api/tests/coupons.spec.ts:58:31

    Retry #2 ---------------------------------------------------------------------------------------

    Error: expect(received).toBeTruthy()

    Received: false

      56 |         let response = await request.delete(endPoints.deleteCoupon(couponId))
      57 |         let responseBody = await apiUtils.getResponseBody(response)
    > 58 |         expect(response.ok()).toBeTruthy()
         |                               ^
      59 |     });
      60 |
      61 | });

        at /home/runner/work/dokan/dokan/tests/api/tests/coupons.spec.ts:58:31
]]>
</failure>
</testcase>
</testsuite>
<testsuite name="customers.spec.ts" timestamp="1674073035097" hostname="" tests="6" failures="6" skipped="0" time="2.187" errors="0">
<testcase name="customers api test get all customers" classname="customers.spec.ts › customers api test › get all customers" time="0.363">
<failure message="customers.spec.ts:22:9 get all customers" type="FAILURE">
<![CDATA[  customers.spec.ts:22:9 › customers api test › get all customers ==================================

    Error: expect(received).toBeTruthy()

    Received: false

      23 |         let response = await request.get(endPoints.getAllCustomers)
      24 |         let responseBody = await apiUtils.getResponseBody(response)
    > 25 |         expect(response.ok()).toBeTruthy()
         |                               ^
      26 |     });
      27 |
      28 |     test('get single customer', async ({ request }) => {

        at /home/runner/work/dokan/dokan/tests/api/tests/customers.spec.ts:25:31

    Retry #1 ---------------------------------------------------------------------------------------

    Error: expect(received).toBeTruthy()

    Received: false

      23 |         let response = await request.get(endPoints.getAllCustomers)
      24 |         let responseBody = await apiUtils.getResponseBody(response)
    > 25 |         expect(response.ok()).toBeTruthy()
         |                               ^
      26 |     });
      27 |
      28 |     test('get single customer', async ({ request }) => {

        at /home/runner/work/dokan/dokan/tests/api/tests/customers.spec.ts:25:31

    Retry #2 ---------------------------------------------------------------------------------------

    Error: expect(received).toBeTruthy()

    Received: false

      23 |         let response = await request.get(endPoints.getAllCustomers)
      24 |         let responseBody = await apiUtils.getResponseBody(response)
    > 25 |         expect(response.ok()).toBeTruthy()
         |                               ^
      26 |     });
      27 |
      28 |     test('get single customer', async ({ request }) => {

        at /home/runner/work/dokan/dokan/tests/api/tests/customers.spec.ts:25:31
]]>
</failure>
</testcase>
<testcase name="customers api test get single customer" classname="customers.spec.ts › customers api test › get single customer" time="0.364">
<failure message="customers.spec.ts:28:9 get single customer" type="FAILURE">
<![CDATA[  customers.spec.ts:28:9 › customers api test › get single customer ================================

    Error: expect(received).toBeTruthy()

    Received: false

      31 |         let response = await request.get(endPoints.getSingleCustomer(customerId))
      32 |         let responseBody = await apiUtils.getResponseBody(response)
    > 33 |         expect(response.ok()).toBeTruthy()
         |                               ^
      34 |     });
      35 |
      36 |     test('create a customer', async ({ request }) => {

        at /home/runner/work/dokan/dokan/tests/api/tests/customers.spec.ts:33:31

    Retry #1 ---------------------------------------------------------------------------------------

    Error: expect(received).toBeTruthy()

    Received: false

      31 |         let response = await request.get(endPoints.getSingleCustomer(customerId))
      32 |         let responseBody = await apiUtils.getResponseBody(response)
    > 33 |         expect(response.ok()).toBeTruthy()
         |                               ^
      34 |     });
      35 |
      36 |     test('create a customer', async ({ request }) => {

        at /home/runner/work/dokan/dokan/tests/api/tests/customers.spec.ts:33:31

    Retry #2 ---------------------------------------------------------------------------------------

    Error: expect(received).toBeTruthy()

    Received: false

      31 |         let response = await request.get(endPoints.getSingleCustomer(customerId))
      32 |         let responseBody = await apiUtils.getResponseBody(response)
    > 33 |         expect(response.ok()).toBeTruthy()
         |                               ^
      34 |     });
      35 |
      36 |     test('create a customer', async ({ request }) => {

        at /home/runner/work/dokan/dokan/tests/api/tests/customers.spec.ts:33:31
]]>
</failure>
</testcase>
<testcase name="customers api test create a customer" classname="customers.spec.ts › customers api test › create a customer" time="0.367">
<failure message="customers.spec.ts:36:9 create a customer" type="FAILURE">
<![CDATA[  customers.spec.ts:36:9 › customers api test › create a customer ==================================

    Error: expect(received).toBeTruthy()

    Received: false

      37 |         let response = await request.post(endPoints.createCustomer, { data: payloads.createCustomer() })
      38 |         let responseBody = await apiUtils.getResponseBody(response)
    > 39 |         expect(response.ok()).toBeTruthy()
         |                               ^
      40 |         expect(response.status()).toBe(201)
      41 |     });
      42 |

        at /home/runner/work/dokan/dokan/tests/api/tests/customers.spec.ts:39:31

    Retry #1 ---------------------------------------------------------------------------------------

    Error: expect(received).toBeTruthy()

    Received: false

      37 |         let response = await request.post(endPoints.createCustomer, { data: payloads.createCustomer() })
      38 |         let responseBody = await apiUtils.getResponseBody(response)
    > 39 |         expect(response.ok()).toBeTruthy()
         |                               ^
      40 |         expect(response.status()).toBe(201)
      41 |     });
      42 |

        at /home/runner/work/dokan/dokan/tests/api/tests/customers.spec.ts:39:31

    Retry #2 ---------------------------------------------------------------------------------------

    Error: expect(received).toBeTruthy()

    Received: false

      37 |         let response = await request.post(endPoints.createCustomer, { data: payloads.createCustomer() })
      38 |         let responseBody = await apiUtils.getResponseBody(response)
    > 39 |         expect(response.ok()).toBeTruthy()
         |                               ^
      40 |         expect(response.status()).toBe(201)
      41 |     });
      42 |

        at /home/runner/work/dokan/dokan/tests/api/tests/customers.spec.ts:39:31
]]>
</failure>
</testcase>
<testcase name="customers api test update a customer" classname="customers.spec.ts › customers api test › update a customer" time="0.373">
<failure message="customers.spec.ts:43:9 update a customer" type="FAILURE">
<![CDATA[  customers.spec.ts:43:9 › customers api test › update a customer ==================================

    Error: expect(received).toBeTruthy()

    Received: false

      46 |         let response = await request.put(endPoints.updateCustomer(customerId), { data: payloads.updateCustomer() })
      47 |         let responseBody = await apiUtils.getResponseBody(response)
    > 48 |         expect(response.ok()).toBeTruthy()
         |                               ^
      49 |     });
      50 |
      51 |

        at /home/runner/work/dokan/dokan/tests/api/tests/customers.spec.ts:48:31

    Retry #1 ---------------------------------------------------------------------------------------

    Error: expect(received).toBeTruthy()

    Received: false

      46 |         let response = await request.put(endPoints.updateCustomer(customerId), { data: payloads.updateCustomer() })
      47 |         let responseBody = await apiUtils.getResponseBody(response)
    > 48 |         expect(response.ok()).toBeTruthy()
         |                               ^
      49 |     });
      50 |
      51 |

        at /home/runner/work/dokan/dokan/tests/api/tests/customers.spec.ts:48:31

    Retry #2 ---------------------------------------------------------------------------------------

    Error: expect(received).toBeTruthy()

    Received: false

      46 |         let response = await request.put(endPoints.updateCustomer(customerId), { data: payloads.updateCustomer() })
      47 |         let responseBody = await apiUtils.getResponseBody(response)
    > 48 |         expect(response.ok()).toBeTruthy()
         |                               ^
      49 |     });
      50 |
      51 |

        at /home/runner/work/dokan/dokan/tests/api/tests/customers.spec.ts:48:31
]]>
</failure>
</testcase>
<testcase name="customers api test delete a customer" classname="customers.spec.ts › customers api test › delete a customer" time="0.365">
<failure message="customers.spec.ts:52:9 delete a customer" type="FAILURE">
<![CDATA[  customers.spec.ts:52:9 › customers api test › delete a customer ==================================

    Error: expect(received).toBeTruthy()

    Received: false

      55 |         let response = await request.delete(endPoints.deleteCustomer(customerId))
      56 |         let responseBody = await apiUtils.getResponseBody(response)
    > 57 |         expect(response.ok()).toBeTruthy()
         |                               ^
      58 |     });
      59 |
      60 |     test('update batch customers', async ({ request }) => { 

        at /home/runner/work/dokan/dokan/tests/api/tests/customers.spec.ts:57:31

    Retry #1 ---------------------------------------------------------------------------------------

    Error: expect(received).toBeTruthy()

    Received: false

      55 |         let response = await request.delete(endPoints.deleteCustomer(customerId))
      56 |         let responseBody = await apiUtils.getResponseBody(response)
    > 57 |         expect(response.ok()).toBeTruthy()
         |                               ^
      58 |     });
      59 |
      60 |     test('update batch customers', async ({ request }) => { 

        at /home/runner/work/dokan/dokan/tests/api/tests/customers.spec.ts:57:31

    Retry #2 ---------------------------------------------------------------------------------------

    Error: expect(received).toBeTruthy()

    Received: false

      55 |         let response = await request.delete(endPoints.deleteCustomer(customerId))
      56 |         let responseBody = await apiUtils.getResponseBody(response)
    > 57 |         expect(response.ok()).toBeTruthy()
         |                               ^
      58 |     });
      59 |
      60 |     test('update batch customers', async ({ request }) => { 

        at /home/runner/work/dokan/dokan/tests/api/tests/customers.spec.ts:57:31
]]>
</failure>
</testcase>
<testcase name="customers api test update batch customers" classname="customers.spec.ts › customers api test › update batch customers" time="0.355">
<failure message="customers.spec.ts:60:9 update batch customers" type="FAILURE">
<![CDATA[  customers.spec.ts:60:9 › customers api test › update batch customers =============================

    TypeError: (intermediate value).map is not a function

      59 |
      60 |     test('update batch customers', async ({ request }) => { 
    > 61 |         let allCustomerIds = (await apiUtils.getAllCustomers()).map((a: { id: any }) => a.id)
         |                                                                 ^
      62 |         // console.log(allCustomerIds)
      63 |         let batchCustomers = []
      64 |         for (let customerId of allCustomerIds.slice(0, 2)) {

        at /home/runner/work/dokan/dokan/tests/api/tests/customers.spec.ts:61:65

    Retry #1 ---------------------------------------------------------------------------------------

    TypeError: (intermediate value).map is not a function

      59 |
      60 |     test('update batch customers', async ({ request }) => { 
    > 61 |         let allCustomerIds = (await apiUtils.getAllCustomers()).map((a: { id: any }) => a.id)
         |                                                                 ^
      62 |         // console.log(allCustomerIds)
      63 |         let batchCustomers = []
      64 |         for (let customerId of allCustomerIds.slice(0, 2)) {

        at /home/runner/work/dokan/dokan/tests/api/tests/customers.spec.ts:61:65

    Retry #2 ---------------------------------------------------------------------------------------

    TypeError: (intermediate value).map is not a function

      59 |
      60 |     test('update batch customers', async ({ request }) => { 
    > 61 |         let allCustomerIds = (await apiUtils.getAllCustomers()).map((a: { id: any }) => a.id)
         |                                                                 ^
      62 |         // console.log(allCustomerIds)
      63 |         let batchCustomers = []
      64 |         for (let customerId of allCustomerIds.slice(0, 2)) {

        at /home/runner/work/dokan/dokan/tests/api/tests/customers.spec.ts:61:65
]]>
</failure>
</testcase>
</testsuite>
<testsuite name="dummyData.spec.ts" timestamp="1674073035097" hostname="" tests="3" failures="3" skipped="0" time="1.503" errors="0">
<testcase name="dummy Data api test get dummy data status" classname="dummyData.spec.ts › dummy Data api test › get dummy data status" time="0.5">
<failure message="dummyData.spec.ts:19:9 get dummy data status" type="FAILURE">
<![CDATA[  dummyData.spec.ts:19:9 › dummy Data api test › get dummy data status =============================

    Error: expect(received).toBeTruthy()

    Received: false

      20 |         let response = await request.get(endPoints.getDummyDataStatus)
      21 |         let responseBody = await apiUtils.getResponseBody(response)
    > 22 |         expect(response.ok()).toBeTruthy()
         |                               ^
      23 |     });
      24 |
      25 |     test('import dummy data', async ({ request }) => {

        at /home/runner/work/dokan/dokan/tests/api/tests/dummyData.spec.ts:22:31

    Retry #1 ---------------------------------------------------------------------------------------

    Error: expect(received).toBeTruthy()

    Received: false

      20 |         let response = await request.get(endPoints.getDummyDataStatus)
      21 |         let responseBody = await apiUtils.getResponseBody(response)
    > 22 |         expect(response.ok()).toBeTruthy()
         |                               ^
      23 |     });
      24 |
      25 |     test('import dummy data', async ({ request }) => {

        at /home/runner/work/dokan/dokan/tests/api/tests/dummyData.spec.ts:22:31

    Retry #2 ---------------------------------------------------------------------------------------

    Error: expect(received).toBeTruthy()

    Received: false

      20 |         let response = await request.get(endPoints.getDummyDataStatus)
      21 |         let responseBody = await apiUtils.getResponseBody(response)
    > 22 |         expect(response.ok()).toBeTruthy()
         |                               ^
      23 |     });
      24 |
      25 |     test('import dummy data', async ({ request }) => {

        at /home/runner/work/dokan/dokan/tests/api/tests/dummyData.spec.ts:22:31
]]>
</failure>
</testcase>
<testcase name="dummy Data api test import dummy data" classname="dummyData.spec.ts › dummy Data api test › import dummy data" time="0.497">
<failure message="dummyData.spec.ts:25:9 import dummy data" type="FAILURE">
<![CDATA[  dummyData.spec.ts:25:9 › dummy Data api test › import dummy data =================================

    Error: expect(received).toBeTruthy()

    Received: false

      26 |         let response = await request.post(endPoints.importDummyData, { data: payloads.dummyData })
      27 |         let responseBody = await apiUtils.getResponseBody(response)
    > 28 |         expect(response.ok()).toBeTruthy()
         |                               ^
      29 |     });
      30 |
      31 |     test('clear dummy data', async ({ request }) => {

        at /home/runner/work/dokan/dokan/tests/api/tests/dummyData.spec.ts:28:31

    Retry #1 ---------------------------------------------------------------------------------------

    Error: expect(received).toBeTruthy()

    Received: false

      26 |         let response = await request.post(endPoints.importDummyData, { data: payloads.dummyData })
      27 |         let responseBody = await apiUtils.getResponseBody(response)
    > 28 |         expect(response.ok()).toBeTruthy()
         |                               ^
      29 |     });
      30 |
      31 |     test('clear dummy data', async ({ request }) => {

        at /home/runner/work/dokan/dokan/tests/api/tests/dummyData.spec.ts:28:31

    Retry #2 ---------------------------------------------------------------------------------------

    Error: expect(received).toBeTruthy()

    Received: false

      26 |         let response = await request.post(endPoints.importDummyData, { data: payloads.dummyData })
      27 |         let responseBody = await apiUtils.getResponseBody(response)
    > 28 |         expect(response.ok()).toBeTruthy()
         |                               ^
      29 |     });
      30 |
      31 |     test('clear dummy data', async ({ request }) => {

        at /home/runner/work/dokan/dokan/tests/api/tests/dummyData.spec.ts:28:31
]]>
</failure>
</testcase>
<testcase name="dummy Data api test clear dummy data" classname="dummyData.spec.ts › dummy Data api test › clear dummy data" time="0.506">
<failure message="dummyData.spec.ts:31:9 clear dummy data" type="FAILURE">
<![CDATA[  dummyData.spec.ts:31:9 › dummy Data api test › clear dummy data ==================================

    Error: expect(received).toBeTruthy()

    Received: false

      32 |         let response = await request.delete(endPoints.clearDummyData)
      33 |         let responseBody = await apiUtils.getResponseBody(response)
    > 34 |         expect(response.ok()).toBeTruthy()
         |                               ^
      35 |     });
      36 |
      37 | });

        at /home/runner/work/dokan/dokan/tests/api/tests/dummyData.spec.ts:34:31

    Retry #1 ---------------------------------------------------------------------------------------

    Error: expect(received).toBeTruthy()

    Received: false

      32 |         let response = await request.delete(endPoints.clearDummyData)
      33 |         let responseBody = await apiUtils.getResponseBody(response)
    > 34 |         expect(response.ok()).toBeTruthy()
         |                               ^
      35 |     });
      36 |
      37 | });

        at /home/runner/work/dokan/dokan/tests/api/tests/dummyData.spec.ts:34:31

    Retry #2 ---------------------------------------------------------------------------------------

    Error: expect(received).toBeTruthy()

    Received: false

      32 |         let response = await request.delete(endPoints.clearDummyData)
      33 |         let responseBody = await apiUtils.getResponseBody(response)
    > 34 |         expect(response.ok()).toBeTruthy()
         |                               ^
      35 |     });
      36 |
      37 | });

        at /home/runner/work/dokan/dokan/tests/api/tests/dummyData.spec.ts:34:31
]]>
</failure>
</testcase>
</testsuite>
<testsuite name="followStores.spec.ts" timestamp="1674073035097" hostname="" tests="2" failures="2" skipped="0" time="0.738" errors="0">
<testcase name="follow store api test get store follow status @pro" classname="followStores.spec.ts › follow store api test › get store follow status @pro" time="0.369">
<failure message="followStores.spec.ts:23:9 get store follow status @pro" type="FAILURE">
<![CDATA[  followStores.spec.ts:23:9 › follow store api test › get store follow status @pro =================

    Error: expect(received).toBeTruthy()

    Received: false

      26 |         let response = await request.get(endPoints.getStoreFollowStatus(sellerId))
      27 |         let responseBody = await apiUtils.getResponseBody(response)
    > 28 |         expect(response.ok()).toBeTruthy()
         |                               ^
      29 |     });
      30 |
      31 |     test('follow-unfollow a store @pro', async ({ request }) => {

[...]

    TypeError: (intermediate value).map is not a function

      51 |
      52 |     test('update batch wholesale customers @pro', async ({ request }) => { 
    > 53 |         let allWholesaleCustomerIds = (await apiUtils.getAllWholesaleCustomers()).map((a: { id: any }) => a.id)
         |                                                                                   ^
      54 |         // console.log(allWholesaleCustomerIds)
      55 |
      56 |         let response = await request.put(endPoints.updateBatchWholesaleCustomer, { data: { activate: allWholesaleCustomerIds } })

        at /home/runner/work/dokan/dokan/tests/api/tests/wholesaleCustomers.spec.ts:53:83

    Retry #1 ---------------------------------------------------------------------------------------

    TypeError: (intermediate value).map is not a function

      51 |
      52 |     test('update batch wholesale customers @pro', async ({ request }) => { 
    > 53 |         let allWholesaleCustomerIds = (await apiUtils.getAllWholesaleCustomers()).map((a: { id: any }) => a.id)
         |                                                                                   ^
      54 |         // console.log(allWholesaleCustomerIds)
      55 |
      56 |         let response = await request.put(endPoints.updateBatchWholesaleCustomer, { data: { activate: allWholesaleCustomerIds } })

        at /home/runner/work/dokan/dokan/tests/api/tests/wholesaleCustomers.spec.ts:53:83

    Retry #2 ---------------------------------------------------------------------------------------

    TypeError: (intermediate value).map is not a function

      51 |
      52 |     test('update batch wholesale customers @pro', async ({ request }) => { 
    > 53 |         let allWholesaleCustomerIds = (await apiUtils.getAllWholesaleCustomers()).map((a: { id: any }) => a.id)
         |                                                                                   ^
      54 |         // console.log(allWholesaleCustomerIds)
      55 |
      56 |         let response = await request.put(endPoints.updateBatchWholesaleCustomer, { data: { activate: allWholesaleCustomerIds } })

        at /home/runner/work/dokan/dokan/tests/api/tests/wholesaleCustomers.spec.ts:53:83
]]>
</failure>
</testcase>
</testsuite>
<testsuite name="withdraws.spec.ts" timestamp="1674073035097" hostname="" tests="8" failures="8" skipped="0" time="3.56" errors="0">
<testcase name="withdraw api test get balance details" classname="withdraws.spec.ts › withdraw api test › get balance details" time="0.36">
<failure message="withdraws.spec.ts:26:9 get balance details" type="FAILURE">
<![CDATA[  withdraws.spec.ts:26:9 › withdraw api test › get balance details =================================

    Error: expect(received).toBeTruthy()

    Received: false

      27 |         let response = await request.get(endPoints.getBalanceDetails)
      28 |         let responseBody = await apiUtils.getResponseBody(response)
    > 29 |         expect(response.ok()).toBeTruthy()
         |                               ^
      30 |     });
      31 |
      32 |     test('get all withdraws', async ({ request }) => {

        at /home/runner/work/dokan/dokan/tests/api/tests/withdraws.spec.ts:29:31

    Retry #1 ---------------------------------------------------------------------------------------

    Error: expect(received).toBeTruthy()

    Received: false

      27 |         let response = await request.get(endPoints.getBalanceDetails)
      28 |         let responseBody = await apiUtils.getResponseBody(response)
    > 29 |         expect(response.ok()).toBeTruthy()
         |                               ^
      30 |     });
      31 |
      32 |     test('get all withdraws', async ({ request }) => {

        at /home/runner/work/dokan/dokan/tests/api/tests/withdraws.spec.ts:29:31

    Retry #2 ---------------------------------------------------------------------------------------

    Error: expect(received).toBeTruthy()

    Received: false

      27 |         let response = await request.get(endPoints.getBalanceDetails)
      28 |         let responseBody = await apiUtils.getResponseBody(response)
    > 29 |         expect(response.ok()).toBeTruthy()
         |                               ^
      30 |     });
      31 |
      32 |     test('get all withdraws', async ({ request }) => {

        at /home/runner/work/dokan/dokan/tests/api/tests/withdraws.spec.ts:29:31
]]>
</failure>
</testcase>
<testcase name="withdraw api test get all withdraws" classname="withdraws.spec.ts › withdraw api test › get all withdraws" time="0.36">
<failure message="withdraws.spec.ts:32:9 get all withdraws" type="FAILURE">
<![CDATA[  withdraws.spec.ts:32:9 › withdraw api test › get all withdraws ===================================

    Error: expect(received).toBeTruthy()

    Received: false

      33 |         let response = await request.get(endPoints.getAllWithdraws)
      34 |         let responseBody = await apiUtils.getResponseBody(response)
    > 35 |         expect(response.ok()).toBeTruthy()
         |                               ^
      36 |     });
      37 |
      38 |     test('get all withdraws by status', async ({ request }) => {

        at /home/runner/work/dokan/dokan/tests/api/tests/withdraws.spec.ts:35:31

    Retry #1 ---------------------------------------------------------------------------------------

    Error: expect(received).toBeTruthy()

    Received: false

      33 |         let response = await request.get(endPoints.getAllWithdraws)
      34 |         let responseBody = await apiUtils.getResponseBody(response)
    > 35 |         expect(response.ok()).toBeTruthy()
         |                               ^
      36 |     });
      37 |
      38 |     test('get all withdraws by status', async ({ request }) => {

        at /home/runner/work/dokan/dokan/tests/api/tests/withdraws.spec.ts:35:31

    Retry #2 ---------------------------------------------------------------------------------------

    Error: expect(received).toBeTruthy()

    Received: false

      33 |         let response = await request.get(endPoints.getAllWithdraws)
      34 |         let responseBody = await apiUtils.getResponseBody(response)
    > 35 |         expect(response.ok()).toBeTruthy()
         |                               ^
      36 |     });
      37 |
      38 |     test('get all withdraws by status', async ({ request }) => {

        at /home/runner/work/dokan/dokan/tests/api/tests/withdraws.spec.ts:35:31
]]>
</failure>
</testcase>
<testcase name="withdraw api test get all withdraws by status" classname="withdraws.spec.ts › withdraw api test › get all withdraws by status" time="0.36">
<failure message="withdraws.spec.ts:38:9 get all withdraws by status" type="FAILURE">
<![CDATA[  withdraws.spec.ts:38:9 › withdraw api test › get all withdraws by status =========================

    Error: expect(received).toBeTruthy()

    Received: false

      39 |         let response = await request.get(endPoints.getAllWithdrawsByStatus('pending')) // pending, cancelled, approved
      40 |         let responseBody = await apiUtils.getResponseBody(response)
    > 41 |         expect(response.ok()).toBeTruthy()
         |                               ^
      42 |     });
      43 |
      44 |     test('get single withdraw', async ({ request }) => {

        at /home/runner/work/dokan/dokan/tests/api/tests/withdraws.spec.ts:41:31

    Retry #1 ---------------------------------------------------------------------------------------

    Error: expect(received).toBeTruthy()

    Received: false

      39 |         let response = await request.get(endPoints.getAllWithdrawsByStatus('pending')) // pending, cancelled, approved
      40 |         let responseBody = await apiUtils.getResponseBody(response)
    > 41 |         expect(response.ok()).toBeTruthy()
         |                               ^
      42 |     });
      43 |
      44 |     test('get single withdraw', async ({ request }) => {

        at /home/runner/work/dokan/dokan/tests/api/tests/withdraws.spec.ts:41:31

    Retry #2 ---------------------------------------------------------------------------------------

    Error: expect(received).toBeTruthy()

    Received: false

      39 |         let response = await request.get(endPoints.getAllWithdrawsByStatus('pending')) // pending, cancelled, approved
      40 |         let responseBody = await apiUtils.getResponseBody(response)
    > 41 |         expect(response.ok()).toBeTruthy()
         |                               ^
      42 |     });
      43 |
      44 |     test('get single withdraw', async ({ request }) => {

        at /home/runner/work/dokan/dokan/tests/api/tests/withdraws.spec.ts:41:31
]]>
</failure>
</testcase>
<testcase name="withdraw api test get single withdraw" classname="withdraws.spec.ts › withdraw api test › get single withdraw" time="0.355">
<failure message="withdraws.spec.ts:44:9 get single withdraw" type="FAILURE">
<![CDATA[  withdraws.spec.ts:44:9 › withdraw api test › get single withdraw =================================

    Error: expect(received).toBeTruthy()

    Received: false

      47 |         let response = await request.get(endPoints.getSingleWithdraw(withdrawId))
      48 |         let responseBody = await apiUtils.getResponseBody(response)
    > 49 |         expect(response.ok()).toBeTruthy()
         |                               ^
      50 |     });
      51 |
      52 |     test('update a withdraw', async ({ request }) => {

        at /home/runner/work/dokan/dokan/tests/api/tests/withdraws.spec.ts:49:31

    Retry #1 ---------------------------------------------------------------------------------------

    Error: expect(received).toBeTruthy()

    Received: false

      47 |         let response = await request.get(endPoints.getSingleWithdraw(withdrawId))
      48 |         let responseBody = await apiUtils.getResponseBody(response)
    > 49 |         expect(response.ok()).toBeTruthy()
         |                               ^
      50 |     });
      51 |
      52 |     test('update a withdraw', async ({ request }) => {

        at /home/runner/work/dokan/dokan/tests/api/tests/withdraws.spec.ts:49:31

    Retry #2 ---------------------------------------------------------------------------------------

    Error: expect(received).toBeTruthy()

    Received: false

      47 |         let response = await request.get(endPoints.getSingleWithdraw(withdrawId))
      48 |         let responseBody = await apiUtils.getResponseBody(response)
    > 49 |         expect(response.ok()).toBeTruthy()
         |                               ^
      50 |     });
      51 |
      52 |     test('update a withdraw', async ({ request }) => {

        at /home/runner/work/dokan/dokan/tests/api/tests/withdraws.spec.ts:49:31
]]>
</failure>
</testcase>
<testcase name="withdraw api test update a withdraw" classname="withdraws.spec.ts › withdraw api test › update a withdraw" time="0.359">
<failure message="withdraws.spec.ts:52:9 update a withdraw" type="FAILURE">
<![CDATA[  withdraws.spec.ts:52:9 › withdraw api test › update a withdraw ===================================

    Error: expect(received).toBeTruthy()

    Received: false

      55 |         let response = await request.put(endPoints.updateWithdraw(withdrawId), { data: payloads.updateWithdraw })
      56 |         let responseBody = await apiUtils.getResponseBody(response)
    > 57 |         expect(response.ok()).toBeTruthy()
         |                               ^
      58 |     });
      59 |
      60 |     test('cancel a withdraw', async ({ request }) => {

        at /home/runner/work/dokan/dokan/tests/api/tests/withdraws.spec.ts:57:31

    Retry #1 ---------------------------------------------------------------------------------------

    Error: expect(received).toBeTruthy()

    Received: false

      55 |         let response = await request.put(endPoints.updateWithdraw(withdrawId), { data: payloads.updateWithdraw })
      56 |         let responseBody = await apiUtils.getResponseBody(response)
    > 57 |         expect(response.ok()).toBeTruthy()
         |                               ^
      58 |     });
      59 |
      60 |     test('cancel a withdraw', async ({ request }) => {

        at /home/runner/work/dokan/dokan/tests/api/tests/withdraws.spec.ts:57:31

    Retry #2 ---------------------------------------------------------------------------------------

    Error: expect(received).toBeTruthy()

    Received: false

      55 |         let response = await request.put(endPoints.updateWithdraw(withdrawId), { data: payloads.updateWithdraw })
      56 |         let responseBody = await apiUtils.getResponseBody(response)
    > 57 |         expect(response.ok()).toBeTruthy()
         |                               ^
      58 |     });
      59 |
      60 |     test('cancel a withdraw', async ({ request }) => {

        at /home/runner/work/dokan/dokan/tests/api/tests/withdraws.spec.ts:57:31
]]>
</failure>
</testcase>
<testcase name="withdraw api test cancel a withdraw" classname="withdraws.spec.ts › withdraw api test › cancel a withdraw" time="0.357">
<failure message="withdraws.spec.ts:60:9 cancel a withdraw" type="FAILURE">
<![CDATA[  withdraws.spec.ts:60:9 › withdraw api test › cancel a withdraw ===================================

    Error: expect(received).toBeTruthy()

    Received: false

      63 |         let response = await request.delete(endPoints.cancelAWithdraw(withdrawId))
      64 |         let responseBody = await apiUtils.getResponseBody(response)
    > 65 |         expect(response.ok()).toBeTruthy()
         |                               ^
      66 |     });
      67 |
      68 |     test('update batch withdraws', async ({ request }) => {

        at /home/runner/work/dokan/dokan/tests/api/tests/withdraws.spec.ts:65:31

    Retry #1 ---------------------------------------------------------------------------------------

    Error: expect(received).toBeTruthy()

    Received: false

      63 |         let response = await request.delete(endPoints.cancelAWithdraw(withdrawId))
      64 |         let responseBody = await apiUtils.getResponseBody(response)
    > 65 |         expect(response.ok()).toBeTruthy()
         |                               ^
      66 |     });
      67 |
      68 |     test('update batch withdraws', async ({ request }) => {

        at /home/runner/work/dokan/dokan/tests/api/tests/withdraws.spec.ts:65:31

    Retry #2 ---------------------------------------------------------------------------------------

    Error: expect(received).toBeTruthy()

    Received: false

      63 |         let response = await request.delete(endPoints.cancelAWithdraw(withdrawId))
      64 |         let responseBody = await apiUtils.getResponseBody(response)
    > 65 |         expect(response.ok()).toBeTruthy()
         |                               ^
      66 |     });
      67 |
      68 |     test('update batch withdraws', async ({ request }) => {

        at /home/runner/work/dokan/dokan/tests/api/tests/withdraws.spec.ts:65:31
]]>
</failure>
</testcase>
<testcase name="withdraw api test update batch withdraws" classname="withdraws.spec.ts › withdraw api test › update batch withdraws" time="0.352">
<failure message="withdraws.spec.ts:68:9 update batch withdraws" type="FAILURE">
<![CDATA[  withdraws.spec.ts:68:9 › withdraw api test › update batch withdraws ==============================

    TypeError: (intermediate value).map is not a function

      67 |
      68 |     test('update batch withdraws', async ({ request }) => {
    > 69 |         let allWithdrawIds = (await apiUtils.getAllWithdraws()).map((a: { id: any }) => a.id)
         |                                                                 ^
      70 |         // console.log(allWithdrawIds) 
      71 |
      72 |         let response = await request.put(endPoints.updateBatchWithdraws, { data: { approved: allWithdrawIds } })

        at /home/runner/work/dokan/dokan/tests/api/tests/withdraws.spec.ts:69:65

    Retry #1 ---------------------------------------------------------------------------------------

    TypeError: (intermediate value).map is not a function

      67 |
      68 |     test('update batch withdraws', async ({ request }) => {
    > 69 |         let allWithdrawIds = (await apiUtils.getAllWithdraws()).map((a: { id: any }) => a.id)
         |                                                                 ^
      70 |         // console.log(allWithdrawIds) 
      71 |
      72 |         let response = await request.put(endPoints.updateBatchWithdraws, { data: { approved: allWithdrawIds } })

        at /home/runner/work/dokan/dokan/tests/api/tests/withdraws.spec.ts:69:65

    Retry #2 ---------------------------------------------------------------------------------------

    TypeError: (intermediate value).map is not a function

      67 |
      68 |     test('update batch withdraws', async ({ request }) => {
    > 69 |         let allWithdrawIds = (await apiUtils.getAllWithdraws()).map((a: { id: any }) => a.id)
         |                                                                 ^
      70 |         // console.log(allWithdrawIds) 
      71 |
      72 |         let response = await request.put(endPoints.updateBatchWithdraws, { data: { approved: allWithdrawIds } })

        at /home/runner/work/dokan/dokan/tests/api/tests/withdraws.spec.ts:69:65
]]>
</failure>
</testcase>
<testcase name="withdraw api test create a withdraw" classname="withdraws.spec.ts › withdraw api test › create a withdraw" time="1.057">
<failure message="withdraws.spec.ts:78:9 create a withdraw" type="FAILURE">
<![CDATA[  withdraws.spec.ts:78:9 › withdraw api test › create a withdraw ===================================

    Error: expect(received).toBeTruthy()

    Received: false

      83 |          let response = await request.post(endPoints.createWithdraw, { data: { ...payloads.createWithdraw, amount: minimumWithdrawLimit } })
      84 |          let responseBody = await apiUtils.getResponseBody(response)
    > 85 |          expect(response.ok()).toBeTruthy()
         |                                ^
      86 |          expect(response.status()).toBe(201)
      87 |      });
      88 |

        at /home/runner/work/dokan/dokan/tests/api/tests/withdraws.spec.ts:85:32

    Retry #1 ---------------------------------------------------------------------------------------

    Error: expect(received).toBeTruthy()

    Received: false

      83 |          let response = await request.post(endPoints.createWithdraw, { data: { ...payloads.createWithdraw, amount: minimumWithdrawLimit } })
      84 |          let responseBody = await apiUtils.getResponseBody(response)
    > 85 |          expect(response.ok()).toBeTruthy()
         |                                ^
      86 |          expect(response.status()).toBe(201)
      87 |      });
      88 |

        at /home/runner/work/dokan/dokan/tests/api/tests/withdraws.spec.ts:85:32

    Retry #2 ---------------------------------------------------------------------------------------

    Error: expect(received).toBeTruthy()

    Received: false

      83 |          let response = await request.post(endPoints.createWithdraw, { data: { ...payloads.createWithdraw, amount: minimumWithdrawLimit } })
      84 |          let responseBody = await apiUtils.getResponseBody(response)
    > 85 |          expect(response.ok()).toBeTruthy()
         |                                ^
      86 |          expect(response.status()).toBe(201)
      87 |      });
      88 |

        at /home/runner/work/dokan/dokan/tests/api/tests/withdraws.spec.ts:85:32
]]>
</failure>
<system-out>
<![CDATA[canceled previous withdraw
canceled previous withdraw
canceled previous withdraw
]]>
</system-out>
</testcase>
</testsuite>
</testsuites>