<testsuites id="" name="" tests="2" failures="2" skipped="0" errors="0" time="6.318002999999968">
<testsuite name="_setupApi.spec.ts" timestamp="1681242161086" hostname="" tests="1" failures="1" skipped="0" time="0.84" errors="0">
<testcase name="setup test api add test vendor orders @pro" classname="[chromium] › _setupApi.spec.ts › setup test api › add test vendor orders @pro" time="0.84">
<failure message="_setupApi.spec.ts:180:7 add test vendor orders @pro" type="FAILURE">
<![CDATA[  [chromium] › _setupApi.spec.ts:180:7 › setup test api › add test vendor orders @pro ==============

    Error: expect(received).toBeTruthy()

    Received: false

      186 | 		payload.line_items[0].product_id = productId;
      187 | 		const response = await request.post(endPoints.wc.createOrder, { data: payload});
    > 188 | 		expect(response.ok()).toBeTruthy();
          | 		                      ^
      189 | 		const responseBody = await apiUtils.getResponseBody(response);
      190 | 	});
      191 |

        at /home/runner/work/dokan/dokan/tests/e2e/tests/_setupApi.spec.ts:188:25
]]>
</failure>
<system-out>
<![CDATA[Status Code:  [33m500[39m
Error:  [2mexpect([22m[31mreceived[39m[2m).[22mtoBeTruthy[2m()[22m

Received: [31mfalse[39m
Response text:  {"code":"invalid_username","message":"<strong>Error:<\/strong> The username <strong>vendor1<\/strong> is not registered on this site. If you are unsure of your username, try your email address instead.","data":null}
]]>
</system-out>
</testcase>
</testsuite>
<testsuite name="vendor.spec.ts" timestamp="1681242161086" hostname="" tests="1" failures="1" skipped="0" time="0.002" errors="0">
<testcase name="Vendor functionality test vendor can set rma settings " classname="[chromium] › vendor.spec.ts › Vendor functionality test › vendor can set rma settings " time="0.002">
<failure message="vendor.spec.ts:158:7 vendor can set rma settings " type="FAILURE">
<![CDATA[  [chromium] › vendor.spec.ts:158:7 › Vendor functionality test › vendor can set rma settings  =====

    browserType.launch: 
    ╔════════════════════════════════════════════════════════════════════════════════════════════════╗
    ║ Looks like you launched a headed browser without having a XServer running.                     ║
    ║ Set either 'headless: true' or use 'xvfb-run <your-playwright-app>' before running Playwright. ║
    ║                                                                                                ║
    ║ <3 Playwright Team                                                                             ║
    ╚════════════════════════════════════════════════════════════════════════════════════════════════╝
    =========================== logs ===========================
    <launching> /home/runner/.cache/ms-playwright/chromium-1045/chrome-linux/chrome --disable-field-trial-config --disable-background-networking --enable-features=NetworkService,NetworkServiceInProcess --disable-background-timer-throttling --disable-backgrounding-occluded-windows --disable-back-forward-cache --disable-breakpad --disable-client-side-phishing-detection --disable-component-extensions-with-background-pages --disable-component-update --no-default-browser-check --disable-default-apps --disable-dev-shm-usage --disable-extensions --disable-features=ImprovedCookieControls,LazyFrameLoading,GlobalMediaControls,DestroyProfileOnBrowserClose,MediaRouter,DialMediaRouteProvider,AcceptCHFrame,AutoExpandDetailsElement,CertificateTransparencyComponentUpdater,AvoidUnnecessaryBeforeUnloadCheckSync,Translate --allow-pre-commit-input --disable-hang-monitor --disable-ipc-flooding-protection --disable-popup-blocking --disable-prompt-on-repost --disable-renderer-backgrounding --disable-sync --force-color-profile=srgb --metrics-recording-only --no-first-run --enable-automation --password-store=basic --use-mock-keychain --no-service-autorun --export-tagged-pdf --no-sandbox --user-data-dir=/tmp/playwright_chromiumdev_profile-2M79Lb --remote-debugging-pipe --no-startup-window
    <launched> pid=6302
    [pid=6302][err] [6302:6302:0411/194247.349605:ERROR:ozone_platform_x11.cc(238)] Missing X server or $DISPLAY
    [pid=6302][err] [6302:6302:0411/194247.349651:ERROR:env.cc(255)] The platform failed to initialize.  Exiting.
    ============================================================
]]>
</failure>
</testcase>
</testsuite>
</testsuites>