<testsuites id="" name="" tests="106" failures="65" skipped="32" errors="0" time="1899.134527">
<testsuite name="_setupApi.spec.ts" timestamp="1675008999256" hostname="" tests="29" failures="18" skipped="4" time="109.321" errors="0">
<testcase name="setup test api check active plugins " classname="[chromium] › _setupApi.spec.ts › setup test api › check active plugins " time="0.512">
<failure message="_setupApi.spec.ts:25:9 check active plugins " type="FAILURE">
<![CDATA[  [chromium] › _setupApi.spec.ts:25:9 › setup test api › check active plugins  =====================

    Error: expect(received).toEqual(expected) // deep equality

    - Expected  - 0
    + Received  + 5

      Array [
        "dokan/dokan",
        "dokan-pro/dokan-pro",
    +   "ba/basic-auth",
        "woocommerce/woocommerce",
    +   "wb/woocommerce-bookings",
    +   "wps/woocommerce-product-addons",
    +   "wa/woocommerce-simple-auctions",
    +   "ws/woocommerce-subscriptions",
      ]

      26 |         let apiUtils = new ApiUtils(request)
      27 |         let activePlugins = (await apiUtils.getAllPluginByStatus('active')).map((a: { plugin: any }) => a.plugin)
    > 28 |         expect(activePlugins).toEqual(data.plugin.plugins)
         |                               ^
      29 |         // console.log(activePlugins)
      30 |     })
      31 |

        at /home/runner/work/dokan/dokan/tests/e2e/tests/_setupApi.spec.ts:28:31
]]>
</failure>
</testcase>
<testcase name="setup test api set wp settings" classname="[chromium] › _setupApi.spec.ts › setup test api › set wp settings" time="0.353">
</testcase>
<testcase name="setup test api set wc settings" classname="[chromium] › _setupApi.spec.ts › setup test api › set wc settings" time="0.444">
</testcase>
<testcase name="setup test api set tax rate" classname="[chromium] › _setupApi.spec.ts › setup test api › set tax rate" time="0.566">
</testcase>
<testcase name="setup test api set shipping methods" classname="[chromium] › _setupApi.spec.ts › setup test api › set shipping methods" time="1.905">
</testcase>
<testcase name="setup test api set basic payments" classname="[chromium] › _setupApi.spec.ts › setup test api › set basic payments" time="0.605">
</testcase>
<testcase name="setup test api add categories and attributes" classname="[chromium] › _setupApi.spec.ts › setup test api › add categories and attributes" time="1.585">
</testcase>
<testcase name="setup test api add test vendor" classname="[chromium] › _setupApi.spec.ts › setup test api › add test vendor" time="0.745">
</testcase>
<testcase name="setup test api add test vendor1 rma settings" classname="[chromium] › _setupApi.spec.ts › setup test api › add test vendor1 rma settings" time="0">
<skipped>
</skipped>
</testcase>
<testcase name="setup test api admin add test vendor products " classname="[chromium] › _setupApi.spec.ts › setup test api › admin add test vendor products " time="0.172">
<failure message="_setupApi.spec.ts:154:9 admin add test vendor products " type="FAILURE">
<![CDATA[  [chromium] › _setupApi.spec.ts:154:9 › setup test api › admin add test vendor products  ==========

    Error: expect(received).toBeTruthy()

    Received: false

       at ../utils/apiUtils.ts:116

      114 |     async createProduct(payload: object, auth?: any) {
      115 |         let response = await this.request.post(endPoints.createProduct, { data: payload, headers: auth })
    > 116 |         expect(response.ok()).toBeTruthy()
          |                               ^
      117 |         let responseBody = await this.getResponseBody(response)
      118 |         let productId = responseBody.id
      119 |         // console.log(productId)

        at ApiUtils.createProduct (/home/runner/work/dokan/dokan/tests/e2e/utils/apiUtils.ts:116:31)
        at /home/runner/work/dokan/dokan/tests/e2e/tests/_setupApi.spec.ts:157:9
]]>
</failure>
</testcase>
<testcase name="setup test api add test customer" classname="[chromium] › _setupApi.spec.ts › setup test api › add test customer" time="0.325">
<failure message="_setupApi.spec.ts:165:9 add test customer" type="FAILURE">
<![CDATA[  [chromium] › _setupApi.spec.ts:165:9 › setup test api › add test customer ========================

    Error: expect(received).toBe(expected) // Object.is equality

    Expected: 200
    Received: 201

      166 |         let apiUtils = new ApiUtils(request)
      167 |         let [responseBody, status] = await apiUtils.createCustomer(payloads.createCustomer1)
    > 168 |         responseBody.code === 'registration-error-email-exists' ? expect(status).toBe(400) : expect(status).toBe(200)
          |                                                                                                             ^
      169 |     })
      170 |
      171 |

        at /home/runner/work/dokan/dokan/tests/e2e/tests/_setupApi.spec.ts:168:109
]]>
</failure>
</testcase>
<testcase name="setup test e2e admin set WpSettings" classname="[chromium] › _setupApi.spec.ts › setup test e2e › admin set WpSettings" time="59.999">
<failure message="_setupApi.spec.ts:253:9 admin set WpSettings" type="FAILURE">
<![CDATA[  [chromium] › _setupApi.spec.ts:253:9 › setup test e2e › admin set WpSettings =====================

    Test timeout of 60000ms exceeded.

    attachment #1: screenshot (image/png) ----------------------------------------------------------
    test-results/_setupApi-setup-test-e2e-admin-set-WpSettings-chromium/test-failed-1.png
    ------------------------------------------------------------------------------------------------
]]>
</failure>
<system-out>
<![CDATA[
[[ATTACHMENT|../test-results/_setupApi-setup-test-e2e-admin-set-WpSettings-chromium/test-failed-1.png]]
]]>
</system-out>
</testcase>
<testcase name="setup test e2e admin set dokan general settings" classname="[chromium] › _setupApi.spec.ts › setup test e2e › admin set dokan general settings" time="2.994">
<failure message="_setupApi.spec.ts:258:9 admin set dokan general settings" type="FAILURE">
<![CDATA[  [chromium] › _setupApi.spec.ts:258:9 › setup test e2e › admin set dokan general settings =========

    Error: expect(received).toMatch(expected)

    Expected substring: "wp-admin/admin.php?page=dokan#/settings"
    Received string:    "http://localhost:8889/wp-login.php?redirect_to=http%3A%2F%2Flocalhost%3A8889%2Fwp-admin%2Fadmin.php%3Fpage%3Ddokan&reauth=1#/settings"

       at ../pages/basePage.ts:98

       96 |
       97 |             let currentUrl = await this.getCurrentUrl()
    >  98 |             expect(currentUrl).toMatch(subPath)
          |                                ^
       99 |         }
      100 |     }
      101 |

        at AdminPage.goIfNotThere (/home/runner/work/dokan/dokan/tests/e2e/pages/basePage.ts:98:32)
        at AdminPage.goToDokanSettings (/home/runner/work/dokan/dokan/tests/e2e/pages/adminPage.ts:21:9)
        at AdminPage.setDokanGeneralSettings (/home/runner/work/dokan/dokan/tests/e2e/pages/adminPage.ts:105:9)
        at /home/runner/work/dokan/dokan/tests/e2e/tests/_setupApi.spec.ts:260:9

    attachment #1: screenshot (image/png) ----------------------------------------------------------
    test-results/_setupApi-setup-test-e2e-admin-set-dokan-general-settings-chromium/test-failed-1.png
    ------------------------------------------------------------------------------------------------
]]>
</failure>
<system-out>
<![CDATA[
[[ATTACHMENT|../test-results/_setupApi-setup-test-e2e-admin-set-dokan-general-settings-chromium/test-failed-1.png]]
]]>
</system-out>
</testcase>
<testcase name="setup test e2e admin set dokan selling settings" classname="[chromium] › _setupApi.spec.ts › setup test e2e › admin set dokan selling settings" time="2.998">
<failure message="_setupApi.spec.ts:263:9 admin set dokan selling settings" type="FAILURE">
<![CDATA[  [chromium] › _setupApi.spec.ts:263:9 › setup test e2e › admin set dokan selling settings =========

    Error: expect(received).toMatch(expected)

    Expected substring: "wp-admin/admin.php?page=dokan#/settings"
    Received string:    "http://localhost:8889/wp-login.php?redirect_to=http%3A%2F%2Flocalhost%3A8889%2Fwp-admin%2Fadmin.php%3Fpage%3Ddokan&reauth=1#/settings"

       at ../pages/basePage.ts:98

       96 |
       97 |             let currentUrl = await this.getCurrentUrl()
    >  98 |             expect(currentUrl).toMatch(subPath)
          |                                ^
       99 |         }
      100 |     }
      101 |

        at AdminPage.goIfNotThere (/home/runner/work/dokan/dokan/tests/e2e/pages/basePage.ts:98:32)
        at AdminPage.goToDokanSettings (/home/runner/work/dokan/dokan/tests/e2e/pages/adminPage.ts:21:9)
        at AdminPage.setDokanSellingSettings (/home/runner/work/dokan/dokan/tests/e2e/pages/adminPage.ts:127:9)
        at /home/runner/work/dokan/dokan/tests/e2e/tests/_setupApi.spec.ts:265:9

    attachment #1: screenshot (image/png) ----------------------------------------------------------
    test-results/_setupApi-setup-test-e2e-admin-set-dokan-selling-settings-chromium/test-failed-1.png
    ------------------------------------------------------------------------------------------------
]]>
</failure>
<system-out>
<![CDATA[
[[ATTACHMENT|../test-results/_setupApi-setup-test-e2e-admin-set-dokan-selling-settings-chromium/test-failed-1.png]]
]]>
</system-out>
</testcase>
<testcase name="setup test e2e admin set dokan withdraw settings" classname="[chromium] › _setupApi.spec.ts › setup test e2e › admin set dokan withdraw settings" time="3.023">
<failure message="_setupApi.spec.ts:268:9 admin set dokan withdraw settings" type="FAILURE">
<![CDATA[  [chromium] › _setupApi.spec.ts:268:9 › setup test e2e › admin set dokan withdraw settings ========

    Error: expect(received).toMatch(expected)

    Expected substring: "wp-admin/admin.php?page=dokan#/settings"
    Received string:    "http://localhost:8889/wp-login.php?redirect_to=http%3A%2F%2Flocalhost%3A8889%2Fwp-admin%2Fadmin.php%3Fpage%3Ddokan&reauth=1#/settings"

       at ../pages/basePage.ts:98

       96 |
       97 |             let currentUrl = await this.getCurrentUrl()
    >  98 |             expect(currentUrl).toMatch(subPath)
          |                                ^
       99 |         }
      100 |     }
      101 |

        at AdminPage.goIfNotThere (/home/runner/work/dokan/dokan/tests/e2e/pages/basePage.ts:98:32)
        at AdminPage.goToDokanSettings (/home/runner/work/dokan/dokan/tests/e2e/pages/adminPage.ts:21:9)
        at AdminPage.setDokanWithdrawSettings (/home/runner/work/dokan/dokan/tests/e2e/pages/adminPage.ts:160:9)
        at /home/runner/work/dokan/dokan/tests/e2e/tests/_setupApi.spec.ts:270:9

    attachment #1: screenshot (image/png) ----------------------------------------------------------
    test-results/_setupApi-setup-test-e2e-admin-set-dokan-withdraw-settings-chromium/test-failed-1.png
    ------------------------------------------------------------------------------------------------
]]>
</failure>
<system-out>
<![CDATA[
[[ATTACHMENT|../test-results/_setupApi-setup-test-e2e-admin-set-dokan-withdraw-settings-chromium/test-failed-1.png]]
]]>
</system-out>
</testcase>
<testcase name="setup test e2e admin set dokan page settings" classname="[chromium] › _setupApi.spec.ts › setup test e2e › admin set dokan page settings" time="3.001">
<failure message="_setupApi.spec.ts:273:9 admin set dokan page settings" type="FAILURE">
<![CDATA[  [chromium] › _setupApi.spec.ts:273:9 › setup test e2e › admin set dokan page settings ============

    Error: expect(received).toMatch(expected)

    Expected substring: "wp-admin/admin.php?page=dokan#/settings"
    Received string:    "http://localhost:8889/wp-login.php?redirect_to=http%3A%2F%2Flocalhost%3A8889%2Fwp-admin%2Fadmin.php%3Fpage%3Ddokan&reauth=1#/settings"

       at ../pages/basePage.ts:98

       96 |
       97 |             let currentUrl = await this.getCurrentUrl()
    >  98 |             expect(currentUrl).toMatch(subPath)
          |                                ^
       99 |         }
      100 |     }
      101 |

        at AdminPage.goIfNotThere (/home/runner/work/dokan/dokan/tests/e2e/pages/basePage.ts:98:32)
        at AdminPage.goToDokanSettings (/home/runner/work/dokan/dokan/tests/e2e/pages/adminPage.ts:21:9)
        at AdminPage.setPageSettings (/home/runner/work/dokan/dokan/tests/e2e/pages/adminPage.ts:206:9)
        at /home/runner/work/dokan/dokan/tests/e2e/tests/_setupApi.spec.ts:275:9

    attachment #1: screenshot (image/png) ----------------------------------------------------------
    test-results/_setupApi-setup-test-e2e-admin-set-dokan-page-settings-chromium/test-failed-1.png
    ------------------------------------------------------------------------------------------------
]]>
</failure>
<system-out>
<![CDATA[
[[ATTACHMENT|../test-results/_setupApi-setup-test-e2e-admin-set-dokan-page-settings-chromium/test-failed-1.png]]
]]>
</system-out>
</testcase>
<testcase name="setup test e2e admin set dokan appearance settings" classname="[chromium] › _setupApi.spec.ts › setup test e2e › admin set dokan appearance settings" time="3.039">
<failure message="_setupApi.spec.ts:278:9 admin set dokan appearance settings" type="FAILURE">
<![CDATA[  [chromium] › _setupApi.spec.ts:278:9 › setup test e2e › admin set dokan appearance settings ======

    Error: expect(received).toMatch(expected)

    Expected substring: "wp-admin/admin.php?page=dokan#/settings"
    Received string:    "http://localhost:8889/wp-login.php?redirect_to=http%3A%2F%2Flocalhost%3A8889%2Fwp-admin%2Fadmin.php%3Fpage%3Ddokan&reauth=1#/settings"

       at ../pages/basePage.ts:98

       96 |
       97 |             let currentUrl = await this.getCurrentUrl()
    >  98 |             expect(currentUrl).toMatch(subPath)
          |                                ^
       99 |         }
      100 |     }
      101 |

        at AdminPage.goIfNotThere (/home/runner/work/dokan/dokan/tests/e2e/pages/basePage.ts:98:32)
        at AdminPage.goToDokanSettings (/home/runner/work/dokan/dokan/tests/e2e/pages/adminPage.ts:21:9)
        at AdminPage.setDokanAppearanceSettings (/home/runner/work/dokan/dokan/tests/e2e/pages/adminPage.ts:221:9)
        at /home/runner/work/dokan/dokan/tests/e2e/tests/_setupApi.spec.ts:280:9

    attachment #1: screenshot (image/png) ----------------------------------------------------------
    test-results/_setupApi-setup-test-e2e-admin-set-dokan-appearance-settings-chromium/test-failed-1.png
    ------------------------------------------------------------------------------------------------
]]>
</failure>
<system-out>
<![CDATA[
[[ATTACHMENT|../test-results/_setupApi-setup-test-e2e-admin-set-dokan-appearance-settings-chromium/test-failed-1.png]]
]]>
</system-out>
</testcase>
<testcase name="setup test e2e admin set dokan privacy policy settings" classname="[chromium] › _setupApi.spec.ts › setup test e2e › admin set dokan privacy policy settings" time="3.018">
<failure message="_setupApi.spec.ts:283:9 admin set dokan privacy policy settings" type="FAILURE">
<![CDATA[  [chromium] › _setupApi.spec.ts:283:9 › setup test e2e › admin set dokan privacy policy settings ==

    Error: expect(received).toMatch(expected)

    Expected substring: "wp-admin/admin.php?page=dokan#/settings"
    Received string:    "http://localhost:8889/wp-login.php?redirect_to=http%3A%2F%2Flocalhost%3A8889%2Fwp-admin%2Fadmin.php%3Fpage%3Ddokan&reauth=1#/settings"

       at ../pages/basePage.ts:98

       96 |
       97 |             let currentUrl = await this.getCurrentUrl()
    >  98 |             expect(currentUrl).toMatch(subPath)
          |                                ^
       99 |         }
      100 |     }
      101 |

        at AdminPage.goIfNotThere (/home/runner/work/dokan/dokan/tests/e2e/pages/basePage.ts:98:32)
        at AdminPage.goToDokanSettings (/home/runner/work/dokan/dokan/tests/e2e/pages/adminPage.ts:21:9)
        at AdminPage.setDokanPrivacyPolicySettings (/home/runner/work/dokan/dokan/tests/e2e/pages/adminPage.ts:243:9)
        at /home/runner/work/dokan/dokan/tests/e2e/tests/_setupApi.spec.ts:285:9

    attachment #1: screenshot (image/png) ----------------------------------------------------------
    test-results/_setupApi-setup-test-e2e-admin-set-dokan-privacy-policy-settings-chromium/test-failed-1.png
    ------------------------------------------------------------------------------------------------
]]>
</failure>
<system-out>
<![CDATA[
[[ATTACHMENT|../test-results/_setupApi-setup-test-e2e-admin-set-dokan-privacy-policy-settings-chromium/test-failed-1.png]]
]]>
</system-out>
</testcase>
<testcase name="setup test e2e admin set dokan store support settings" classname="[chromium] › _setupApi.spec.ts › setup test e2e › admin set dokan store support settings" time="2.982">
<failure message="_setupApi.spec.ts:288:9 admin set dokan store support settings" type="FAILURE">
<![CDATA[  [chromium] › _setupApi.spec.ts:288:9 › setup test e2e › admin set dokan store support settings ===

    Error: expect(received).toMatch(expected)

    Expected substring: "wp-admin/admin.php?page=dokan#/settings"
    Received string:    "http://localhost:8889/wp-login.php?redirect_to=http%3A%2F%2Flocalhost%3A8889%2Fwp-admin%2Fadmin.php%3Fpage%3Ddokan&reauth=1#/settings"

       at ../pages/basePage.ts:98

       96 |
       97 |             let currentUrl = await this.getCurrentUrl()
    >  98 |             expect(currentUrl).toMatch(subPath)
          |                                ^
       99 |         }
      100 |     }
      101 |

        at AdminPage.goIfNotThere (/home/runner/work/dokan/dokan/tests/e2e/pages/basePage.ts:98:32)
        at AdminPage.goToDokanSettings (/home/runner/work/dokan/dokan/tests/e2e/pages/adminPage.ts:21:9)
        at AdminPage.setDokanStoreSupportSettings (/home/runner/work/dokan/dokan/tests/e2e/pages/adminPage.ts:263:9)
        at /home/runner/work/dokan/dokan/tests/e2e/tests/_setupApi.spec.ts:290:9

    attachment #1: screenshot (image/png) ----------------------------------------------------------
    test-results/_setupApi-setup-test-e2e-admin-set-dokan-store-support-settings-chromium/test-failed-1.png
    ------------------------------------------------------------------------------------------------
]]>
</failure>
<system-out>
<![CDATA[
[[ATTACHMENT|../test-results/_setupApi-setup-test-e2e-admin-set-dokan-store-support-settings-chromium/test-failed-1.png]]
]]>
</system-out>
</testcase>
<testcase name="setup test e2e admin set dokan rma settings" classname="[chromium] › _setupApi.spec.ts › setup test e2e › admin set dokan rma settings" time="2.97">
<failure message="_setupApi.spec.ts:293:9 admin set dokan rma settings" type="FAILURE">
<![CDATA[  [chromium] › _setupApi.spec.ts:293:9 › setup test e2e › admin set dokan rma settings =============

    Error: expect(received).toMatch(expected)

    Expected substring: "wp-admin/admin.php?page=dokan#/settings"
    Received string:    "http://localhost:8889/wp-login.php?redirect_to=http%3A%2F%2Flocalhost%3A8889%2Fwp-admin%2Fadmin.php%3Fpage%3Ddokan&reauth=1#/settings"

       at ../pages/basePage.ts:98

       96 |
       97 |             let currentUrl = await this.getCurrentUrl()
    >  98 |             expect(currentUrl).toMatch(subPath)
          |                                ^
       99 |         }
      100 |     }
      101 |

        at AdminPage.goIfNotThere (/home/runner/work/dokan/dokan/tests/e2e/pages/basePage.ts:98:32)
        at AdminPage.goToDokanSettings (/home/runner/work/dokan/dokan/tests/e2e/pages/adminPage.ts:21:9)
        at AdminPage.setDokanRmaSettings (/home/runner/work/dokan/dokan/tests/e2e/pages/adminPage.ts:281:9)
        at /home/runner/work/dokan/dokan/tests/e2e/tests/_setupApi.spec.ts:295:9

    attachment #1: screenshot (image/png) ----------------------------------------------------------
    test-results/_setupApi-setup-test-e2e-admin-set-dokan-rma-settings-chromium/test-failed-1.png
    ------------------------------------------------------------------------------------------------
]]>
</failure>
<system-out>
<![CDATA[
[[ATTACHMENT|../test-results/_setupApi-setup-test-e2e-admin-set-dokan-rma-settings-chromium/test-failed-1.png]]
]]>
</system-out>
</testcase>
<testcase name="setup test e2e admin set dokan wholesale settings" classname="[chromium] › _setupApi.spec.ts › setup test e2e › admin set dokan wholesale settings" time="3.016">
<failure message="_setupApi.spec.ts:298:9 admin set dokan wholesale settings" type="FAILURE">
<![CDATA[  [chromium] › _setupApi.spec.ts:298:9 › setup test e2e › admin set dokan wholesale settings =======

    Error: expect(received).toMatch(expected)

    Expected substring: "wp-admin/admin.php?page=dokan#/settings"
    Received string:    "http://localhost:8889/wp-login.php?redirect_to=http%3A%2F%2Flocalhost%3A8889%2Fwp-admin%2Fadmin.php%3Fpage%3Ddokan&reauth=1#/settings"

       at ../pages/basePage.ts:98

       96 |
       97 |             let currentUrl = await this.getCurrentUrl()
    >  98 |             expect(currentUrl).toMatch(subPath)
          |                                ^
       99 |         }
      100 |     }
      101 |

        at AdminPage.goIfNotThere (/home/runner/work/dokan/dokan/tests/e2e/pages/basePage.ts:98:32)
        at AdminPage.goToDokanSettings (/home/runner/work/dokan/dokan/tests/e2e/pages/adminPage.ts:21:9)
        at AdminPage.setDokanWholesaleSettings (/home/runner/work/dokan/dokan/tests/e2e/pages/adminPage.ts:307:9)
        at /home/runner/work/dokan/dokan/tests/e2e/tests/_setupApi.spec.ts:300:9

    attachment #1: screenshot (image/png) ----------------------------------------------------------
    test-results/_setupApi-setup-test-e2e-admin-set-dokan-wholesale-settings-chromium/test-failed-1.png
    ------------------------------------------------------------------------------------------------
]]>
</failure>
<system-out>
<![CDATA[
[[ATTACHMENT|../test-results/_setupApi-setup-test-e2e-admin-set-dokan-wholesale-settings-chromium/test-failed-1.png]]
]]>
</system-out>
</testcase>
<testcase name="setup test e2e admin set dokan eu compliance settings" classname="[chromium] › _setupApi.spec.ts › setup test e2e › admin set dokan eu compliance settings" time="2.995">
<failure message="_setupApi.spec.ts:303:9 admin set dokan eu compliance settings" type="FAILURE">
<![CDATA[  [chromium] › _setupApi.spec.ts:303:9 › setup test e2e › admin set dokan eu compliance settings ===

    Error: expect(received).toMatch(expected)

    Expected substring: "wp-admin/admin.php?page=dokan#/settings"
    Received string:    "http://localhost:8889/wp-login.php?redirect_to=http%3A%2F%2Flocalhost%3A8889%2Fwp-admin%2Fadmin.php%3Fpage%3Ddokan&reauth=1#/settings"

       at ../pages/basePage.ts:98

       96 |
       97 |             let currentUrl = await this.getCurrentUrl()
    >  98 |             expect(currentUrl).toMatch(subPath)
          |                                ^
       99 |         }
      100 |     }
      101 |

        at AdminPage.goIfNotThere (/home/runner/work/dokan/dokan/tests/e2e/pages/basePage.ts:98:32)
        at AdminPage.goToDokanSettings (/home/runner/work/dokan/dokan/tests/e2e/pages/adminPage.ts:21:9)
        at AdminPage.setDokanEuComplianceSettings (/home/runner/work/dokan/dokan/tests/e2e/pages/adminPage.ts:323:9)
        at /home/runner/work/dokan/dokan/tests/e2e/tests/_setupApi.spec.ts:305:9

    attachment #1: screenshot (image/png) ----------------------------------------------------------
    test-results/_setupApi-setup-test-e2e-admin-set-dokan-eu-compliance-settings-chromium/test-failed-1.png
    ------------------------------------------------------------------------------------------------
]]>
</failure>
<system-out>
<![CDATA[
[[ATTACHMENT|../test-results/_setupApi-setup-test-e2e-admin-set-dokan-eu-compliance-settings-chromium/test-failed-1.png]]
]]>
</system-out>
</testcase>
<testcase name="setup test e2e admin set dokan delivery time settings" classname="[chromium] › _setupApi.spec.ts › setup test e2e › admin set dokan delivery time settings" time="0">
<skipped>
</skipped>
</testcase>
<testcase name="setup test e2e admin set dokan product advertising settings" classname="[chromium] › _setupApi.spec.ts › setup test e2e › admin set dokan product advertising settings" time="3.058">
<failure message="_setupApi.spec.ts:313:9 admin set dokan product advertising settings" type="FAILURE">
<![CDATA[  [chromium] › _setupApi.spec.ts:313:9 › setup test e2e › admin set dokan product advertising settings 

    Error: expect(received).toMatch(expected)

    Expected substring: "wp-admin/admin.php?page=dokan#/settings"
    Received string:    "http://localhost:8889/wp-login.php?redirect_to=http%3A%2F%2Flocalhost%3A8889%2Fwp-admin%2Fadmin.php%3Fpage%3Ddokan&reauth=1#/settings"

       at ../pages/basePage.ts:98

       96 |
       97 |             let currentUrl = await this.getCurrentUrl()
    >  98 |             expect(currentUrl).toMatch(subPath)
          |                                ^
       99 |         }
      100 |     }
      101 |

        at AdminPage.goIfNotThere (/home/runner/work/dokan/dokan/tests/e2e/pages/basePage.ts:98:32)
        at AdminPage.goToDokanSettings (/home/runner/work/dokan/dokan/tests/e2e/pages/adminPage.ts:21:9)
        at AdminPage.setDokanProductAdvertisingSettings (/home/runner/work/dokan/dokan/tests/e2e/pages/adminPage.ts:393:9)
        at /home/runner/work/dokan/dokan/tests/e2e/tests/_setupApi.spec.ts:315:9

    attachment #1: screenshot (image/png) ----------------------------------------------------------
    test-results/_setupApi-setup-test-e2e-admin-set-dokan-product-advertising-settings-chromium/test-failed-1.png
    ------------------------------------------------------------------------------------------------
]]>
</failure>
<system-out>
<![CDATA[
[[ATTACHMENT|../test-results/_setupApi-setup-test-e2e-admin-set-dokan-product-advertising-settings-chromium/test-failed-1.png]]
]]>
</system-out>
</testcase>
<testcase name="setup test e2e admin set dokan geolocation settings" classname="[chromium] › _setupApi.spec.ts › setup test e2e › admin set dokan geolocation settings" time="3.007">
<failure message="_setupApi.spec.ts:318:9 admin set dokan geolocation settings" type="FAILURE">
<![CDATA[  [chromium] › _setupApi.spec.ts:318:9 › setup test e2e › admin set dokan geolocation settings =====

    Error: expect(received).toMatch(expected)

    Expected substring: "wp-admin/admin.php?page=dokan#/settings"
    Received string:    "http://localhost:8889/wp-login.php?redirect_to=http%3A%2F%2Flocalhost%3A8889%2Fwp-admin%2Fadmin.php%3Fpage%3Ddokan&reauth=1#/settings"

       at ../pages/basePage.ts:98

       96 |
       97 |             let currentUrl = await this.getCurrentUrl()
    >  98 |             expect(currentUrl).toMatch(subPath)
          |                                ^
       99 |         }
      100 |     }
      101 |

        at AdminPage.goIfNotThere (/home/runner/work/dokan/dokan/tests/e2e/pages/basePage.ts:98:32)
        at AdminPage.goToDokanSettings (/home/runner/work/dokan/dokan/tests/e2e/pages/adminPage.ts:21:9)
        at AdminPage.setDokanGeolocationSettings (/home/runner/work/dokan/dokan/tests/e2e/pages/adminPage.ts:414:9)
        at /home/runner/work/dokan/dokan/tests/e2e/tests/_setupApi.spec.ts:320:9

    attachment #1: screenshot (image/png) ----------------------------------------------------------
    test-results/_setupApi-setup-test-e2e-admin-set-dokan-geolocation-settings-chromium/test-failed-1.png
    ------------------------------------------------------------------------------------------------
]]>
</failure>
<system-out>
<![CDATA[
[[ATTACHMENT|../test-results/_setupApi-setup-test-e2e-admin-set-dokan-geolocation-settings-chromium/test-failed-1.png]]
]]>
</system-out>
</testcase>
<testcase name="setup test e2e admin set dokan product report abuse settings" classname="[chromium] › _setupApi.spec.ts › setup test e2e › admin set dokan product report abuse settings" time="2.997">
<failure message="_setupApi.spec.ts:323:9 admin set dokan product report abuse settings" type="FAILURE">
<![CDATA[  [chromium] › _setupApi.spec.ts:323:9 › setup test e2e › admin set dokan product report abuse settings 

    Error: expect(received).toMatch(expected)

    Expected substring: "wp-admin/admin.php?page=dokan#/settings"
    Received string:    "http://localhost:8889/wp-login.php?redirect_to=http%3A%2F%2Flocalhost%3A8889%2Fwp-admin%2Fadmin.php%3Fpage%3Ddokan&reauth=1#/settings"

       at ../pages/basePage.ts:98

       96 |
       97 |             let currentUrl = await this.getCurrentUrl()
    >  98 |             expect(currentUrl).toMatch(subPath)
          |                                ^
       99 |         }
      100 |     }
      101 |

        at AdminPage.goIfNotThere (/home/runner/work/dokan/dokan/tests/e2e/pages/basePage.ts:98:32)
        at AdminPage.goToDokanSettings (/home/runner/work/dokan/dokan/tests/e2e/pages/adminPage.ts:21:9)
        at AdminPage.setDokanProductReportAbuseSettings (/home/runner/work/dokan/dokan/tests/e2e/pages/adminPage.ts:439:9)
        at /home/runner/work/dokan/dokan/tests/e2e/tests/_setupApi.spec.ts:325:9

    attachment #1: screenshot (image/png) ----------------------------------------------------------
    test-results/_setupApi-setup-test-e2e-admin-set-dokan-product-report-abuse-settings-chromium/test-failed-1.png
    ------------------------------------------------------------------------------------------------
]]>
</failure>
<system-out>
<![CDATA[
[[ATTACHMENT|../test-results/_setupApi-setup-test-e2e-admin-set-dokan-product-report-abuse-settings-chromium/test-failed-1.png]]
]]>
</system-out>
</testcase>
<testcase name="setup test e2e admin set dokan spmv settings" classname="[chromium] › _setupApi.spec.ts › setup test e2e › admin set dokan spmv settings" time="3.011">
<failure message="_setupApi.spec.ts:328:9 admin set dokan spmv settings" type="FAILURE">
<![CDATA[  [chromium] › _setupApi.spec.ts:328:9 › setup test e2e › admin set dokan spmv settings ============

    Error: expect(received).toMatch(expected)

    Expected substring: "wp-admin/admin.php?page=dokan#/settings"
    Received string:    "http://localhost:8889/wp-login.php?redirect_to=http%3A%2F%2Flocalhost%3A8889%2Fwp-admin%2Fadmin.php%3Fpage%3Ddokan&reauth=1#/settings"

       at ../pages/basePage.ts:98

       96 |
       97 |             let currentUrl = await this.getCurrentUrl()
    >  98 |             expect(currentUrl).toMatch(subPath)
          |                                ^
       99 |         }
      100 |     }
      101 |

        at AdminPage.goIfNotThere (/home/runner/work/dokan/dokan/tests/e2e/pages/basePage.ts:98:32)
        at AdminPage.goToDokanSettings (/home/runner/work/dokan/dokan/tests/e2e/pages/adminPage.ts:21:9)
        at AdminPage.setDokanSpmvSettings (/home/runner/work/dokan/dokan/tests/e2e/pages/adminPage.ts:455:9)
        at /home/runner/work/dokan/dokan/tests/e2e/tests/_setupApi.spec.ts:330:9

    attachment #1: screenshot (image/png) ----------------------------------------------------------
    test-results/_setupApi-setup-test-e2e-admin-set-dokan-spmv-settings-chromium/test-failed-1.png
    ------------------------------------------------------------------------------------------------
]]>
</failure>
<system-out>
<![CDATA[
[[ATTACHMENT|../test-results/_setupApi-setup-test-e2e-admin-set-dokan-spmv-settings-chromium/test-failed-1.png]]
]]>
</system-out>
</testcase>
<testcase name="setup test e2e admin set dokan vendor subscription settings" classname="[chromium] › _setupApi.spec.ts › setup test e2e › admin set dokan vendor subscription settings" time="0">
<skipped>
</skipped>
</testcase>
<testcase name="setup test e2e admin add dokan subscription" classname="[chromium] › _setupApi.spec.ts › setup test e2e › admin add dokan subscription" time="0.001">
<skipped>
</skipped>
</testcase>
</testsuite>
<testsuite name="admin.spec.ts" timestamp="1675008999256" hostname="" tests="31" failures="21" skipped="8" time="85.192" errors="0">
<testcase name="admin can login" classname="[chromium] › admin.spec.ts › admin can login" time="10.184">
</testcase>
<testcase name="admin can logout" classname="[chromium] › admin.spec.ts › admin can logout" time="11.696">
</testcase>
<testcase name="Admin functionality test admin can set dokan setup wizard" classname="[chromium] › admin.spec.ts › Admin functionality test › admin can set dokan setup wizard" time="0">
<skipped>
</skipped>
</testcase>
<testcase name="Admin functionality test admin can add vendor" classname="[chromium] › admin.spec.ts › Admin functionality test › admin can add vendor" time="0">
<skipped>
</skipped>
</testcase>
<testcase name="Admin functionality test admin can add simple product" classname="[chromium] › admin.spec.ts › Admin functionality test › admin can add simple product" time="2.965">
<failure message="admin.spec.ts:59:9 admin can add simple product" type="FAILURE">
<![CDATA[  [chromium] › admin.spec.ts:59:9 › Admin functionality test › admin can add simple product ========

    Error: expect(received).toMatch(expected)

    Expected substring: "wp-admin/post-new.php?post_type=product"
    Received string:    "http://localhost:8889/wp-login.php?redirect_to=http%3A%2F%2Flocalhost%3A8889%2Fwp-admin%2Fpost-new.php%3Fpost_type%3Dproduct&reauth=1"

       at ../pages/basePage.ts:98

       96 |
       97 |             let currentUrl = await this.getCurrentUrl()
    >  98 |             expect(currentUrl).toMatch(subPath)
          |                                ^
       99 |         }
      100 |     }
      101 |

        at AdminPage.goIfNotThere (/home/runner/work/dokan/dokan/tests/e2e/pages/basePage.ts:98:32)
        at AdminPage.goToWcAddNewProducts (/home/runner/work/dokan/dokan/tests/e2e/pages/adminPage.ts:25:9)
        at AdminPage.addSimpleProduct (/home/runner/work/dokan/dokan/tests/e2e/pages/adminPage.ts:1070:9)
        at /home/runner/work/dokan/dokan/tests/e2e/tests/admin.spec.ts:63:9

    attachment #1: screenshot (image/png) ----------------------------------------------------------
    test-results/admin-Admin-functionality-test-admin-can-add-simple-product-chromium/test-failed-1.png
    ------------------------------------------------------------------------------------------------
]]>
</failure>
<system-out>
<![CDATA[
[[ATTACHMENT|../test-results/admin-Admin-functionality-test-admin-can-add-simple-product-chromium/test-failed-1.png]]
]]>
</system-out>
</testcase>
<testcase name="Admin functionality test admin can add variable product" classname="[chromium] › admin.spec.ts › Admin functionality test › admin can add variable product" time="0">
<skipped>
</skipped>
</testcase>
<testcase name="Admin functionality test admin can add simple subscription " classname="[chromium] › admin.spec.ts › Admin functionality test › admin can add simple subscription " time="3.091">
<failure message="admin.spec.ts:73:9 admin can add simple subscription " type="FAILURE">
<![CDATA[  [chromium] › admin.spec.ts:73:9 › Admin functionality test › admin can add simple subscription  ==

    Error: expect(received).toMatch(expected)

    Expected substring: "wp-admin/post-new.php?post_type=product"
    Received string:    "http://localhost:8889/wp-login.php?redirect_to=http%3A%2F%2Flocalhost%3A8889%2Fwp-admin%2Fpost-new.php%3Fpost_type%3Dproduct&reauth=1"

       at ../pages/basePage.ts:98

       96 |
       97 |             let currentUrl = await this.getCurrentUrl()
    >  98 |             expect(currentUrl).toMatch(subPath)
          |                                ^
       99 |         }
      100 |     }
      101 |

        at AdminPage.goIfNotThere (/home/runner/work/dokan/dokan/tests/e2e/pages/basePage.ts:98:32)
        at AdminPage.goToWcAddNewProducts (/home/runner/work/dokan/dokan/tests/e2e/pages/adminPage.ts:25:9)
        at AdminPage.addSimpleSubscription (/home/runner/work/dokan/dokan/tests/e2e/pages/adminPage.ts:1184:9)
        at /home/runner/work/dokan/dokan/tests/e2e/tests/admin.spec.ts:77:9

    attachment #1: screenshot (image/png) ----------------------------------------------------------
    test-results/admin-Admin-functionality-test-admin-can-add-simple-subscription--chromium/test-failed-1.png
    ------------------------------------------------------------------------------------------------
]]>
</failure>
<system-out>
<![CDATA[
[[ATTACHMENT|../test-results/admin-Admin-functionality-test-admin-can-add-simple-subscription--chromium/test-failed-1.png]]
]]>
</system-out>
</testcase>
<testcase name="Admin functionality test admin can add variable subscription " classname="[chromium] › admin.spec.ts › Admin functionality test › admin can add variable subscription " time="0">
<skipped>
</skipped>
</testcase>
<testcase name="Admin functionality test admin can add external product" classname="[chromium] › admin.spec.ts › Admin functionality test › admin can add external product" time="3.025">
<failure message="admin.spec.ts:87:9 admin can add external product" type="FAILURE">
<![CDATA[  [chromium] › admin.spec.ts:87:9 › Admin functionality test › admin can add external product ======

    Error: expect(received).toMatch(expected)

    Expected substring: "wp-admin/post-new.php?post_type=product"
    Received string:    "http://localhost:8889/wp-login.php?redirect_to=http%3A%2F%2Flocalhost%3A8889%2Fwp-admin%2Fpost-new.php%3Fpost_type%3Dproduct&reauth=1"

       at ../pages/basePage.ts:98

       96 |
       97 |             let currentUrl = await this.getCurrentUrl()
    >  98 |             expect(currentUrl).toMatch(subPath)
          |                                ^
       99 |         }
      100 |     }
      101 |

        at AdminPage.goIfNotThere (/home/runner/work/dokan/dokan/tests/e2e/pages/basePage.ts:98:32)
        at AdminPage.goToWcAddNewProducts (/home/runner/work/dokan/dokan/tests/e2e/pages/adminPage.ts:25:9)
        at AdminPage.addExternalProduct (/home/runner/work/dokan/dokan/tests/e2e/pages/adminPage.ts:1216:9)
        at /home/runner/work/dokan/dokan/tests/e2e/tests/admin.spec.ts:91:9

    attachment #1: screenshot (image/png) ----------------------------------------------------------
    test-results/admin-Admin-functionality-test-admin-can-add-external-product-chromium/test-failed-1.png
    ------------------------------------------------------------------------------------------------
]]>
</failure>
<system-out>
<![CDATA[
[[ATTACHMENT|../test-results/admin-Admin-functionality-test-admin-can-add-external-product-chromium/test-failed-1.png]]
]]>
</system-out>
</testcase>
<testcase name="Admin functionality test admin can add vendor subscription " classname="[chromium] › admin.spec.ts › Admin functionality test › admin can add vendor subscription " time="3.005">
<failure message="admin.spec.ts:94:9 admin can add vendor subscription " type="FAILURE">
<![CDATA[  [chromium] › admin.spec.ts:94:9 › Admin functionality test › admin can add vendor subscription  ==

    Error: expect(received).toMatch(expected)

    Expected substring: "wp-admin/post-new.php?post_type=product"
    Received string:    "http://localhost:8889/wp-login.php?redirect_to=http%3A%2F%2Flocalhost%3A8889%2Fwp-admin%2Fpost-new.php%3Fpost_type%3Dproduct&reauth=1"

       at ../pages/basePage.ts:98

       96 |
       97 |             let currentUrl = await this.getCurrentUrl()
    >  98 |             expect(currentUrl).toMatch(subPath)
          |                                ^
       99 |         }
      100 |     }
      101 |

        at AdminPage.goIfNotThere (/home/runner/work/dokan/dokan/tests/e2e/pages/basePage.ts:98:32)
        at AdminPage.goToWcAddNewProducts (/home/runner/work/dokan/dokan/tests/e2e/pages/adminPage.ts:25:9)
        at AdminPage.addDokanSubscription (/home/runner/work/dokan/dokan/tests/e2e/pages/adminPage.ts:1245:9)
        at /home/runner/work/dokan/dokan/tests/e2e/tests/admin.spec.ts:98:9

    attachment #1: screenshot (image/png) ----------------------------------------------------------
    test-results/admin-Admin-functionality-test-admin-can-add-vendor-subscription--chromium/test-failed-1.png
    ------------------------------------------------------------------------------------------------
]]>
</failure>
<system-out>
<![CDATA[
[[ATTACHMENT|../test-results/admin-Admin-functionality-test-admin-can-add-vendor-subscription--chromium/test-failed-1.png]]
]]>
</system-out>
</testcase>
<testcase name="Admin functionality test admin can add auction product" classname="[chromium] › admin.spec.ts › Admin functionality test › admin can add auction product" time="3.015">
<failure message="admin.spec.ts:101:9 admin can add auction product" type="FAILURE">
<![CDATA[  [chromium] › admin.spec.ts:101:9 › Admin functionality test › admin can add auction product ======

    Error: expect(received).toMatch(expected)

    Expected substring: "wp-admin/post-new.php?post_type=product"
    Received string:    "http://localhost:8889/wp-login.php?redirect_to=http%3A%2F%2Flocalhost%3A8889%2Fwp-admin%2Fpost-new.php%3Fpost_type%3Dproduct&reauth=1"

       at ../pages/basePage.ts:98

       96 |
       97 |             let currentUrl = await this.getCurrentUrl()
    >  98 |             expect(currentUrl).toMatch(subPath)
          |                                ^
       99 |         }
      100 |     }
      101 |

        at AdminPage.goIfNotThere (/home/runner/work/dokan/dokan/tests/e2e/pages/basePage.ts:98:32)
        at AdminPage.goToWcAddNewProducts (/home/runner/work/dokan/dokan/tests/e2e/pages/adminPage.ts:25:9)
        at AdminPage.addAuctionProduct (/home/runner/work/dokan/dokan/tests/e2e/pages/adminPage.ts:1278:9)
        at /home/runner/work/dokan/dokan/tests/e2e/tests/admin.spec.ts:105:9

    attachment #1: screenshot (image/png) ----------------------------------------------------------
    test-results/admin-Admin-functionality-test-admin-can-add-auction-product-chromium/test-failed-1.png
    ------------------------------------------------------------------------------------------------
]]>
</failure>
<system-out>
<![CDATA[
[[ATTACHMENT|../test-results/admin-Admin-functionality-test-admin-can-add-auction-product-chromium/test-failed-1.png]]
]]>
</system-out>
</testcase>
<testcase name="Admin functionality test admin can add booking product" classname="[chromium] › admin.spec.ts › Admin functionality test › admin can add booking product" time="2.984">
<failure message="admin.spec.ts:108:9 admin can add booking product" type="FAILURE">
<![CDATA[  [chromium] › admin.spec.ts:108:9 › Admin functionality test › admin can add booking product ======

    Error: expect(received).toMatch(expected)

    Expected substring: "wp-admin/post-new.php?post_type=product"
    Received string:    "http://localhost:8889/wp-login.php?redirect_to=http%3A%2F%2Flocalhost%3A8889%2Fwp-admin%2Fpost-new.php%3Fpost_type%3Dproduct&reauth=1"

       at ../pages/basePage.ts:98

       96 |
       97 |             let currentUrl = await this.getCurrentUrl()
    >  98 |             expect(currentUrl).toMatch(subPath)
          |                                ^
       99 |         }
      100 |     }
      101 |

        at AdminPage.goIfNotThere (/home/runner/work/dokan/dokan/tests/e2e/pages/basePage.ts:98:32)
        at AdminPage.goToWcAddNewProducts (/home/runner/work/dokan/dokan/tests/e2e/pages/adminPage.ts:25:9)
        at AdminPage.addBookingProduct (/home/runner/work/dokan/dokan/tests/e2e/pages/adminPage.ts:1312:9)
        at /home/runner/work/dokan/dokan/tests/e2e/tests/admin.spec.ts:112:9

    attachment #1: screenshot (image/png) ----------------------------------------------------------
    test-results/admin-Admin-functionality-test-admin-can-add-booking-product-chromium/test-failed-1.png
    ------------------------------------------------------------------------------------------------
]]>
</failure>
<system-out>
<![CDATA[
[[ATTACHMENT|../test-results/admin-Admin-functionality-test-admin-can-add-booking-product-chromium/test-failed-1.png]]
]]>
</system-out>
</testcase>
<testcase name="Admin functionality test admin can add categories" classname="[chromium] › admin.spec.ts › Admin functionality test › admin can add categories" time="0">
<skipped>
</skipped>
</testcase>
<testcase name="Admin functionality test admin can add attributes" classname="[chromium] › admin.spec.ts › Admin functionality test › admin can add attributes" time="0">
<skipped>
</skipped>
</testcase>
<testcase name="Admin functionality test admin can set standard tax rate" classname="[chromium] › admin.spec.ts › Admin functionality test › admin can set standard tax rate" time="0">
<skipped>
</skipped>
</testcase>
<testcase name="Admin functionality test admin can set dokan general settings" classname="[chromium] › admin.spec.ts › Admin functionality test › admin can set dokan general settings" time="3.067">
<failure message="admin.spec.ts:229:9 admin can set dokan general settings" type="FAILURE">
<![CDATA[  [chromium] › admin.spec.ts:229:9 › Admin functionality test › admin can set dokan general settings 

    Error: expect(received).toMatch(expected)

    Expected substring: "wp-admin/admin.php?page=dokan#/settings"
    Received string:    "http://localhost:8889/wp-login.php?redirect_to=http%3A%2F%2Flocalhost%3A8889%2Fwp-admin%2Fadmin.php%3Fpage%3Ddokan&reauth=1#/settings"

       at ../pages/basePage.ts:98

       96 |
       97 |             let currentUrl = await this.getCurrentUrl()
    >  98 |             expect(currentUrl).toMatch(subPath)
          |                                ^
       99 |         }
      100 |     }
      101 |

        at AdminPage.goIfNotThere (/home/runner/work/dokan/dokan/tests/e2e/pages/basePage.ts:98:32)
        at AdminPage.goToDokanSettings (/home/runner/work/dokan/dokan/tests/e2e/pages/adminPage.ts:21:9)
        at AdminPage.setDokanGeneralSettings (/home/runner/work/dokan/dokan/tests/e2e/pages/adminPage.ts:105:9)
        at /home/runner/work/dokan/dokan/tests/e2e/tests/admin.spec.ts:233:9

    attachment #1: screenshot (image/png) ----------------------------------------------------------
    test-results/admin-Admin-functionality-test-admin-can-set-dokan-general-settings-chromium/test-failed-1.png
    ------------------------------------------------------------------------------------------------
]]>
</failure>
<system-out>
<![CDATA[
[[ATTACHMENT|../test-results/admin-Admin-functionality-test-admin-can-set-dokan-general-settings-chromium/test-failed-1.png]]
]]>
</system-out>
</testcase>
<testcase name="Admin functionality test admin can set dokan selling settings" classname="[chromium] › admin.spec.ts › Admin functionality test › admin can set dokan selling settings" time="2.99">
<failure message="admin.spec.ts:236:9 admin can set dokan selling settings" type="FAILURE">
<![CDATA[  [chromium] › admin.spec.ts:236:9 › Admin functionality test › admin can set dokan selling settings 

    Error: expect(received).toMatch(expected)

    Expected substring: "wp-admin/admin.php?page=dokan#/settings"
    Received string:    "http://localhost:8889/wp-login.php?redirect_to=http%3A%2F%2Flocalhost%3A8889%2Fwp-admin%2Fadmin.php%3Fpage%3Ddokan&reauth=1#/settings"

       at ../pages/basePage.ts:98

       96 |
       97 |             let currentUrl = await this.getCurrentUrl()
    >  98 |             expect(currentUrl).toMatch(subPath)
          |                                ^
       99 |         }
      100 |     }
      101 |

        at AdminPage.goIfNotThere (/home/runner/work/dokan/dokan/tests/e2e/pages/basePage.ts:98:32)
        at AdminPage.goToDokanSettings (/home/runner/work/dokan/dokan/tests/e2e/pages/adminPage.ts:21:9)
        at AdminPage.setDokanSellingSettings (/home/runner/work/dokan/dokan/tests/e2e/pages/adminPage.ts:127:9)
        at /home/runner/work/dokan/dokan/tests/e2e/tests/admin.spec.ts:240:9

    attachment #1: screenshot (image/png) ----------------------------------------------------------
    test-results/admin-Admin-functionality-test-admin-can-set-dokan-selling-settings-chromium/test-failed-1.png
    ------------------------------------------------------------------------------------------------
]]>
</failure>
<system-out>
<![CDATA[
[[ATTACHMENT|../test-results/admin-Admin-functionality-test-admin-can-set-dokan-selling-settings-chromium/test-failed-1.png]]
]]>
</system-out>
</testcase>
<testcase name="Admin functionality test admin can set dokan withdraw settings" classname="[chromium] › admin.spec.ts › Admin functionality test › admin can set dokan withdraw settings" time="3.051">
<failure message="admin.spec.ts:243:9 admin can set dokan withdraw settings" type="FAILURE">
<![CDATA[  [chromium] › admin.spec.ts:243:9 › Admin functionality test › admin can set dokan withdraw settings 

    Error: expect(received).toMatch(expected)

    Expected substring: "wp-admin/admin.php?page=dokan#/settings"
    Received string:    "http://localhost:8889/wp-login.php?redirect_to=http%3A%2F%2Flocalhost%3A8889%2Fwp-admin%2Fadmin.php%3Fpage%3Ddokan&reauth=1#/settings"

       at ../pages/basePage.ts:98

       96 |
       97 |             let currentUrl = await this.getCurrentUrl()
    >  98 |             expect(currentUrl).toMatch(subPath)
          |                                ^
       99 |         }
      100 |     }
      101 |

        at AdminPage.goIfNotThere (/home/runner/work/dokan/dokan/tests/e2e/pages/basePage.ts:98:32)
        at AdminPage.goToDokanSettings (/home/runner/work/dokan/dokan/tests/e2e/pages/adminPage.ts:21:9)
        at AdminPage.setDokanWithdrawSettings (/home/runner/work/dokan/dokan/tests/e2e/pages/adminPage.ts:160:9)
        at /home/runner/work/dokan/dokan/tests/e2e/tests/admin.spec.ts:247:9

    attachment #1: screenshot (image/png) ----------------------------------------------------------
    test-results/admin-Admin-functionality-test-admin-can-set-dokan-withdraw-settings-chromium/test-failed-1.png
    ------------------------------------------------------------------------------------------------
]]>
</failure>
<system-out>
<![CDATA[
[[ATTACHMENT|../test-results/admin-Admin-functionality-test-admin-can-set-dokan-withdraw-settings-chromium/test-failed-1.png]]
]]>
</system-out>
</testcase>
<testcase name="Admin functionality test admin can set dokan page settings" classname="[chromium] › admin.spec.ts › Admin functionality test › admin can set dokan page settings" time="3.01">
<failure message="admin.spec.ts:250:9 admin can set dokan page settings" type="FAILURE">
<![CDATA[  [chromium] › admin.spec.ts:250:9 › Admin functionality test › admin can set dokan page settings ==

    Error: expect(received).toMatch(expected)

    Expected substring: "wp-admin/admin.php?page=dokan#/settings"
    Received string:    "http://localhost:8889/wp-login.php?redirect_to=http%3A%2F%2Flocalhost%3A8889%2Fwp-admin%2Fadmin.php%3Fpage%3Ddokan&reauth=1#/settings"

       at ../pages/basePage.ts:98

       96 |
       97 |             let currentUrl = await this.getCurrentUrl()
    >  98 |             expect(currentUrl).toMatch(subPath)
          |                                ^
       99 |         }
      100 |     }
      101 |

        at AdminPage.goIfNotThere (/home/runner/work/dokan/dokan/tests/e2e/pages/basePage.ts:98:32)
        at AdminPage.goToDokanSettings (/home/runner/work/dokan/dokan/tests/e2e/pages/adminPage.ts:21:9)
        at AdminPage.setPageSettings (/home/runner/work/dokan/dokan/tests/e2e/pages/adminPage.ts:206:9)
        at /home/runner/work/dokan/dokan/tests/e2e/tests/admin.spec.ts:254:9

    attachment #1: screenshot (image/png) ----------------------------------------------------------
    test-results/admin-Admin-functionality-test-admin-can-set-dokan-page-settings-chromium/test-failed-1.png
    ------------------------------------------------------------------------------------------------
]]>
</failure>
<system-out>
<![CDATA[
[[ATTACHMENT|../test-results/admin-Admin-functionality-test-admin-can-set-dokan-page-settings-chromium/test-failed-1.png]]
]]>
</system-out>
</testcase>
<testcase name="Admin functionality test admin can set dokan appearance settings" classname="[chromium] › admin.spec.ts › Admin functionality test › admin can set dokan appearance settings" time="3.007">
<failure message="admin.spec.ts:257:9 admin can set dokan appearance settings" type="FAILURE">
<![CDATA[  [chromium] › admin.spec.ts:257:9 › Admin functionality test › admin can set dokan appearance settings 

    Error: expect(received).toMatch(expected)

    Expected substring: "wp-admin/admin.php?page=dokan#/settings"
    Received string:    "http://localhost:8889/wp-login.php?redirect_to=http%3A%2F%2Flocalhost%3A8889%2Fwp-admin%2Fadmin.php%3Fpage%3Ddokan&reauth=1#/settings"

       at ../pages/basePage.ts:98

       96 |
       97 |             let currentUrl = await this.getCurrentUrl()
    >  98 |             expect(currentUrl).toMatch(subPath)
          |                                ^
       99 |         }
      100 |     }
      101 |

        at AdminPage.goIfNotThere (/home/runner/work/dokan/dokan/tests/e2e/pages/basePage.ts:98:32)
        at AdminPage.goToDokanSettings (/home/runner/work/dokan/dokan/tests/e2e/pages/adminPage.ts:21:9)
        at AdminPage.setDokanAppearanceSettings (/home/runner/work/dokan/dokan/tests/e2e/pages/adminPage.ts:221:9)
        at /home/runner/work/dokan/dokan/tests/e2e/tests/admin.spec.ts:261:9

    attachment #1: screenshot (image/png) ----------------------------------------------------------
    test-results/admin-Admin-functionality-test-admin-can-set-dokan-appearance-settings-chromium/test-failed-1.png
    ------------------------------------------------------------------------------------------------
]]>
</failure>
<system-out>
<![CDATA[
[[ATTACHMENT|../test-results/admin-Admin-functionality-test-admin-can-set-dokan-appearance-settings-chromium/test-failed-1.png]]
]]>
</system-out>
</testcase>
<testcase name="Admin functionality test admin can set dokan privacy policy settings" classname="[chromium] › admin.spec.ts › Admin functionality test › admin can set dokan privacy policy settings" time="2.977">
<failure message="admin.spec.ts:264:9 admin can set dokan privacy policy settings" type="FAILURE">
<![CDATA[  [chromium] › admin.spec.ts:264:9 › Admin functionality test › admin can set dokan privacy policy settings 

    Error: expect(received).toMatch(expected)

    Expected substring: "wp-admin/admin.php?page=dokan#/settings"
    Received string:    "http://localhost:8889/wp-login.php?redirect_to=http%3A%2F%2Flocalhost%3A8889%2Fwp-admin%2Fadmin.php%3Fpage%3Ddokan&reauth=1#/settings"

       at ../pages/basePage.ts:98

       96 |
       97 |             let currentUrl = await this.getCurrentUrl()
    >  98 |             expect(currentUrl).toMatch(subPath)
          |                                ^
       99 |         }
      100 |     }
      101 |

        at AdminPage.goIfNotThere (/home/runner/work/dokan/dokan/tests/e2e/pages/basePage.ts:98:32)
        at AdminPage.goToDokanSettings (/home/runner/work/dokan/dokan/tests/e2e/pages/adminPage.ts:21:9)
        at AdminPage.setDokanPrivacyPolicySettings (/home/runner/work/dokan/dokan/tests/e2e/pages/adminPage.ts:243:9)
        at /home/runner/work/dokan/dokan/tests/e2e/tests/admin.spec.ts:268:9

    attachment #1: screenshot (image/png) ----------------------------------------------------------
    test-results/admin-Admin-functionality-test-admin-can-set-dokan-privacy-policy-settings-chromium/test-failed-1.png
    ------------------------------------------------------------------------------------------------
]]>
</failure>
<system-out>
<![CDATA[
[[ATTACHMENT|../test-results/admin-Admin-functionality-test-admin-can-set-dokan-privacy-policy-settings-chromium/test-failed-1.png]]
]]>
</system-out>
</testcase>
<testcase name="Admin functionality test admin can set dokan store support settings" classname="[chromium] › admin.spec.ts › Admin functionality test › admin can set dokan store support settings" time="3.015">
<failure message="admin.spec.ts:271:9 admin can set dokan store support settings" type="FAILURE">
<![CDATA[  [chromium] › admin.spec.ts:271:9 › Admin functionality test › admin can set dokan store support settings 

    Error: expect(received).toMatch(expected)

    Expected substring: "wp-admin/admin.php?page=dokan#/settings"
    Received string:    "http://localhost:8889/wp-login.php?redirect_to=http%3A%2F%2Flocalhost%3A8889%2Fwp-admin%2Fadmin.php%3Fpage%3Ddokan&reauth=1#/settings"

       at ../pages/basePage.ts:98

       96 |
       97 |             let currentUrl = await this.getCurrentUrl()
    >  98 |             expect(currentUrl).toMatch(subPath)
          |                                ^
       99 |         }
      100 |     }
      101 |

        at AdminPage.goIfNotThere (/home/runner/work/dokan/dokan/tests/e2e/pages/basePage.ts:98:32)
        at AdminPage.goToDokanSettings (/home/runner/work/dokan/dokan/tests/e2e/pages/adminPage.ts:21:9)
        at AdminPage.setDokanStoreSupportSettings (/home/runner/work/dokan/dokan/tests/e2e/pages/adminPage.ts:263:9)
        at /home/runner/work/dokan/dokan/tests/e2e/tests/admin.spec.ts:275:9

    attachment #1: screenshot (image/png) ----------------------------------------------------------
    test-results/admin-Admin-functionality-test-admin-can-set-dokan-store-support-settings-chromium/test-failed-1.png
    ------------------------------------------------------------------------------------------------
]]>
</failure>
<system-out>
<![CDATA[
[[ATTACHMENT|../test-results/admin-Admin-functionality-test-admin-can-set-dokan-store-support-settings-chromium/test-failed-1.png]]
]]>
</system-out>
</testcase>
<testcase name="Admin functionality test admin can set dokan rma settings" classname="[chromium] › admin.spec.ts › Admin functionality test › admin can set dokan rma settings" time="2.995">
<failure message="admin.spec.ts:278:9 admin can set dokan rma settings" type="FAILURE">
<![CDATA[  [chromium] › admin.spec.ts:278:9 › Admin functionality test › admin can set dokan rma settings ===

    Error: expect(received).toMatch(expected)

    Expected substring: "wp-admin/admin.php?page=dokan#/settings"
    Received string:    "http://localhost:8889/wp-login.php?redirect_to=http%3A%2F%2Flocalhost%3A8889%2Fwp-admin%2Fadmin.php%3Fpage%3Ddokan&reauth=1#/settings"

       at ../pages/basePage.ts:98

       96 |
       97 |             let currentUrl = await this.getCurrentUrl()
    >  98 |             expect(currentUrl).toMatch(subPath)
          |                                ^
       99 |         }
      100 |     }
      101 |

        at AdminPage.goIfNotThere (/home/runner/work/dokan/dokan/tests/e2e/pages/basePage.ts:98:32)
        at AdminPage.goToDokanSettings (/home/runner/work/dokan/dokan/tests/e2e/pages/adminPage.ts:21:9)
        at AdminPage.setDokanRmaSettings (/home/runner/work/dokan/dokan/tests/e2e/pages/adminPage.ts:281:9)
        at /home/runner/work/dokan/dokan/tests/e2e/tests/admin.spec.ts:282:9

    attachment #1: screenshot (image/png) ----------------------------------------------------------
    test-results/admin-Admin-functionality-test-admin-can-set-dokan-rma-settings-chromium/test-failed-1.png
    ------------------------------------------------------------------------------------------------
]]>
</failure>
<system-out>
<![CDATA[
[[ATTACHMENT|../test-results/admin-Admin-functionality-test-admin-can-set-dokan-rma-settings-chromium/test-failed-1.png]]
]]>
</system-out>
</testcase>
<testcase name="Admin functionality test admin can set dokan wholesale settings" classname="[chromium] › admin.spec.ts › Admin functionality test › admin can set dokan wholesale settings" time="3.025">
<failure message="admin.spec.ts:285:9 admin can set dokan wholesale settings" type="FAILURE">
<![CDATA[  [chromium] › admin.spec.ts:285:9 › Admin functionality test › admin can set dokan wholesale settings 

    Error: expect(received).toMatch(expected)

    Expected substring: "wp-admin/admin.php?page=dokan#/settings"
    Received string:    "http://localhost:8889/wp-login.php?redirect_to=http%3A%2F%2Flocalhost%3A8889%2Fwp-admin%2Fadmin.php%3Fpage%3Ddokan&reauth=1#/settings"

       at ../pages/basePage.ts:98

       96 |
       97 |             let currentUrl = await this.getCurrentUrl()
    >  98 |             expect(currentUrl).toMatch(subPath)
          |                                ^
       99 |         }
      100 |     }
      101 |

        at AdminPage.goIfNotThere (/home/runner/work/dokan/dokan/tests/e2e/pages/basePage.ts:98:32)
        at AdminPage.goToDokanSettings (/home/runner/work/dokan/dokan/tests/e2e/pages/adminPage.ts:21:9)
        at AdminPage.setDokanWholesaleSettings (/home/runner/work/dokan/dokan/tests/e2e/pages/adminPage.ts:307:9)
        at /home/runner/work/dokan/dokan/tests/e2e/tests/admin.spec.ts:289:9

    attachment #1: screenshot (image/png) ----------------------------------------------------------
    test-results/admin-Admin-functionality-test-admin-can-set-dokan-wholesale-settings-chromium/test-failed-1.png
    ------------------------------------------------------------------------------------------------
]]>
</failure>
<system-out>
<![CDATA[
[[ATTACHMENT|../test-results/admin-Admin-functionality-test-admin-can-set-dokan-wholesale-settings-chromium/test-failed-1.png]]
]]>
</system-out>
</testcase>
<testcase name="Admin functionality test admin can set dokan eu compliance settings" classname="[chromium] › admin.spec.ts › Admin functionality test › admin can set dokan eu compliance settings" time="3.005">
<failure message="admin.spec.ts:292:9 admin can set dokan eu compliance settings" type="FAILURE">
<![CDATA[  [chromium] › admin.spec.ts:292:9 › Admin functionality test › admin can set dokan eu compliance settings 

    Error: expect(received).toMatch(expected)

    Expected substring: "wp-admin/admin.php?page=dokan#/settings"
    Received string:    "http://localhost:8889/wp-login.php?redirect_to=http%3A%2F%2Flocalhost%3A8889%2Fwp-admin%2Fadmin.php%3Fpage%3Ddokan&reauth=1#/settings"

       at ../pages/basePage.ts:98

       96 |
       97 |             let currentUrl = await this.getCurrentUrl()
    >  98 |             expect(currentUrl).toMatch(subPath)
          |                                ^
       99 |         }
      100 |     }
      101 |

        at AdminPage.goIfNotThere (/home/runner/work/dokan/dokan/tests/e2e/pages/basePage.ts:98:32)
        at AdminPage.goToDokanSettings (/home/runner/work/dokan/dokan/tests/e2e/pages/adminPage.ts:21:9)
        at AdminPage.setDokanEuComplianceSettings (/home/runner/work/dokan/dokan/tests/e2e/pages/adminPage.ts:323:9)
        at /home/runner/work/dokan/dokan/tests/e2e/tests/admin.spec.ts:296:9

    attachment #1: screenshot (image/png) ----------------------------------------------------------
    test-results/admin-Admin-functionality-test-admin-can-set-dokan-eu-compliance-settings-chromium/test-failed-1.png
    ------------------------------------------------------------------------------------------------
]]>
</failure>
<system-out>
<![CDATA[
[[ATTACHMENT|../test-results/admin-Admin-functionality-test-admin-can-set-dokan-eu-compliance-settings-chromium/test-failed-1.png]]
]]>
</system-out>
</testcase>
<testcase name="Admin functionality test admin can set dokan delivery time settings" classname="[chromium] › admin.spec.ts › Admin functionality test › admin can set dokan delivery time settings" time="0">
<skipped>
</skipped>
</testcase>
<testcase name="Admin functionality test admin can set dokan product advertising settings" classname="[chromium] › admin.spec.ts › Admin functionality test › admin can set dokan product advertising settings" time="3.012">
<failure message="admin.spec.ts:306:9 admin can set dokan product advertising settings" type="FAILURE">
<![CDATA[  [chromium] › admin.spec.ts:306:9 › Admin functionality test › admin can set dokan product advertising settings 

    Error: expect(received).toMatch(expected)

    Expected substring: "wp-admin/admin.php?page=dokan#/settings"
    Received string:    "http://localhost:8889/wp-login.php?redirect_to=http%3A%2F%2Flocalhost%3A8889%2Fwp-admin%2Fadmin.php%3Fpage%3Ddokan&reauth=1#/settings"

       at ../pages/basePage.ts:98

       96 |
       97 |             let currentUrl = await this.getCurrentUrl()
    >  98 |             expect(currentUrl).toMatch(subPath)
          |                                ^
       99 |         }
      100 |     }
      101 |

        at AdminPage.goIfNotThere (/home/runner/work/dokan/dokan/tests/e2e/pages/basePage.ts:98:32)
        at AdminPage.goToDokanSettings (/home/runner/work/dokan/dokan/tests/e2e/pages/adminPage.ts:21:9)
        at AdminPage.setDokanProductAdvertisingSettings (/home/runner/work/dokan/dokan/tests/e2e/pages/adminPage.ts:393:9)
        at /home/runner/work/dokan/dokan/tests/e2e/tests/admin.spec.ts:310:9

    attachment #1: screenshot (image/png) ----------------------------------------------------------
    test-results/admin-Admin-functionality-test-admin-can-set-dokan-product-advertising-settings-chromium/test-failed-1.png
    ------------------------------------------------------------------------------------------------
]]>
</failure>
<system-out>
<![CDATA[
[[ATTACHMENT|../test-results/admin-Admin-functionality-test-admin-can-set-dokan-product-advertising-settings-chromium/test-failed-1.png]]
]]>
</system-out>
</testcase>
<testcase name="Admin functionality test admin can set dokan geolocation settings" classname="[chromium] › admin.spec.ts › Admin functionality test › admin can set dokan geolocation settings" time="3.004">
<failure message="admin.spec.ts:313:9 admin can set dokan geolocation settings" type="FAILURE">
<![CDATA[  [chromium] › admin.spec.ts:313:9 › Admin functionality test › admin can set dokan geolocation settings 

    Error: expect(received).toMatch(expected)

    Expected substring: "wp-admin/admin.php?page=dokan#/settings"
    Received string:    "http://localhost:8889/wp-login.php?redirect_to=http%3A%2F%2Flocalhost%3A8889%2Fwp-admin%2Fadmin.php%3Fpage%3Ddokan&reauth=1#/settings"

       at ../pages/basePage.ts:98

       96 |
       97 |             let currentUrl = await this.getCurrentUrl()
    >  98 |             expect(currentUrl).toMatch(subPath)
          |                                ^
       99 |         }
      100 |     }
      101 |

        at AdminPage.goIfNotThere (/home/runner/work/dokan/dokan/tests/e2e/pages/basePage.ts:98:32)
        at AdminPage.goToDokanSettings (/home/runner/work/dokan/dokan/tests/e2e/pages/adminPage.ts:21:9)
        at AdminPage.setDokanGeolocationSettings (/home/runner/work/dokan/dokan/tests/e2e/pages/adminPage.ts:414:9)
        at /home/runner/work/dokan/dokan/tests/e2e/tests/admin.spec.ts:317:9

    attachment #1: screenshot (image/png) ----------------------------------------------------------
    test-results/admin-Admin-functionality-test-admin-can-set-dokan-geolocation-settings-chromium/test-failed-1.png
    ------------------------------------------------------------------------------------------------
]]>
</failure>
<system-out>
<![CDATA[
[[ATTACHMENT|../test-results/admin-Admin-functionality-test-admin-can-set-dokan-geolocation-settings-chromium/test-failed-1.png]]
]]>
</system-out>
</testcase>
<testcase name="Admin functionality test admin can set dokan product report abuse settings" classname="[chromium] › admin.spec.ts › Admin functionality test › admin can set dokan product report abuse settings" time="3.03">
<failure message="admin.spec.ts:320:9 admin can set dokan product report abuse settings" type="FAILURE">
<![CDATA[  [chromium] › admin.spec.ts:320:9 › Admin functionality test › admin can set dokan product report abuse settings 

    Error: expect(received).toMatch(expected)

    Expected substring: "wp-admin/admin.php?page=dokan#/settings"
    Received string:    "http://localhost:8889/wp-login.php?redirect_to=http%3A%2F%2Flocalhost%3A8889%2Fwp-admin%2Fadmin.php%3Fpage%3Ddokan&reauth=1#/settings"

       at ../pages/basePage.ts:98

       96 |
       97 |             let currentUrl = await this.getCurrentUrl()
    >  98 |             expect(currentUrl).toMatch(subPath)
          |                                ^
       99 |         }
      100 |     }
      101 |

        at AdminPage.goIfNotThere (/home/runner/work/dokan/dokan/tests/e2e/pages/basePage.ts:98:32)
        at AdminPage.goToDokanSettings (/home/runner/work/dokan/dokan/tests/e2e/pages/adminPage.ts:21:9)
        at AdminPage.setDokanProductReportAbuseSettings (/home/runner/work/dokan/dokan/tests/e2e/pages/adminPage.ts:439:9)
        at /home/runner/work/dokan/dokan/tests/e2e/tests/admin.spec.ts:324:9

    attachment #1: screenshot (image/png) ----------------------------------------------------------
    test-results/admin-Admin-functionality-test-admin-can-set-dokan-product-report-abuse-settings-chromium/test-failed-1.png
    ------------------------------------------------------------------------------------------------
]]>
</failure>
<system-out>
<![CDATA[
[[ATTACHMENT|../test-results/admin-Admin-functionality-test-admin-can-set-dokan-product-report-abuse-settings-chromium/test-failed-1.png]]
]]>
</system-out>
</testcase>
<testcase name="Admin functionality test admin can set dokan spmv settings" classname="[chromium] › admin.spec.ts › Admin functionality test › admin can set dokan spmv settings" time="3.038">
<failure message="admin.spec.ts:327:9 admin can set dokan spmv settings" type="FAILURE">
<![CDATA[  [chromium] › admin.spec.ts:327:9 › Admin functionality test › admin can set dokan spmv settings ==

    Error: expect(received).toMatch(expected)

    Expected substring: "wp-admin/admin.php?page=dokan#/settings"
    Received string:    "http://localhost:8889/wp-login.php?redirect_to=http%3A%2F%2Flocalhost%3A8889%2Fwp-admin%2Fadmin.php%3Fpage%3Ddokan&reauth=1#/settings"

       at ../pages/basePage.ts:98

       96 |
       97 |             let currentUrl = await this.getCurrentUrl()
    >  98 |             expect(currentUrl).toMatch(subPath)
          |                                ^
       99 |         }
      100 |     }
      101 |

        at AdminPage.goIfNotThere (/home/runner/work/dokan/dokan/tests/e2e/pages/basePage.ts:98:32)
        at AdminPage.goToDokanSettings (/home/runner/work/dokan/dokan/tests/e2e/pages/adminPage.ts:21:9)
        at AdminPage.setDokanSpmvSettings (/home/runner/work/dokan/dokan/tests/e2e/pages/adminPage.ts:455:9)
        at /home/runner/work/dokan/dokan/tests/e2e/tests/admin.spec.ts:331:9

    attachment #1: screenshot (image/png) ----------------------------------------------------------
    test-results/admin-Admin-functionality-test-admin-can-set-dokan-spmv-settings-chromium/test-failed-1.png
    ------------------------------------------------------------------------------------------------
]]>
</failure>
<system-out>
<![CDATA[
[[ATTACHMENT|../test-results/admin-Admin-functionality-test-admin-can-set-dokan-spmv-settings-chromium/test-failed-1.png]]
]]>
</system-out>
</testcase>
<testcase name="Admin functionality test admin can set dokan vendor subscription settings" classname="[chromium] › admin.spec.ts › Admin functionality test › admin can set dokan vendor subscription settings" time="3.001">
<failure message="admin.spec.ts:334:9 admin can set dokan vendor subscription settings" type="FAILURE">
<![CDATA[  [chromium] › admin.spec.ts:334:9 › Admin functionality test › admin can set dokan vendor subscription settings 

    Error: expect(received).toMatch(expected)

    Expected substring: "wp-admin/admin.php?page=dokan#/settings"
    Received string:    "http://localhost:8889/wp-login.php?redirect_to=http%3A%2F%2Flocalhost%3A8889%2Fwp-admin%2Fadmin.php%3Fpage%3Ddokan&reauth=1#/settings"

       at ../pages/basePage.ts:98

       96 |
       97 |             let currentUrl = await this.getCurrentUrl()
    >  98 |             expect(currentUrl).toMatch(subPath)
          |                                ^
       99 |         }
      100 |     }
      101 |

        at AdminPage.goIfNotThere (/home/runner/work/dokan/dokan/tests/e2e/pages/basePage.ts:98:32)
        at AdminPage.goToDokanSettings (/home/runner/work/dokan/dokan/tests/e2e/pages/adminPage.ts:21:9)
        at AdminPage.setDokanVendorSubscriptionSettings (/home/runner/work/dokan/dokan/tests/e2e/pages/adminPage.ts:472:9)
        at /home/runner/work/dokan/dokan/tests/e2e/tests/admin.spec.ts:338:9

    attachment #1: screenshot (image/png) ----------------------------------------------------------
    test-results/admin-Admin-functionality-test-admin-can-set-dokan-vendor-subscription-settings-chromium/test-failed-1.png
    ------------------------------------------------------------------------------------------------
]]>
</failure>
<system-out>
<![CDATA[
[[ATTACHMENT|../test-results/admin-Admin-functionality-test-admin-can-set-dokan-vendor-subscription-settings-chromium/test-failed-1.png]]
]]>
</system-out>
</testcase>
</testsuite>
<testsuite name="customer.spec.ts" timestamp="1675008999256" hostname="" tests="19" failures="19" skipped="0" time="1139.986" errors="0">
<testcase name="Customer functionality test customer register" classname="[chromium] › customer.spec.ts › Customer functionality test › customer register" time="59.999">
<failure message="customer.spec.ts:21:9 customer register" type="FAILURE">
<![CDATA[  [chromium] › customer.spec.ts:21:9 › Customer functionality test › customer register =============

    Test timeout of 60000ms exceeded.

    Pending operations:
      - locator.click at pages/basePage.ts:162:43


    attachment #1: screenshot (image/png) ----------------------------------------------------------
    test-results/customer-Customer-functionality-test-customer-register-chromium/test-failed-1.png
    ------------------------------------------------------------------------------------------------
]]>
</failure>
<system-out>
<![CDATA[
[[ATTACHMENT|../test-results/customer-Customer-functionality-test-customer-register-chromium/test-failed-1.png]]
]]>
</system-out>
</testcase>
<testcase name="Customer functionality test customer login" classname="[chromium] › customer.spec.ts › Customer functionality test › customer login" time="59.999">
<failure message="customer.spec.ts:28:9 customer login" type="FAILURE">
<![CDATA[  [chromium] › customer.spec.ts:28:9 › Customer functionality test › customer login ================

    Test timeout of 60000ms exceeded.

    Pending operations:
      - page.fill at pages/basePage.ts:395:25


    attachment #1: screenshot (image/png) ----------------------------------------------------------
    test-results/customer-Customer-functionality-test-customer-login-chromium/test-failed-1.png
    ------------------------------------------------------------------------------------------------
]]>
</failure>
<system-out>
<![CDATA[
[[ATTACHMENT|../test-results/customer-Customer-functionality-test-customer-login-chromium/test-failed-1.png]]
]]>
</system-out>
</testcase>
<testcase name="Customer functionality test customer logout" classname="[chromium] › customer.spec.ts › Customer functionality test › customer logout" time="60">
<failure message="customer.spec.ts:33:9 customer logout" type="FAILURE">
<![CDATA[  [chromium] › customer.spec.ts:33:9 › Customer functionality test › customer logout ===============

    Test timeout of 60000ms exceeded.

    Pending operations:
      - page.fill at pages/basePage.ts:395:25


    attachment #1: screenshot (image/png) ----------------------------------------------------------
    test-results/customer-Customer-functionality-test-customer-logout-chromium/test-failed-1.png
    ------------------------------------------------------------------------------------------------
]]>
</failure>
<system-out>
<![CDATA[
[[ATTACHMENT|../test-results/customer-Customer-functionality-test-customer-logout-chromium/test-failed-1.png]]
]]>
</system-out>
</testcase>
<testcase name="Customer functionality test customer become a vendor" classname="[chromium] › customer.spec.ts › Customer functionality test › customer become a vendor" time="60">
<failure message="customer.spec.ts:39:9 customer become a vendor" type="FAILURE">
<![CDATA[  [chromium] › customer.spec.ts:39:9 › Customer functionality test › customer become a vendor ======

    Test timeout of 60000ms exceeded.

    Pending operations:
      - locator.click at pages/basePage.ts:162:43


    attachment #1: screenshot (image/png) ----------------------------------------------------------
    test-results/customer-Customer-functionality-test-customer-become-a-vendor-chromium/test-failed-1.png
    ------------------------------------------------------------------------------------------------
]]>
</failure>
<system-out>
<![CDATA[
[[ATTACHMENT|../test-results/customer-Customer-functionality-test-customer-become-a-vendor-chromium/test-failed-1.png]]
]]>
</system-out>
</testcase>
<testcase name="Customer functionality test customer become a wholesale customer" classname="[chromium] › customer.spec.ts › Customer functionality test › customer become a wholesale customer" time="60">
<failure message="customer.spec.ts:45:9 customer become a wholesale customer" type="FAILURE">
<![CDATA[  [chromium] › customer.spec.ts:45:9 › Customer functionality test › customer become a wholesale customer 

    Test timeout of 60000ms exceeded.

    Pending operations:
      - locator.click at pages/basePage.ts:162:43


    attachment #1: screenshot (image/png) ----------------------------------------------------------
    test-results/customer-Customer-functionality-test-customer-become-a-wholesale-customer-chromium/test-failed-1.png
    ------------------------------------------------------------------------------------------------
]]>
</failure>
<system-out>
<![CDATA[
[[ATTACHMENT|../test-results/customer-Customer-functionality-test-customer-become-a-wholesale-customer-chromium/test-failed-1.png]]
]]>
</system-out>
</testcase>
<testcase name="Customer functionality test customer add customer details" classname="[chromium] › customer.spec.ts › Customer functionality test › customer add customer details" time="59.999">
<failure message="customer.spec.ts:51:9 customer add customer details" type="FAILURE">
<![CDATA[  [chromium] › customer.spec.ts:51:9 › Customer functionality test › customer add customer details =

    Test timeout of 60000ms exceeded.

    Pending operations:
      - locator.click at pages/basePage.ts:162:43


    attachment #1: screenshot (image/png) ----------------------------------------------------------
    test-results/customer-Customer-functionality-test-customer-add-customer-details-chromium/test-failed-1.png
    ------------------------------------------------------------------------------------------------
]]>
</failure>
<system-out>
<![CDATA[
[[ATTACHMENT|../test-results/customer-Customer-functionality-test-customer-add-customer-details-chromium/test-failed-1.png]]
]]>
</system-out>
</testcase>
<testcase name="Customer functionality test customer add billing details" classname="[chromium] › customer.spec.ts › Customer functionality test › customer add billing details" time="60">
<failure message="customer.spec.ts:57:9 customer add billing details" type="FAILURE">
<![CDATA[  [chromium] › customer.spec.ts:57:9 › Customer functionality test › customer add billing details ==

    Test timeout of 60000ms exceeded.

    Pending operations:
      - page.fill at pages/basePage.ts:395:25


    attachment #1: screenshot (image/png) ----------------------------------------------------------
    test-results/customer-Customer-functionality-test-customer-add-billing-details-chromium/test-failed-1.png
    ------------------------------------------------------------------------------------------------
]]>
</failure>
<system-out>
<![CDATA[
[[ATTACHMENT|../test-results/customer-Customer-functionality-test-customer-add-billing-details-chromium/test-failed-1.png]]
]]>
</system-out>
</testcase>
<testcase name="Customer functionality test customer add shipping details" classname="[chromium] › customer.spec.ts › Customer functionality test › customer add shipping details" time="59.999">
<failure message="customer.spec.ts:64:9 customer add shipping details" type="FAILURE">
<![CDATA[  [chromium] › customer.spec.ts:64:9 › Customer functionality test › customer add shipping details =

    Test timeout of 60000ms exceeded.

    Pending operations:
      - page.fill at pages/basePage.ts:395:25


    attachment #1: screenshot (image/png) ----------------------------------------------------------
    test-results/customer-Customer-functionality-test-customer-add-shipping-details-chromium/test-failed-1.png
    ------------------------------------------------------------------------------------------------
]]>
</failure>
<system-out>
<![CDATA[
[[ATTACHMENT|../test-results/customer-Customer-functionality-test-customer-add-shipping-details-chromium/test-failed-1.png]]
]]>
</system-out>
</testcase>
<testcase name="Customer functionality test customer search vendor" classname="[chromium] › customer.spec.ts › Customer functionality test › customer search vendor" time="59.999">
<failure message="customer.spec.ts:71:9 customer search vendor" type="FAILURE">
<![CDATA[  [chromium] › customer.spec.ts:71:9 › Customer functionality test › customer search vendor ========

    Test timeout of 60000ms exceeded.

    Pending operations:
      - page.fill at pages/basePage.ts:395:25


    attachment #1: screenshot (image/png) ----------------------------------------------------------
    test-results/customer-Customer-functionality-test-customer-search-vendor-chromium/test-failed-1.png
    ------------------------------------------------------------------------------------------------
]]>
</failure>
<system-out>
<![CDATA[
[[ATTACHMENT|../test-results/customer-Customer-functionality-test-customer-search-vendor-chromium/test-failed-1.png]]
]]>
</system-out>
</testcase>
<testcase name="Customer functionality test customer search product   @product" classname="[chromium] › customer.spec.ts › Customer functionality test › customer search product   @product" time="59.999">
<failure message="customer.spec.ts:79:9 customer search product   @product" type="FAILURE">
<![CDATA[  [chromium] › customer.spec.ts:79:9 › Customer functionality test › customer search product   @product 

    Test timeout of 60000ms exceeded.

    Pending operations:
      - page.fill at pages/basePage.ts:395:25


    attachment #1: screenshot (image/png) ----------------------------------------------------------
    test-results/customer-Customer-functionality-test-customer-search-product-product-chromium/test-failed-1.png
    ------------------------------------------------------------------------------------------------
]]>
</failure>
<system-out>
<![CDATA[
[[ATTACHMENT|../test-results/customer-Customer-functionality-test-customer-search-product-product-chromium/test-failed-1.png]]
]]>
</system-out>
</testcase>
<testcase name="Customer functionality test customer buy product" classname="[chromium] › customer.spec.ts › Customer functionality test › customer buy product" time="59.999">
<failure message="customer.spec.ts:86:9 customer buy product" type="FAILURE">
<![CDATA[  [chromium] › customer.spec.ts:86:9 › Customer functionality test › customer buy product ==========

    Test timeout of 60000ms exceeded.

    Pending operations:
      - page.fill at pages/basePage.ts:395:25


    attachment #1: screenshot (image/png) ----------------------------------------------------------
    test-results/customer-Customer-functionality-test-customer-buy-product-chromium/test-failed-1.png
    ------------------------------------------------------------------------------------------------
]]>
</failure>
<system-out>
<![CDATA[
[[ATTACHMENT|../test-results/customer-Customer-functionality-test-customer-buy-product-chromium/test-failed-1.png]]
]]>
</system-out>
</testcase>
<testcase name="Customer functionality test customer can review product" classname="[chromium] › customer.spec.ts › Customer functionality test › customer can review product" time="59.999">
<failure message="customer.spec.ts:97:9 customer can review product" type="FAILURE">
<![CDATA[  [chromium] › customer.spec.ts:97:9 › Customer functionality test › customer can review product ===

    Test timeout of 60000ms exceeded.

    Pending operations:
      - page.fill at pages/basePage.ts:395:25


    attachment #1: screenshot (image/png) ----------------------------------------------------------
    test-results/customer-Customer-functionality-test-customer-can-review-product-chromium/test-failed-1.png
    ------------------------------------------------------------------------------------------------
]]>
</failure>
<system-out>
<![CDATA[
[[ATTACHMENT|../test-results/customer-Customer-functionality-test-customer-can-review-product-chromium/test-failed-1.png]]
]]>
</system-out>
</testcase>
<testcase name="Customer functionality test customer can report product" classname="[chromium] › customer.spec.ts › Customer functionality test › customer can report product" time="59.999">
<failure message="customer.spec.ts:104:9 customer can report product" type="FAILURE">
<![CDATA[  [chromium] › customer.spec.ts:104:9 › Customer functionality test › customer can report product ==

    Test timeout of 60000ms exceeded.

    Pending operations:
      - page.fill at pages/basePage.ts:395:25


    attachment #1: screenshot (image/png) ----------------------------------------------------------
    test-results/customer-Customer-functionality-test-customer-can-report-product-chromium/test-failed-1.png
    ------------------------------------------------------------------------------------------------
]]>
</failure>
<system-out>
<![CDATA[
[[ATTACHMENT|../test-results/customer-Customer-functionality-test-customer-can-report-product-chromium/test-failed-1.png]]
]]>
</system-out>
</testcase>
<testcase name="Customer functionality test customer can enquire product" classname="[chromium] › customer.spec.ts › Customer functionality test › customer can enquire product" time="59.999">
<failure message="customer.spec.ts:111:9 customer can enquire product" type="FAILURE">
<![CDATA[  [chromium] › customer.spec.ts:111:9 › Customer functionality test › customer can enquire product =

    Test timeout of 60000ms exceeded.

    Pending operations:
      - page.fill at pages/basePage.ts:395:25


    attachment #1: screenshot (image/png) ----------------------------------------------------------
    test-results/customer-Customer-functionality-test-customer-can-enquire-product-chromium/test-failed-1.png
    ------------------------------------------------------------------------------------------------
]]>
</failure>
<system-out>
<![CDATA[
[[ATTACHMENT|../test-results/customer-Customer-functionality-test-customer-can-enquire-product-chromium/test-failed-1.png]]
]]>
</system-out>
</testcase>
<testcase name="Customer functionality test customer can add product to cart" classname="[chromium] › customer.spec.ts › Customer functionality test › customer can add product to cart" time="60">
<failure message="customer.spec.ts:118:9 customer can add product to cart" type="FAILURE">
<![CDATA[  [chromium] › customer.spec.ts:118:9 › Customer functionality test › customer can add product to cart 

    Test timeout of 60000ms exceeded.

    Pending operations:
      - page.fill at pages/basePage.ts:395:25


    attachment #1: screenshot (image/png) ----------------------------------------------------------
    test-results/customer-Customer-functionality-test-customer-can-add-product-to-cart-chromium/test-failed-1.png
    ------------------------------------------------------------------------------------------------
]]>
</failure>
<system-out>
<![CDATA[
[[ATTACHMENT|../test-results/customer-Customer-functionality-test-customer-can-add-product-to-cart-chromium/test-failed-1.png]]
]]>
</system-out>
</testcase>
<testcase name="Customer functionality test customer can apply coupon" classname="[chromium] › customer.spec.ts › Customer functionality test › customer can apply coupon" time="59.998">
<failure message="customer.spec.ts:128:9 customer can apply coupon" type="FAILURE">
<![CDATA[  [chromium] › customer.spec.ts:128:9 › Customer functionality test › customer can apply coupon ====

    Test timeout of 60000ms exceeded.

    Pending operations:
      - page.fill at pages/basePage.ts:395:25


    attachment #1: screenshot (image/png) ----------------------------------------------------------
    test-results/customer-Customer-functionality-test-customer-can-apply-coupon-chromium/test-failed-1.png
    ------------------------------------------------------------------------------------------------
]]>
</failure>
<system-out>
<![CDATA[
[[ATTACHMENT|../test-results/customer-Customer-functionality-test-customer-can-apply-coupon-chromium/test-failed-1.png]]
]]>
</system-out>
</testcase>
<testcase name="Customer functionality test customer can follow vendor @pro" classname="[chromium] › customer.spec.ts › Customer functionality test › customer can follow vendor @pro" time="60">
<failure message="customer.spec.ts:138:9 customer can follow vendor @pro" type="FAILURE">
<![CDATA[  [chromium] › customer.spec.ts:138:9 › Customer functionality test › customer can follow vendor @pro 

    Test timeout of 60000ms exceeded.

    Pending operations:
      - page.fill at pages/basePage.ts:395:25


    attachment #1: screenshot (image/png) ----------------------------------------------------------
    test-results/customer-Customer-functionality-test-customer-can-follow-vendor-pro-chromium/test-failed-1.png
    ------------------------------------------------------------------------------------------------
]]>
</failure>
<system-out>
<![CDATA[
[[ATTACHMENT|../test-results/customer-Customer-functionality-test-customer-can-follow-vendor-pro-chromium/test-failed-1.png]]
]]>
</system-out>
</testcase>
<testcase name="Customer functionality test customer can review store" classname="[chromium] › customer.spec.ts › Customer functionality test › customer can review store" time="59.999">
<failure message="customer.spec.ts:145:9 customer can review store" type="FAILURE">
<![CDATA[  [chromium] › customer.spec.ts:145:9 › Customer functionality test › customer can review store ====

    Test timeout of 60000ms exceeded.

    Pending operations:
      - page.fill at pages/basePage.ts:395:25


    attachment #1: screenshot (image/png) ----------------------------------------------------------
    test-results/customer-Customer-functionality-test-customer-can-review-store-chromium/test-failed-1.png
    ------------------------------------------------------------------------------------------------
]]>
</failure>
<system-out>
<![CDATA[
[[ATTACHMENT|../test-results/customer-Customer-functionality-test-customer-can-review-store-chromium/test-failed-1.png]]
]]>
</system-out>
</testcase>
<testcase name="Customer functionality test customer can ask for get support " classname="[chromium] › customer.spec.ts › Customer functionality test › customer can ask for get support " time="59.999">
<failure message="customer.spec.ts:152:9 customer can ask for get support " type="FAILURE">
<![CDATA[  [chromium] › customer.spec.ts:152:9 › Customer functionality test › customer can ask for get support  

    Test timeout of 60000ms exceeded.

    Pending operations:
      - page.fill at pages/basePage.ts:395:25


    attachment #1: screenshot (image/png) ----------------------------------------------------------
    test-results/customer-Customer-functionality-test-customer-can-ask-for-get-support--chromium/test-failed-1.png
    ------------------------------------------------------------------------------------------------
]]>
</failure>
<system-out>
<![CDATA[
[[ATTACHMENT|../test-results/customer-Customer-functionality-test-customer-can-ask-for-get-support--chromium/test-failed-1.png]]
]]>
</system-out>
</testcase>
</testsuite>
<testsuite name="vendor.spec.ts" timestamp="1675008999256" hostname="" tests="27" failures="7" skipped="20" time="419.993" errors="0">
<testcase name="Vendor functionality test vendor can add simple product @product" classname="[chromium] › vendor.spec.ts › Vendor functionality test › vendor can add simple product @product" time="59.999">
<failure message="vendor.spec.ts:50:9 vendor can add simple product @product" type="FAILURE">
<![CDATA[  [chromium] › vendor.spec.ts:50:9 › Vendor functionality test › vendor can add simple product @product 

    Test timeout of 60000ms exceeded.

    attachment #1: screenshot (image/png) ----------------------------------------------------------
    test-results/vendor-Vendor-functionality-test-vendor-can-add-simple-product-product-chromium/test-failed-1.png
    ------------------------------------------------------------------------------------------------
]]>
</failure>
<system-out>
<![CDATA[
[[ATTACHMENT|../test-results/vendor-Vendor-functionality-test-vendor-can-add-simple-product-product-chromium/test-failed-1.png]]
]]>
</system-out>
</testcase>
<testcase name="Vendor functionality test vendor can add variable product" classname="[chromium] › vendor.spec.ts › Vendor functionality test › vendor can add variable product" time="0">
<skipped>
</skipped>
</testcase>
<testcase name="Vendor functionality test vendor can add simple subscription product" classname="[chromium] › vendor.spec.ts › Vendor functionality test › vendor can add simple subscription product" time="59.999">
<failure message="vendor.spec.ts:64:9 vendor can add simple subscription product" type="FAILURE">
<![CDATA[  [chromium] › vendor.spec.ts:64:9 › Vendor functionality test › vendor can add simple subscription product 

    Test timeout of 60000ms exceeded.

    attachment #1: screenshot (image/png) ----------------------------------------------------------
    test-results/vendor-Vendor-functionality-test-vendor-can-add-simple-subscription-product-chromium/test-failed-1.png
    ------------------------------------------------------------------------------------------------
]]>
</failure>
<system-out>
<![CDATA[
[[ATTACHMENT|../test-results/vendor-Vendor-functionality-test-vendor-can-add-simple-subscription-product-chromium/test-failed-1.png]]
]]>
</system-out>
</testcase>
<testcase name="Vendor functionality test vendor can add variable subscription product" classname="[chromium] › vendor.spec.ts › Vendor functionality test › vendor can add variable subscription product" time="0">
<skipped>
</skipped>
</testcase>
<testcase name="Vendor functionality test vendor can add external product" classname="[chromium] › vendor.spec.ts › Vendor functionality test › vendor can add external product" time="59.999">
<failure message="vendor.spec.ts:78:9 vendor can add external product" type="FAILURE">
<![CDATA[  [chromium] › vendor.spec.ts:78:9 › Vendor functionality test › vendor can add external product ===

    Test timeout of 60000ms exceeded.

    attachment #1: screenshot (image/png) ----------------------------------------------------------
    test-results/vendor-Vendor-functionality-test-vendor-can-add-external-product-chromium/test-failed-1.png
    ------------------------------------------------------------------------------------------------
]]>
</failure>
<system-out>
<![CDATA[
[[ATTACHMENT|../test-results/vendor-Vendor-functionality-test-vendor-can-add-external-product-chromium/test-failed-1.png]]
]]>
</system-out>
</testcase>
<testcase name="Vendor functionality test vendor can add auction product" classname="[chromium] › vendor.spec.ts › Vendor functionality test › vendor can add auction product" time="0">
<skipped>
</skipped>
</testcase>
<testcase name="Vendor functionality test vendor can add booking product" classname="[chromium] › vendor.spec.ts › Vendor functionality test › vendor can add booking product" time="59.998">
<failure message="vendor.spec.ts:92:9 vendor can add booking product" type="FAILURE">
<![CDATA[  [chromium] › vendor.spec.ts:92:9 › Vendor functionality test › vendor can add booking product ====

    Test timeout of 60000ms exceeded.

    attachment #1: screenshot (image/png) ----------------------------------------------------------
    test-results/vendor-Vendor-functionality-test-vendor-can-add-booking-product-chromium/test-failed-1.png
    ------------------------------------------------------------------------------------------------
]]>
</failure>
<system-out>
<![CDATA[
[[ATTACHMENT|../test-results/vendor-Vendor-functionality-test-vendor-can-add-booking-product-chromium/test-failed-1.png]]
]]>
</system-out>
</testcase>
<testcase name="Vendor functionality test vendor can add coupon" classname="[chromium] › vendor.spec.ts › Vendor functionality test › vendor can add coupon" time="59.999">
<failure message="vendor.spec.ts:99:9 vendor can add coupon" type="FAILURE">
<![CDATA[  [chromium] › vendor.spec.ts:99:9 › Vendor functionality test › vendor can add coupon =============

    Test timeout of 60000ms exceeded.

    attachment #1: screenshot (image/png) ----------------------------------------------------------
    test-results/vendor-Vendor-functionality-test-vendor-can-add-coupon-chromium/test-failed-1.png
    ------------------------------------------------------------------------------------------------
]]>
</failure>
<system-out>
<![CDATA[
[[ATTACHMENT|../test-results/vendor-Vendor-functionality-test-vendor-can-add-coupon-chromium/test-failed-1.png]]
]]>
</system-out>
</testcase>
<testcase name="Vendor functionality test vendor can request withdraw" classname="[chromium] › vendor.spec.ts › Vendor functionality test › vendor can request withdraw" time="0">
<skipped>
</skipped>
</testcase>
<testcase name="Vendor functionality test vendor can cancel request withdraw" classname="[chromium] › vendor.spec.ts › Vendor functionality test › vendor can cancel request withdraw" time="0">
<skipped>
</skipped>
</testcase>
<testcase name="Vendor functionality test vendor can add auto withdraw disbursement schedule" classname="[chromium] › vendor.spec.ts › Vendor functionality test › vendor can add auto withdraw disbursement schedule" time="59.999">
<failure message="vendor.spec.ts:121:9 vendor can add auto withdraw disbursement schedule" type="FAILURE">
<![CDATA[  [chromium] › vendor.spec.ts:121:9 › Vendor functionality test › vendor can add auto withdraw disbursement schedule 

    Test timeout of 60000ms exceeded.

    attachment #1: screenshot (image/png) ----------------------------------------------------------
    test-results/vendor-Vendor-functionality-test-vendor-can-add-auto-withdraw-disbursement-schedule-chromium/test-failed-1.png
    ------------------------------------------------------------------------------------------------
]]>
</failure>
<system-out>
<![CDATA[
[[ATTACHMENT|../test-results/vendor-Vendor-functionality-test-vendor-can-add-auto-withdraw-disbursement-schedule-chromium/test-failed-1.png]]
]]>
</system-out>
</testcase>
<testcase name="Vendor functionality test vendor can add default withdraw payment methods " classname="[chromium] › vendor.spec.ts › Vendor functionality test › vendor can add default withdraw payment methods " time="0">
<skipped>
</skipped>
</testcase>
<testcase name="Vendor functionality test vendor can set store settings " classname="[chromium] › vendor.spec.ts › Vendor functionality test › vendor can set store settings " time="0">
<skipped>
</skipped>
</testcase>
<testcase name="Vendor functionality test vendor can add addons" classname="[chromium] › vendor.spec.ts › Vendor functionality test › vendor can add addons" time="59.999">
<failure message="vendor.spec.ts:146:9 vendor can add addons" type="FAILURE">
<![CDATA[  [chromium] › vendor.spec.ts:146:9 › Vendor functionality test › vendor can add addons ============

    Test timeout of 60000ms exceeded.

    attachment #1: screenshot (image/png) ----------------------------------------------------------
    test-results/vendor-Vendor-functionality-test-vendor-can-add-addons-chromium/test-failed-1.png
    ------------------------------------------------------------------------------------------------
]]>
</failure>
<system-out>
<![CDATA[
[[ATTACHMENT|../test-results/vendor-Vendor-functionality-test-vendor-can-add-addons-chromium/test-failed-1.png]]
]]>
</system-out>
</testcase>
<testcase name="Vendor functionality test vendor can edit addon" classname="[chromium] › vendor.spec.ts › Vendor functionality test › vendor can edit addon" time="0">
<skipped>
</skipped>
</testcase>
<testcase name="Vendor functionality test vendor can send id verification request " classname="[chromium] › vendor.spec.ts › Vendor functionality test › vendor can send id verification request " time="0">
<skipped>
</skipped>
</testcase>
<testcase name="Vendor functionality test vendor can send address verification request " classname="[chromium] › vendor.spec.ts › Vendor functionality test › vendor can send address verification request " time="0">
<skipped>
</skipped>
</testcase>
<testcase name="Vendor functionality test vendor can send company verification request " classname="[chromium] › vendor.spec.ts › Vendor functionality test › vendor can send company verification request " time="0">
<skipped>
</skipped>
</testcase>
<testcase name="Vendor functionality test vendor can set delivery time settings " classname="[chromium] › vendor.spec.ts › Vendor functionality test › vendor can set delivery time settings " time="0">
<skipped>
</skipped>
</testcase>
<testcase name="Vendor functionality test vendor can set shipping policy" classname="[chromium] › vendor.spec.ts › Vendor functionality test › vendor can set shipping policy" time="0">
<skipped>
</skipped>
</testcase>
<testcase name="Vendor functionality test vendor can set flat rate shipping " classname="[chromium] › vendor.spec.ts › Vendor functionality test › vendor can set flat rate shipping " time="0">
<skipped>
</skipped>
</testcase>
<testcase name="Vendor functionality test vendor can set free shipping " classname="[chromium] › vendor.spec.ts › Vendor functionality test › vendor can set free shipping " time="0">
<skipped>
</skipped>
</testcase>
<testcase name="Vendor functionality test vendor can set local pickup shipping " classname="[chromium] › vendor.spec.ts › Vendor functionality test › vendor can set local pickup shipping " time="0">
<skipped>
</skipped>
</testcase>
<testcase name="Vendor functionality test vendor can set table rate shipping shipping " classname="[chromium] › vendor.spec.ts › Vendor functionality test › vendor can set table rate shipping shipping " time="0">
<skipped>
</skipped>
</testcase>
<testcase name="Vendor functionality test vendor can set dokan distance rate shipping " classname="[chromium] › vendor.spec.ts › Vendor functionality test › vendor can set dokan distance rate shipping " time="0">
<skipped>
</skipped>
</testcase>
<testcase name="Vendor functionality test vendor can set social profile settings " classname="[chromium] › vendor.spec.ts › Vendor functionality test › vendor can set social profile settings " time="0">
<skipped>
</skipped>
</testcase>
<testcase name="Vendor functionality test vendor can set rma settings " classname="[chromium] › vendor.spec.ts › Vendor functionality test › vendor can set rma settings " time="0.001">
<skipped>
</skipped>
</testcase>
</testsuite>
</testsuites>