<testsuites id="" name="" tests="1" failures="0" skipped="0" errors="0" time="4.987239999999991">
<testsuite name="api/coupons.spec.ts" timestamp="1670313795277" hostname="" tests="1" failures="0" skipped="0" time="0.463" errors="0">
<testcase name="coupon api test create a coupon" classname="[chromium] › api/coupons.spec.ts › coupon api test › create a coupon" time="0.463">
<system-out>
<![CDATA[http://localhost:8889?rest_route=/dokan/v1/products/
http://localhost:8889?rest_route=/dokan/v1/products/
{
  id: [33m15[39m,
  code: [32m'vc_9ab6e422-c085-449f-9e62-c7051bb49e0b'[39m,
  amount: [32m'1.00'[39m,
  date_created: [32m'2022-12-06T08:03:20'[39m,
  date_created_gmt: [32m'2022-12-06T08:03:20'[39m,
  date_modified: [32m'2022-12-06T08:03:20'[39m,
  date_modified_gmt: [32m'2022-12-06T08:03:20'[39m,
  discount_type: [32m'fixed_product'[39m,
  description: [32m''[39m,
  date_expires: [1mnull[22m,
  date_expires_gmt: [1mnull[22m,
  usage_count: [33m0[39m,
  individual_use: [33mfalse[39m,
  product_ids: [ [33m15[39m ],
  excluded_product_ids: [],
  usage_limit: [1mnull[22m,
  usage_limit_per_user: [1mnull[22m,
  limit_usage_to_x_items: [1mnull[22m,
  free_shipping: [33mfalse[39m,
  product_categories: [],
  excluded_product_categories: [],
  exclude_sale_items: [33mfalse[39m,
  minimum_amount: [32m'0.00'[39m,
  maximum_amount: [32m'0.00'[39m,
  email_restrictions: [],
  used_by: [],
  meta_data: [],
  _links: { self: [ [36m[Object][39m ], collection: [ [36m[Object][39m ] }
}
]]>
</system-out>
</testcase>
</testsuite>
</testsuites>