<testsuites id="" name="" tests="1" failures="1" skipped="0" errors="0" time="128.349632">
<testsuite name="_setupApi.spec.ts" timestamp="1675577939484" hostname="" tests="1" failures="1" skipped="0" time="119.999" errors="0">
<testcase name="setup test e2e admin set WpSettings" classname="[chromium] › _setupApi.spec.ts › setup test e2e › admin set WpSettings" time="119.999">
<failure message="_setupApi.spec.ts:239:7 admin set WpSettings" type="FAILURE">
<![CDATA[  [chromium] › _setupApi.spec.ts:239:7 › setup test e2e › admin set WpSettings =====================

    Test timeout of 120000ms exceeded.

    locator.click: Target closed
    =========================== logs ===========================
    waiting for locator('#woocommerce_custom_selection')
    ============================================================

       at ../pages/basePage.ts:164

      162 | 	// click on element
      163 | 	async click(selector: string): Promise<void> {
    > 164 | 		await this.page.locator(selector).click();
          | 		                                  ^
      165 | 		// await this.page.click(selector)
      166 | 	}
      167 |

        at AdminPage.click (/home/runner/work/dokan/dokan/tests/e2e/pages/basePage.ts:164:37)
        at AdminPage.setPermalinkSettings (/home/runner/work/dokan/dokan/tests/e2e/pages/adminPage.ts:62:20)
        at /home/runner/work/dokan/dokan/tests/e2e/tests/_setupApi.spec.ts:248:3

    attachment #1: screenshot (image/png) ----------------------------------------------------------
    test-results/_setupApi-setup-test-e2e-admin-set-WpSettings-chromium/test-failed-1.png
    ------------------------------------------------------------------------------------------------
]]>
</failure>
<system-out>
<![CDATA[file exists

[[ATTACHMENT|../test-results/_setupApi-setup-test-e2e-admin-set-WpSettings-chromium/test-failed-1.png]]
]]>
</system-out>
</testcase>
</testsuite>
</testsuites>