<testsuites id="" name="" tests="1" failures="1" skipped="0" errors="0" time="2.8538060000000116">
<testsuite name="_setupApi.spec.ts" timestamp="1680160003402" hostname="" tests="1" failures="1" skipped="0" time="0.003" errors="0">
<testcase name="setup test e2e admin set dokan geolocation settings" classname="[chromium] › _setupApi.spec.ts › setup test e2e › admin set dokan geolocation settings" time="0.003">
<failure message="_setupApi.spec.ts:292:7 admin set dokan geolocation settings" type="FAILURE">
<![CDATA[  [chromium] › _setupApi.spec.ts:292:7 › setup test e2e › admin set dokan geolocation settings =====

    Error: ENOENT: no such file or directory, open 'adminStorageState.json'


]]>
</failure>
</testcase>
</testsuite>
</testsuites>