<testsuites id="" name="" tests="105" failures="41" skipped="64" errors="0" time="2599.0593710000003">
<testsuite name="_setupApi.spec.ts" timestamp="1675223824981" hostname="" tests="29" failures="11" skipped="18" time="0.913" errors="0">
<testcase name="setup test api check active plugins " classname="[chromium] › _setupApi.spec.ts › setup test api › check active plugins " time="0.091">
<failure message="_setupApi.spec.ts:22:6 check active plugins " type="FAILURE">
<![CDATA[  [chromium] › _setupApi.spec.ts:22:6 › setup test api › check active plugins  =====================

    TypeError: Cannot read property 'map' of undefined

      22 | 	test( 'check active plugins ', async ( { request } ) => {
      23 | 		const apiUtils = new ApiUtils( request );
    > 24 | 		const activePlugins = ( await apiUtils.getAllPluginByStatus( 'active' ) ).map( ( a: { plugin: any } ) => a.plugin );
         | 		                                                                          ^
      25 | 		expect( activePlugins ).toEqual( data.plugin.plugins );
      26 | 		// console.log(activePlugins)
      27 | 	} );

        at /home/runner/work/dokan/dokan/tests/e2e/tests/_setupApi.spec.ts:24:77
]]>
</failure>
<system-out>
<![CDATA[Error:  Unexpected token < in JSON at position 0
Status Code:  [33m404[39m
Response text:  <!DOCTYPE HTML PUBLIC "-//IETF//DTD HTML 2.0//EN">
<html><head>
<title>404 Not Found</title>
</head><body>
<h1>Not Found</h1>
<p>The requested URL was not found on this server.</p>
<hr>
<address>Apache/2.4.54 (Debian) Server at localhost Port 8889</address>
</body></html>

]]>
</system-out>
</testcase>
<testcase name="setup test api set wp settings" classname="[chromium] › _setupApi.spec.ts › setup test api › set wp settings" time="0.091">
<failure message="_setupApi.spec.ts:29:6 set wp settings" type="FAILURE">
<![CDATA[  [chromium] › _setupApi.spec.ts:29:6 › setup test api › set wp settings ===========================

    Error: expect(received).toEqual(expected) // deep equality

    Expected: ObjectContaining {"date_format": "F j, Y", "language": "", "start_of_week": 1, "time_format": "g:i a", "timezone": "Asia/Dhaka"}
    Received: undefined

      30 | 		const apiUtils = new ApiUtils( request );
      31 | 		const siteSettings = await apiUtils.setSiteSettings( payloads.siteSettings );
    > 32 | 		expect( siteSettings ).toEqual( expect.objectContaining( payloads.siteSettings ) );
         | 		                       ^
      33 | 	} );
      34 |
      35 | 	test( 'set wc settings', async ( { request } ) => {

        at /home/runner/work/dokan/dokan/tests/e2e/tests/_setupApi.spec.ts:32:26
]]>
</failure>
<system-out>
<![CDATA[Error:  Unexpected token < in JSON at position 0
Status Code:  [33m404[39m
Response text:  <!DOCTYPE HTML PUBLIC "-//IETF//DTD HTML 2.0//EN">
<html><head>
<title>404 Not Found</title>
</head><body>
<h1>Not Found</h1>
<p>The requested URL was not found on this server.</p>
<hr>
<address>Apache/2.4.54 (Debian) Server at localhost Port 8889</address>
</body></html>

]]>
</system-out>
</testcase>
<testcase name="setup test api set wc settings" classname="[chromium] › _setupApi.spec.ts › setup test api › set wc settings" time="0.097">
<failure message="_setupApi.spec.ts:35:6 set wc settings" type="FAILURE">
<![CDATA[  [chromium] › _setupApi.spec.ts:35:6 › setup test api › set wc settings ===========================

    Error: expect(received).toBeTruthy()

    Received: false

      36 | 		const apiUtils = new ApiUtils( request );
      37 | 		const [ generalSettingsResponse ] = await apiUtils.updateBatchWcSettingsOptions( 'general', payloads.general );
    > 38 | 		expect( generalSettingsResponse.ok() ).toBeTruthy();
         | 		                                       ^
      39 | 		const [ accountSettingsResponse ] = await apiUtils.updateBatchWcSettingsOptions( 'account', payloads.account );
      40 | 		expect( accountSettingsResponse.ok() ).toBeTruthy();
      41 | 	} );

        at /home/runner/work/dokan/dokan/tests/e2e/tests/_setupApi.spec.ts:38:42
]]>
</failure>
<system-out>
<![CDATA[Error:  Unexpected token < in JSON at position 0
Status Code:  [33m404[39m
Response text:  <!DOCTYPE HTML PUBLIC "-//IETF//DTD HTML 2.0//EN">
<html><head>
<title>404 Not Found</title>
</head><body>
<h1>Not Found</h1>
<p>The requested URL was not found on this server.</p>
<hr>
<address>Apache/2.4.54 (Debian) Server at localhost Port 8889</address>
</body></html>

]]>
</system-out>
</testcase>
<testcase name="setup test api set tax rate" classname="[chromium] › _setupApi.spec.ts › setup test api › set tax rate" time="0.101">
<failure message="_setupApi.spec.ts:43:6 set tax rate" type="FAILURE">
<![CDATA[  [chromium] › _setupApi.spec.ts:43:6 › setup test api › set tax rate ==============================

    TypeError: Cannot read property 'map' of undefined

      48 |
      49 | 		// delete previous tax rates
    > 50 | 		const allTaxRateIds = ( await apiUtils.getAllTaxRates() ).map( ( a: { id: any } ) => a.id );
         | 		                                                          ^
      51 | 		if ( allTaxRateIds.length ) {
      52 | 			await apiUtils.updateBatchTaxRates( 'delete', allTaxRateIds );
      53 | 		}

        at /home/runner/work/dokan/dokan/tests/e2e/tests/_setupApi.spec.ts:50:61
]]>
</failure>
<system-out>
<![CDATA[Error:  Unexpected token < in JSON at position 0
Status Code:  [33m404[39m
Response text:  <!DOCTYPE HTML PUBLIC "-//IETF//DTD HTML 2.0//EN">
<html><head>
<title>404 Not Found</title>
</head><body>
<h1>Not Found</h1>
<p>The requested URL was not found on this server.</p>
<hr>
<address>Apache/2.4.54 (Debian) Server at localhost Port 8889</address>
</body></html>

Error:  Unexpected token < in JSON at position 0
Status Code:  [33m404[39m
Response text:  <!DOCTYPE HTML PUBLIC "-//IETF//DTD HTML 2.0//EN">
<html><head>
<title>404 Not Found</title>
</head><body>
<h1>Not Found</h1>
<p>The requested URL was not found on this server.</p>
<hr>
<address>Apache/2.4.54 (Debian) Server at localhost Port 8889</address>
</body></html>

]]>
</system-out>
</testcase>
<testcase name="setup test api set shipping methods" classname="[chromium] › _setupApi.spec.ts › setup test api › set shipping methods" time="0.094">
<failure message="_setupApi.spec.ts:60:6 set shipping methods" type="FAILURE">
<![CDATA[  [chromium] › _setupApi.spec.ts:60:6 › setup test api › set shipping methods ======================

    TypeError: Cannot read property 'map' of undefined

      62 |
      63 | 		// delete previous shipping zones
    > 64 | 		const allShippingZoneIds = ( await apiUtils.getAllShippingZones() ).map( ( a: { id: any } ) => a.id );
         | 		                                                                    ^
      65 | 		// allShippingZoneIds = helpers.removeItem(allShippingZoneIds, 0) // remove default zone id
      66 | 		if ( allShippingZoneIds.length ) {
      67 | 			for ( const shippingZoneId of allShippingZoneIds ) {

        at /home/runner/work/dokan/dokan/tests/e2e/tests/_setupApi.spec.ts:64:71
]]>
</failure>
<system-out>
<![CDATA[Error:  Unexpected token < in JSON at position 0
Status Code:  [33m404[39m
Response text:  <!DOCTYPE HTML PUBLIC "-//IETF//DTD HTML 2.0//EN">
<html><head>
<title>404 Not Found</title>
</head><body>
<h1>Not Found</h1>
<p>The requested URL was not found on this server.</p>
<hr>
<address>Apache/2.4.54 (Debian) Server at localhost Port 8889</address>
</body></html>

]]>
</system-out>
</testcase>
<testcase name="setup test api set basic payments" classname="[chromium] › _setupApi.spec.ts › setup test api › set basic payments" time="0.084">
<failure message="_setupApi.spec.ts:89:6 set basic payments" type="FAILURE">
<![CDATA[  [chromium] › _setupApi.spec.ts:89:6 › setup test api › set basic payments ========================

    Error: expect(received).toBeTruthy()

    Received: false

      90 | 		const apiUtils = new ApiUtils( request );
      91 | 		const [ bacsResponse ] = await apiUtils.updatePaymentGateway( 'bacs', payloads.bcs );
    > 92 | 		expect( bacsResponse.ok() ).toBeTruthy();
         | 		                            ^
      93 | 		const [ chequeResponse ] = await apiUtils.updatePaymentGateway( 'cheque', payloads.cheque );
      94 | 		expect( chequeResponse.ok() ).toBeTruthy();
      95 | 		const [ codResponse ] = await apiUtils.updatePaymentGateway( 'cod', payloads.cod );

        at /home/runner/work/dokan/dokan/tests/e2e/tests/_setupApi.spec.ts:92:31
]]>
</failure>
<system-out>
<![CDATA[Error:  Unexpected token < in JSON at position 0
Status Code:  [33m405[39m
Response text:  <!DOCTYPE HTML PUBLIC "-//IETF//DTD HTML 2.0//EN">
<html><head>
<title>405 Method Not Allowed</title>
</head><body>
<h1>Method Not Allowed</h1>
<p>The requested method PUT is not allowed for this URL.</p>
<hr>
<address>Apache/2.4.54 (Debian) Server at localhost Port 8889</address>
</body></html>

]]>
</system-out>
</testcase>
<testcase name="setup test api add categories and attributes" classname="[chromium] › _setupApi.spec.ts › setup test api › add categories and attributes" time="0.089">
<failure message="_setupApi.spec.ts:99:6 add categories and attributes" type="FAILURE">
<![CDATA[  [chromium] › _setupApi.spec.ts:99:6 › setup test api › add categories and attributes =============

    TypeError: Cannot read property 'map' of undefined

      101 |
      102 | 		// delete previous categories
    > 103 | 		const allCategoryIds = ( await apiUtils.getAllCategories() ).map( ( a: { id: any } ) => a.id );
          | 		                                                             ^
      104 | 		await apiUtils.updateBatchCategories( 'delete', allCategoryIds );
      105 |
      106 | 		// delete previous attributes

        at /home/runner/work/dokan/dokan/tests/e2e/tests/_setupApi.spec.ts:103:64
]]>
</failure>
<system-out>
<![CDATA[Error:  Unexpected token < in JSON at position 0
Status Code:  [33m404[39m
Response text:  <!DOCTYPE HTML PUBLIC "-//IETF//DTD HTML 2.0//EN">
<html><head>
<title>404 Not Found</title>
</head><body>
<h1>Not Found</h1>
<p>The requested URL was not found on this server.</p>
<hr>
<address>Apache/2.4.54 (Debian) Server at localhost Port 8889</address>
</body></html>

]]>
</system-out>
</testcase>
<testcase name="setup test api add test vendor" classname="[chromium] › _setupApi.spec.ts › setup test api › add test vendor" time="0.093">
<failure message="_setupApi.spec.ts:125:6 add test vendor" type="FAILURE">
<![CDATA[  [chromium] › _setupApi.spec.ts:125:6 › setup test api › add test vendor ==========================

    TypeError: Cannot read property 'code' of undefined

      128 | 		// create store
      129 | 		const [ storeResponseBody, storeResponseStatus ] = await apiUtils.createStore( payloads.createStore1 );
    > 130 | 		storeResponseBody.code === 'existing_user_login' ? expect( storeResponseStatus ).toBe( 500 ) : expect( storeResponseStatus ).toBe( 200 );
          | 		                  ^
      131 |
      132 | 		// create store product
      133 | 		const product = { ...payloads.createProduct(), name: 'p1_v1' };

        at /home/runner/work/dokan/dokan/tests/e2e/tests/_setupApi.spec.ts:130:21
]]>
</failure>
<system-out>
<![CDATA[Error:  Unexpected token < in JSON at position 0
Status Code:  [33m404[39m
Response text:  <!DOCTYPE HTML PUBLIC "-//IETF//DTD HTML 2.0//EN">
<html><head>
<title>404 Not Found</title>
</head><body>
<h1>Not Found</h1>
<p>The requested URL was not found on this server.</p>
<hr>
<address>Apache/2.4.54 (Debian) Server at localhost Port 8889</address>
</body></html>

]]>
</system-out>
</testcase>
<testcase name="setup test api add test vendor1 rma settings" classname="[chromium] › _setupApi.spec.ts › setup test api › add test vendor1 rma settings" time="0">
<skipped>
</skipped>
</testcase>
<testcase name="setup test api admin add test vendor products " classname="[chromium] › _setupApi.spec.ts › setup test api › admin add test vendor products " time="0.09">
<failure message="_setupApi.spec.ts:149:6 admin add test vendor products " type="FAILURE">
<![CDATA[  [chromium] › _setupApi.spec.ts:149:6 › setup test api › admin add test vendor products  ==========

    Error: expect(received).toBeTruthy()

    Received: false

       at ../utils/apiUtils.ts:108

      106 | 	async createProduct( payload: object, auth?: any ) {
      107 | 		const response = await this.request.post( endPoints.createProduct, { data: payload, headers: auth } );
    > 108 | 		expect( response.ok() ).toBeTruthy();
          | 		                        ^
      109 | 		const responseBody = await this.getResponseBody( response );
      110 | 		const productId = responseBody.id;
      111 | 		// console.log(productId)

        at ApiUtils.createProduct (/home/runner/work/dokan/dokan/tests/e2e/utils/apiUtils.ts:108:27)
        at /home/runner/work/dokan/dokan/tests/e2e/tests/_setupApi.spec.ts:152:3
]]>
</failure>
</testcase>
<testcase name="setup test api add test customer" classname="[chromium] › _setupApi.spec.ts › setup test api › add test customer" time="0.081">
<failure message="_setupApi.spec.ts:160:6 add test customer" type="FAILURE">
<![CDATA[  [chromium] › _setupApi.spec.ts:160:6 › setup test api › add test customer ========================

    TypeError: Cannot read property 'code' of undefined

      161 | 		const apiUtils = new ApiUtils( request );
      162 | 		const [ responseBody, status ] = await apiUtils.createCustomer( payloads.createCustomer1 );
    > 163 | 		responseBody.code === 'registration-error-email-exists' ? expect( status ).toBe( 400 ) : expect( status ).toBe( 200 );
          | 		             ^
      164 | 	} );
      165 |
      166 | 	// test('storageState', async ({ page }) => {

        at /home/runner/work/dokan/dokan/tests/e2e/tests/_setupApi.spec.ts:163:16
]]>
</failure>
<system-out>
<![CDATA[Error:  Unexpected token < in JSON at position 0
Status Code:  [33m404[39m
Response text:  <!DOCTYPE HTML PUBLIC "-//IETF//DTD HTML 2.0//EN">
<html><head>
<title>404 Not Found</title>
</head><body>
<h1>Not Found</h1>
<p>The requested URL was not found on this server.</p>
<hr>
<address>Apache/2.4.54 (Debian) Server at localhost Port 8889</address>
</body></html>

]]>
</system-out>
</testcase>
<testcase name="setup test e2e admin set WpSettings" classname="[chromium] › _setupApi.spec.ts › setup test e2e › admin set WpSettings" time="0.002">
<failure message="_setupApi.spec.ts:237:6 admin set WpSettings" type="FAILURE">
<![CDATA[  [chromium] › _setupApi.spec.ts:237:6 › setup test e2e › admin set WpSettings =====================

    Error: ENOENT: no such file or directory, open 'adminStorageState.json'


]]>
</failure>
</testcase>
<testcase name="setup test e2e admin set dokan general settings" classname="[chromium] › _setupApi.spec.ts › setup test e2e › admin set dokan general settings" time="0">
<skipped>
</skipped>
</testcase>
<testcase name="setup test e2e admin set dokan selling settings" classname="[chromium] › _setupApi.spec.ts › setup test e2e › admin set dokan selling settings" time="0">
<skipped>
</skipped>
</testcase>
<testcase name="setup test e2e admin set dokan withdraw settings" classname="[chromium] › _setupApi.spec.ts › setup test e2e › admin set dokan withdraw settings" time="0">
<skipped>
</skipped>
</testcase>
<testcase name="setup test e2e admin set dokan page settings" classname="[chromium] › _setupApi.spec.ts › setup test e2e › admin set dokan page settings" time="0">
<skipped>
</skipped>
</testcase>
<testcase name="setup test e2e admin set dokan appearance settings" classname="[chromium] › _setupApi.spec.ts › setup test e2e › admin set dokan appearance settings" time="0">
<skipped>
</skipped>
</testcase>
<testcase name="setup test e2e admin set dokan privacy policy settings" classname="[chromium] › _setupApi.spec.ts › setup test e2e › admin set dokan privacy policy settings" time="0">
<skipped>
</skipped>
</testcase>
<testcase name="setup test e2e admin set dokan store support settings" classname="[chromium] › _setupApi.spec.ts › setup test e2e › admin set dokan store support settings" time="0">
<skipped>
</skipped>
</testcase>
<testcase name="setup test e2e admin set dokan rma settings" classname="[chromium] › _setupApi.spec.ts › setup test e2e › admin set dokan rma settings" time="0">
<skipped>
</skipped>
</testcase>
<testcase name="setup test e2e admin set dokan wholesale settings" classname="[chromium] › _setupApi.spec.ts › setup test e2e › admin set dokan wholesale settings" time="0">
<skipped>
</skipped>
</testcase>
<testcase name="setup test e2e admin set dokan eu compliance settings" classname="[chromium] › _setupApi.spec.ts › setup test e2e › admin set dokan eu compliance settings" time="0">
<skipped>
</skipped>
</testcase>
<testcase name="setup test e2e admin set dokan delivery time settings" classname="[chromium] › _setupApi.spec.ts › setup test e2e › admin set dokan delivery time settings" time="0">
<skipped>
</skipped>
</testcase>
<testcase name="setup test e2e admin set dokan product advertising settings" classname="[chromium] › _setupApi.spec.ts › setup test e2e › admin set dokan product advertising settings" time="0">
<skipped>
</skipped>
</testcase>
<testcase name="setup test e2e admin set dokan geolocation settings" classname="[chromium] › _setupApi.spec.ts › setup test e2e › admin set dokan geolocation settings" time="0">
<skipped>
</skipped>
</testcase>
<testcase name="setup test e2e admin set dokan product report abuse settings" classname="[chromium] › _setupApi.spec.ts › setup test e2e › admin set dokan product report abuse settings" time="0">
<skipped>
</skipped>
</testcase>
<testcase name="setup test e2e admin set dokan spmv settings" classname="[chromium] › _setupApi.spec.ts › setup test e2e › admin set dokan spmv settings" time="0">
<skipped>
</skipped>
</testcase>
<testcase name="setup test e2e admin set dokan vendor subscription settings" classname="[chromium] › _setupApi.spec.ts › setup test e2e › admin set dokan vendor subscription settings" time="0">
<skipped>
</skipped>
</testcase>
<testcase name="setup test e2e admin add dokan subscription" classname="[chromium] › _setupApi.spec.ts › setup test e2e › admin add dokan subscription" time="0">
<skipped>
</skipped>
</testcase>
</testsuite>
<testsuite name="admin.spec.ts" timestamp="1675223824981" hostname="" tests="29" failures="3" skipped="26" time="120.001" errors="0">
<testcase name="admin can login" classname="[chromium] › admin.spec.ts › admin can login" time="60">
<failure message="admin.spec.ts:10:5 admin can login" type="FAILURE">
<![CDATA[  [chromium] › admin.spec.ts:10:5 › admin can login ================================================

    Test timeout of 60000ms exceeded.

    Pending operations:
      - page.fill at pages/basePage.ts:417:19


    attachment #1: screenshot (image/png) ----------------------------------------------------------
    test-results/admin-admin-can-login-chromium/test-failed-1.png
    ------------------------------------------------------------------------------------------------
]]>
</failure>
<system-out>
<![CDATA[
[[ATTACHMENT|../test-results/admin-admin-can-login-chromium/test-failed-1.png]]
]]>
</system-out>
</testcase>
<testcase name="admin can logout" classname="[chromium] › admin.spec.ts › admin can logout" time="59.999">
<failure message="admin.spec.ts:15:5 admin can logout" type="FAILURE">
<![CDATA[  [chromium] › admin.spec.ts:15:5 › admin can logout ===============================================

    Test timeout of 60000ms exceeded.

    Pending operations:
      - page.fill at pages/basePage.ts:417:19


    attachment #1: screenshot (image/png) ----------------------------------------------------------
    test-results/admin-admin-can-logout-chromium/test-failed-1.png
    ------------------------------------------------------------------------------------------------
]]>
</failure>
<system-out>
<![CDATA[
[[ATTACHMENT|../test-results/admin-admin-can-logout-chromium/test-failed-1.png]]
]]>
</system-out>
</testcase>
<testcase name="Admin functionality test admin can set dokan setup wizard" classname="[chromium] › admin.spec.ts › Admin functionality test › admin can set dokan setup wizard" time="0.002">
<failure message="admin.spec.ts:31:6 admin can set dokan setup wizard" type="FAILURE">
<![CDATA[  [chromium] › admin.spec.ts:31:6 › Admin functionality test › admin can set dokan setup wizard ====

    Error: ENOENT: no such file or directory, open 'adminStorageState.json'


]]>
</failure>
</testcase>
<testcase name="Admin functionality test admin can add vendor" classname="[chromium] › admin.spec.ts › Admin functionality test › admin can add vendor" time="0">
<skipped>
</skipped>
</testcase>
<testcase name="Admin functionality test admin can add simple product" classname="[chromium] › admin.spec.ts › Admin functionality test › admin can add simple product" time="0">
<skipped>
</skipped>
</testcase>
<testcase name="Admin functionality test admin can add simple subscription " classname="[chromium] › admin.spec.ts › Admin functionality test › admin can add simple subscription " time="0">
<skipped>
</skipped>
</testcase>
<testcase name="Admin functionality test admin can add variable subscription " classname="[chromium] › admin.spec.ts › Admin functionality test › admin can add variable subscription " time="0">
<skipped>
</skipped>
</testcase>
<testcase name="Admin functionality test admin can add external product" classname="[chromium] › admin.spec.ts › Admin functionality test › admin can add external product" time="0">
<skipped>
</skipped>
</testcase>
<testcase name="Admin functionality test admin can add vendor subscription " classname="[chromium] › admin.spec.ts › Admin functionality test › admin can add vendor subscription " time="0">
<skipped>
</skipped>
</testcase>
<testcase name="Admin functionality test admin can add auction product" classname="[chromium] › admin.spec.ts › Admin functionality test › admin can add auction product" time="0">
<skipped>
</skipped>
</testcase>
<testcase name="Admin functionality test admin can add booking product" classname="[chromium] › admin.spec.ts › Admin functionality test › admin can add booking product" time="0">
<skipped>
</skipped>
</testcase>
<testcase name="Admin functionality test admin can add categories" classname="[chromium] › admin.spec.ts › Admin functionality test › admin can add categories" time="0">
<skipped>
</skipped>
</testcase>
<testcase name="Admin functionality test admin can add attributes" classname="[chromium] › admin.spec.ts › Admin functionality test › admin can add attributes" time="0">
<skipped>
</skipped>
</testcase>
<testcase name="Admin functionality test admin can set dokan general settings" classname="[chromium] › admin.spec.ts › Admin functionality test › admin can set dokan general settings" time="0">
<skipped>
</skipped>
</testcase>
<testcase name="Admin functionality test admin can set dokan selling settings" classname="[chromium] › admin.spec.ts › Admin functionality test › admin can set dokan selling settings" time="0">
<skipped>
</skipped>
</testcase>
<testcase name="Admin functionality test admin can set dokan withdraw settings" classname="[chromium] › admin.spec.ts › Admin functionality test › admin can set dokan withdraw settings" time="0">
<skipped>
</skipped>
</testcase>
<testcase name="Admin functionality test admin can set dokan page settings" classname="[chromium] › admin.spec.ts › Admin functionality test › admin can set dokan page settings" time="0">
<skipped>
</skipped>
</testcase>
<testcase name="Admin functionality test admin can set dokan appearance settings" classname="[chromium] › admin.spec.ts › Admin functionality test › admin can set dokan appearance settings" time="0">
<skipped>
</skipped>
</testcase>
<testcase name="Admin functionality test admin can set dokan privacy policy settings" classname="[chromium] › admin.spec.ts › Admin functionality test › admin can set dokan privacy policy settings" time="0">
<skipped>
</skipped>
</testcase>
<testcase name="Admin functionality test admin can set dokan store support settings" classname="[chromium] › admin.spec.ts › Admin functionality test › admin can set dokan store support settings" time="0">
<skipped>
</skipped>
</testcase>
<testcase name="Admin functionality test admin can set dokan rma settings" classname="[chromium] › admin.spec.ts › Admin functionality test › admin can set dokan rma settings" time="0">
<skipped>
</skipped>
</testcase>
<testcase name="Admin functionality test admin can set dokan wholesale settings" classname="[chromium] › admin.spec.ts › Admin functionality test › admin can set dokan wholesale settings" time="0">
<skipped>
</skipped>
</testcase>
<testcase name="Admin functionality test admin can set dokan eu compliance settings" classname="[chromium] › admin.spec.ts › Admin functionality test › admin can set dokan eu compliance settings" time="0">
<skipped>
</skipped>
</testcase>
<testcase name="Admin functionality test admin can set dokan delivery time settings" classname="[chromium] › admin.spec.ts › Admin functionality test › admin can set dokan delivery time settings" time="0">
<skipped>
</skipped>
</testcase>
<testcase name="Admin functionality test admin can set dokan product advertising settings" classname="[chromium] › admin.spec.ts › Admin functionality test › admin can set dokan product advertising settings" time="0">
<skipped>
</skipped>
</testcase>
<testcase name="Admin functionality test admin can set dokan geolocation settings" classname="[chromium] › admin.spec.ts › Admin functionality test › admin can set dokan geolocation settings" time="0">
<skipped>
</skipped>
</testcase>
<testcase name="Admin functionality test admin can set dokan product report abuse settings" classname="[chromium] › admin.spec.ts › Admin functionality test › admin can set dokan product report abuse settings" time="0">
<skipped>
</skipped>
</testcase>
<testcase name="Admin functionality test admin can set dokan spmv settings" classname="[chromium] › admin.spec.ts › Admin functionality test › admin can set dokan spmv settings" time="0">
<skipped>
</skipped>
</testcase>
<testcase name="Admin functionality test admin can set dokan vendor subscription settings" classname="[chromium] › admin.spec.ts › Admin functionality test › admin can set dokan vendor subscription settings" time="0">
<skipped>
</skipped>
</testcase>
</testsuite>
<testsuite name="calculation.spec.ts" timestamp="1675223824981" hostname="" tests="1" failures="1" skipped="0" time="0.01" errors="0">
<testcase name="Calculation functionality test calculation test" classname="[chromium] › calculation.spec.ts › Calculation functionality test › calculation test" time="0.01">
<failure message="calculation.spec.ts:79:6 calculation test" type="FAILURE">
<![CDATA[  [chromium] › calculation.spec.ts:79:6 › Calculation functionality test › calculation test ========

    Error: ENOENT: no such file or directory, open 'adminStorageState.json'


]]>
</failure>
</testcase>
</testsuite>
<testsuite name="customer.spec.ts" timestamp="1675223824981" hostname="" tests="19" failures="19" skipped="0" time="1139.994" errors="0">
<testcase name="Customer functionality test customer register" classname="[chromium] › customer.spec.ts › Customer functionality test › customer register" time="60">
<failure message="customer.spec.ts:16:6 customer register" type="FAILURE">
<![CDATA[  [chromium] › customer.spec.ts:16:6 › Customer functionality test › customer register =============

    Test timeout of 60000ms exceeded.

    Pending operations:
      - locator.click at pages/basePage.ts:164:39


    attachment #1: screenshot (image/png) ----------------------------------------------------------
    test-results/customer-Customer-functionality-test-customer-register-chromium/test-failed-1.png
    ------------------------------------------------------------------------------------------------
]]>
</failure>
<system-out>
<![CDATA[
[[ATTACHMENT|../test-results/customer-Customer-functionality-test-customer-register-chromium/test-failed-1.png]]
]]>
</system-out>
</testcase>
<testcase name="Customer functionality test customer login" classname="[chromium] › customer.spec.ts › Customer functionality test › customer login" time="59.999">
<failure message="customer.spec.ts:23:6 customer login" type="FAILURE">
<![CDATA[  [chromium] › customer.spec.ts:23:6 › Customer functionality test › customer login ================

    Test timeout of 60000ms exceeded.

    Pending operations:
      - page.fill at pages/basePage.ts:417:19


    attachment #1: screenshot (image/png) ----------------------------------------------------------
    test-results/customer-Customer-functionality-test-customer-login-chromium/test-failed-1.png
    ------------------------------------------------------------------------------------------------
]]>
</failure>
<system-out>
<![CDATA[
[[ATTACHMENT|../test-results/customer-Customer-functionality-test-customer-login-chromium/test-failed-1.png]]
]]>
</system-out>
</testcase>
<testcase name="Customer functionality test customer logout" classname="[chromium] › customer.spec.ts › Customer functionality test › customer logout" time="59.999">
<failure message="customer.spec.ts:28:6 customer logout" type="FAILURE">
<![CDATA[  [chromium] › customer.spec.ts:28:6 › Customer functionality test › customer logout ===============

    Test timeout of 60000ms exceeded.

    Pending operations:
      - page.fill at pages/basePage.ts:417:19


    attachment #1: screenshot (image/png) ----------------------------------------------------------
    test-results/customer-Customer-functionality-test-customer-logout-chromium/test-failed-1.png
    ------------------------------------------------------------------------------------------------
]]>
</failure>
<system-out>
<![CDATA[
[[ATTACHMENT|../test-results/customer-Customer-functionality-test-customer-logout-chromium/test-failed-1.png]]
]]>
</system-out>
</testcase>
<testcase name="Customer functionality test customer become a vendor" classname="[chromium] › customer.spec.ts › Customer functionality test › customer become a vendor" time="59.999">
<failure message="customer.spec.ts:34:6 customer become a vendor" type="FAILURE">
<![CDATA[  [chromium] › customer.spec.ts:34:6 › Customer functionality test › customer become a vendor ======

    Test timeout of 60000ms exceeded.

    Pending operations:
      - locator.click at pages/basePage.ts:164:39


    attachment #1: screenshot (image/png) ----------------------------------------------------------
    test-results/customer-Customer-functionality-test-customer-become-a-vendor-chromium/test-failed-1.png
    ------------------------------------------------------------------------------------------------
]]>
</failure>
<system-out>
<![CDATA[
[[ATTACHMENT|../test-results/customer-Customer-functionality-test-customer-become-a-vendor-chromium/test-failed-1.png]]
]]>
</system-out>
</testcase>
<testcase name="Customer functionality test customer become a wholesale customer" classname="[chromium] › customer.spec.ts › Customer functionality test › customer become a wholesale customer" time="60">
<failure message="customer.spec.ts:40:6 customer become a wholesale customer" type="FAILURE">
<![CDATA[  [chromium] › customer.spec.ts:40:6 › Customer functionality test › customer become a wholesale customer 

    Test timeout of 60000ms exceeded.

    Pending operations:
      - locator.click at pages/basePage.ts:164:39


    attachment #1: screenshot (image/png) ----------------------------------------------------------
    test-results/customer-Customer-functionality-test-customer-become-a-wholesale-customer-chromium/test-failed-1.png
    ------------------------------------------------------------------------------------------------
]]>
</failure>
<system-out>
<![CDATA[
[[ATTACHMENT|../test-results/customer-Customer-functionality-test-customer-become-a-wholesale-customer-chromium/test-failed-1.png]]
]]>
</system-out>
</testcase>
<testcase name="Customer functionality test customer add customer details" classname="[chromium] › customer.spec.ts › Customer functionality test › customer add customer details" time="60">
<failure message="customer.spec.ts:46:6 customer add customer details" type="FAILURE">
<![CDATA[  [chromium] › customer.spec.ts:46:6 › Customer functionality test › customer add customer details =

    Test timeout of 60000ms exceeded.

    Pending operations:
      - locator.click at pages/basePage.ts:164:39


    attachment #1: screenshot (image/png) ----------------------------------------------------------
    test-results/customer-Customer-functionality-test-customer-add-customer-details-chromium/test-failed-1.png
    ------------------------------------------------------------------------------------------------
]]>
</failure>
<system-out>
<![CDATA[
[[ATTACHMENT|../test-results/customer-Customer-functionality-test-customer-add-customer-details-chromium/test-failed-1.png]]
]]>
</system-out>
</testcase>
<testcase name="Customer functionality test customer add billing details" classname="[chromium] › customer.spec.ts › Customer functionality test › customer add billing details" time="60">
<failure message="customer.spec.ts:52:6 customer add billing details" type="FAILURE">
<![CDATA[  [chromium] › customer.spec.ts:52:6 › Customer functionality test › customer add billing details ==

    Test timeout of 60000ms exceeded.

    Pending operations:
      - page.fill at pages/basePage.ts:417:19


    attachment #1: screenshot (image/png) ----------------------------------------------------------
    test-results/customer-Customer-functionality-test-customer-add-billing-details-chromium/test-failed-1.png
    ------------------------------------------------------------------------------------------------
]]>
</failure>
<system-out>
<![CDATA[
[[ATTACHMENT|../test-results/customer-Customer-functionality-test-customer-add-billing-details-chromium/test-failed-1.png]]
]]>
</system-out>
</testcase>
<testcase name="Customer functionality test customer add shipping details" classname="[chromium] › customer.spec.ts › Customer functionality test › customer add shipping details" time="59.999">
<failure message="customer.spec.ts:59:6 customer add shipping details" type="FAILURE">
<![CDATA[  [chromium] › customer.spec.ts:59:6 › Customer functionality test › customer add shipping details =

    Test timeout of 60000ms exceeded.

    Pending operations:
      - page.fill at pages/basePage.ts:417:19


    attachment #1: screenshot (image/png) ----------------------------------------------------------
    test-results/customer-Customer-functionality-test-customer-add-shipping-details-chromium/test-failed-1.png
    ------------------------------------------------------------------------------------------------
]]>
</failure>
<system-out>
<![CDATA[
[[ATTACHMENT|../test-results/customer-Customer-functionality-test-customer-add-shipping-details-chromium/test-failed-1.png]]
]]>
</system-out>
</testcase>
<testcase name="Customer functionality test customer search vendor" classname="[chromium] › customer.spec.ts › Customer functionality test › customer search vendor" time="60">
<failure message="customer.spec.ts:66:6 customer search vendor" type="FAILURE">
<![CDATA[  [chromium] › customer.spec.ts:66:6 › Customer functionality test › customer search vendor ========

    Test timeout of 60000ms exceeded.

    Pending operations:
      - page.fill at pages/basePage.ts:417:19


    attachment #1: screenshot (image/png) ----------------------------------------------------------
    test-results/customer-Customer-functionality-test-customer-search-vendor-chromium/test-failed-1.png
    ------------------------------------------------------------------------------------------------
]]>
</failure>
<system-out>
<![CDATA[
[[ATTACHMENT|../test-results/customer-Customer-functionality-test-customer-search-vendor-chromium/test-failed-1.png]]
]]>
</system-out>
</testcase>
<testcase name="Customer functionality test customer search product   @product" classname="[chromium] › customer.spec.ts › Customer functionality test › customer search product   @product" time="60">
<failure message="customer.spec.ts:73:6 customer search product   @product" type="FAILURE">
<![CDATA[  [chromium] › customer.spec.ts:73:6 › Customer functionality test › customer search product   @product 

    Test timeout of 60000ms exceeded.

    Pending operations:
      - page.fill at pages/basePage.ts:417:19


    attachment #1: screenshot (image/png) ----------------------------------------------------------
    test-results/customer-Customer-functionality-test-customer-search-product-product-chromium/test-failed-1.png
    ------------------------------------------------------------------------------------------------
]]>
</failure>
<system-out>
<![CDATA[
[[ATTACHMENT|../test-results/customer-Customer-functionality-test-customer-search-product-product-chromium/test-failed-1.png]]
]]>
</system-out>
</testcase>
<testcase name="Customer functionality test customer buy product" classname="[chromium] › customer.spec.ts › Customer functionality test › customer buy product" time="60.001">
<failure message="customer.spec.ts:80:6 customer buy product" type="FAILURE">
<![CDATA[  [chromium] › customer.spec.ts:80:6 › Customer functionality test › customer buy product ==========

    Test timeout of 60000ms exceeded.

    Pending operations:
      - page.fill at pages/basePage.ts:417:19


    attachment #1: screenshot (image/png) ----------------------------------------------------------
    test-results/customer-Customer-functionality-test-customer-buy-product-chromium/test-failed-1.png
    ------------------------------------------------------------------------------------------------
]]>
</failure>
<system-out>
<![CDATA[
[[ATTACHMENT|../test-results/customer-Customer-functionality-test-customer-buy-product-chromium/test-failed-1.png]]
]]>
</system-out>
</testcase>
<testcase name="Customer functionality test customer can review product" classname="[chromium] › customer.spec.ts › Customer functionality test › customer can review product" time="60">
<failure message="customer.spec.ts:91:6 customer can review product" type="FAILURE">
<![CDATA[  [chromium] › customer.spec.ts:91:6 › Customer functionality test › customer can review product ===

    Test timeout of 60000ms exceeded.

    Pending operations:
      - page.fill at pages/basePage.ts:417:19


    attachment #1: screenshot (image/png) ----------------------------------------------------------
    test-results/customer-Customer-functionality-test-customer-can-review-product-chromium/test-failed-1.png
    ------------------------------------------------------------------------------------------------
]]>
</failure>
<system-out>
<![CDATA[
[[ATTACHMENT|../test-results/customer-Customer-functionality-test-customer-can-review-product-chromium/test-failed-1.png]]
]]>
</system-out>
</testcase>
<testcase name="Customer functionality test customer can report product" classname="[chromium] › customer.spec.ts › Customer functionality test › customer can report product" time="60">
<failure message="customer.spec.ts:98:6 customer can report product" type="FAILURE">
<![CDATA[  [chromium] › customer.spec.ts:98:6 › Customer functionality test › customer can report product ===

    Test timeout of 60000ms exceeded.

    Pending operations:
      - page.fill at pages/basePage.ts:417:19


    attachment #1: screenshot (image/png) ----------------------------------------------------------
    test-results/customer-Customer-functionality-test-customer-can-report-product-chromium/test-failed-1.png
    ------------------------------------------------------------------------------------------------
]]>
</failure>
<system-out>
<![CDATA[
[[ATTACHMENT|../test-results/customer-Customer-functionality-test-customer-can-report-product-chromium/test-failed-1.png]]
]]>
</system-out>
</testcase>
<testcase name="Customer functionality test customer can enquire product" classname="[chromium] › customer.spec.ts › Customer functionality test › customer can enquire product" time="60">
<failure message="customer.spec.ts:105:6 customer can enquire product" type="FAILURE">
<![CDATA[  [chromium] › customer.spec.ts:105:6 › Customer functionality test › customer can enquire product =

    Test timeout of 60000ms exceeded.

    Pending operations:
      - page.fill at pages/basePage.ts:417:19


    attachment #1: screenshot (image/png) ----------------------------------------------------------
    test-results/customer-Customer-functionality-test-customer-can-enquire-product-chromium/test-failed-1.png
    ------------------------------------------------------------------------------------------------
]]>
</failure>
<system-out>
<![CDATA[
[[ATTACHMENT|../test-results/customer-Customer-functionality-test-customer-can-enquire-product-chromium/test-failed-1.png]]
]]>
</system-out>
</testcase>
<testcase name="Customer functionality test customer can add product to cart" classname="[chromium] › customer.spec.ts › Customer functionality test › customer can add product to cart" time="59.999">
<failure message="customer.spec.ts:112:6 customer can add product to cart" type="FAILURE">
<![CDATA[  [chromium] › customer.spec.ts:112:6 › Customer functionality test › customer can add product to cart 

    Test timeout of 60000ms exceeded.

    Pending operations:
      - page.fill at pages/basePage.ts:417:19


    attachment #1: screenshot (image/png) ----------------------------------------------------------
    test-results/customer-Customer-functionality-test-customer-can-add-product-to-cart-chromium/test-failed-1.png
    ------------------------------------------------------------------------------------------------
]]>
</failure>
<system-out>
<![CDATA[
[[ATTACHMENT|../test-results/customer-Customer-functionality-test-customer-can-add-product-to-cart-chromium/test-failed-1.png]]
]]>
</system-out>
</testcase>
<testcase name="Customer functionality test customer can apply coupon" classname="[chromium] › customer.spec.ts › Customer functionality test › customer can apply coupon" time="60">
<failure message="customer.spec.ts:122:6 customer can apply coupon" type="FAILURE">
<![CDATA[  [chromium] › customer.spec.ts:122:6 › Customer functionality test › customer can apply coupon ====

    Test timeout of 60000ms exceeded.

    Pending operations:
      - page.fill at pages/basePage.ts:417:19


    attachment #1: screenshot (image/png) ----------------------------------------------------------
    test-results/customer-Customer-functionality-test-customer-can-apply-coupon-chromium/test-failed-1.png
    ------------------------------------------------------------------------------------------------
]]>
</failure>
<system-out>
<![CDATA[
[[ATTACHMENT|../test-results/customer-Customer-functionality-test-customer-can-apply-coupon-chromium/test-failed-1.png]]
]]>
</system-out>
</testcase>
<testcase name="Customer functionality test customer can follow vendor @pro" classname="[chromium] › customer.spec.ts › Customer functionality test › customer can follow vendor @pro" time="59.999">
<failure message="customer.spec.ts:132:6 customer can follow vendor @pro" type="FAILURE">
<![CDATA[  [chromium] › customer.spec.ts:132:6 › Customer functionality test › customer can follow vendor @pro 

    Test timeout of 60000ms exceeded.

    Pending operations:
      - page.fill at pages/basePage.ts:417:19


    attachment #1: screenshot (image/png) ----------------------------------------------------------
    test-results/customer-Customer-functionality-test-customer-can-follow-vendor-pro-chromium/test-failed-1.png
    ------------------------------------------------------------------------------------------------
]]>
</failure>
<system-out>
<![CDATA[
[[ATTACHMENT|../test-results/customer-Customer-functionality-test-customer-can-follow-vendor-pro-chromium/test-failed-1.png]]
]]>
</system-out>
</testcase>
<testcase name="Customer functionality test customer can review store" classname="[chromium] › customer.spec.ts › Customer functionality test › customer can review store" time="59.999">
<failure message="customer.spec.ts:139:6 customer can review store" type="FAILURE">
<![CDATA[  [chromium] › customer.spec.ts:139:6 › Customer functionality test › customer can review store ====

    Test timeout of 60000ms exceeded.

    Pending operations:
      - page.fill at pages/basePage.ts:417:19


    attachment #1: screenshot (image/png) ----------------------------------------------------------
    test-results/customer-Customer-functionality-test-customer-can-review-store-chromium/test-failed-1.png
    ------------------------------------------------------------------------------------------------
]]>
</failure>
<system-out>
<![CDATA[
[[ATTACHMENT|../test-results/customer-Customer-functionality-test-customer-can-review-store-chromium/test-failed-1.png]]
]]>
</system-out>
</testcase>
<testcase name="Customer functionality test customer can ask for get support " classname="[chromium] › customer.spec.ts › Customer functionality test › customer can ask for get support " time="60">
<failure message="customer.spec.ts:146:6 customer can ask for get support " type="FAILURE">
<![CDATA[  [chromium] › customer.spec.ts:146:6 › Customer functionality test › customer can ask for get support  

    Test timeout of 60000ms exceeded.

    Pending operations:
      - page.fill at pages/basePage.ts:417:19


    attachment #1: screenshot (image/png) ----------------------------------------------------------
    test-results/customer-Customer-functionality-test-customer-can-ask-for-get-support--chromium/test-failed-1.png
    ------------------------------------------------------------------------------------------------
]]>
</failure>
<system-out>
<![CDATA[
[[ATTACHMENT|../test-results/customer-Customer-functionality-test-customer-can-ask-for-get-support--chromium/test-failed-1.png]]
]]>
</system-out>
</testcase>
</testsuite>
<testsuite name="vendor.spec.ts" timestamp="1675223824981" hostname="" tests="27" failures="7" skipped="20" time="419.998" errors="0">
<testcase name="Vendor functionality test vendor can add simple product @product" classname="[chromium] › vendor.spec.ts › Vendor functionality test › vendor can add simple product @product" time="60">
<failure message="vendor.spec.ts:45:6 vendor can add simple product @product" type="FAILURE">
<![CDATA[  [chromium] › vendor.spec.ts:45:6 › Vendor functionality test › vendor can add simple product @product 

    Test timeout of 60000ms exceeded.

    attachment #1: screenshot (image/png) ----------------------------------------------------------
    test-results/vendor-Vendor-functionality-test-vendor-can-add-simple-product-product-chromium/test-failed-1.png
    ------------------------------------------------------------------------------------------------
]]>
</failure>
<system-out>
<![CDATA[
[[ATTACHMENT|../test-results/vendor-Vendor-functionality-test-vendor-can-add-simple-product-product-chromium/test-failed-1.png]]
]]>
</system-out>
</testcase>
<testcase name="Vendor functionality test vendor can add variable product" classname="[chromium] › vendor.spec.ts › Vendor functionality test › vendor can add variable product" time="0">
<skipped>
</skipped>
</testcase>
<testcase name="Vendor functionality test vendor can add simple subscription product" classname="[chromium] › vendor.spec.ts › Vendor functionality test › vendor can add simple subscription product" time="60">
<failure message="vendor.spec.ts:59:6 vendor can add simple subscription product" type="FAILURE">
<![CDATA[  [chromium] › vendor.spec.ts:59:6 › Vendor functionality test › vendor can add simple subscription product 

    Test timeout of 60000ms exceeded.

    attachment #1: screenshot (image/png) ----------------------------------------------------------
    test-results/vendor-Vendor-functionality-test-vendor-can-add-simple-subscription-product-chromium/test-failed-1.png
    ------------------------------------------------------------------------------------------------
]]>
</failure>
<system-out>
<![CDATA[
[[ATTACHMENT|../test-results/vendor-Vendor-functionality-test-vendor-can-add-simple-subscription-product-chromium/test-failed-1.png]]
]]>
</system-out>
</testcase>
<testcase name="Vendor functionality test vendor can add variable subscription product" classname="[chromium] › vendor.spec.ts › Vendor functionality test › vendor can add variable subscription product" time="0">
<skipped>
</skipped>
</testcase>
<testcase name="Vendor functionality test vendor can add external product" classname="[chromium] › vendor.spec.ts › Vendor functionality test › vendor can add external product" time="59.999">
<failure message="vendor.spec.ts:73:6 vendor can add external product" type="FAILURE">
<![CDATA[  [chromium] › vendor.spec.ts:73:6 › Vendor functionality test › vendor can add external product ===

    Test timeout of 60000ms exceeded.

    attachment #1: screenshot (image/png) ----------------------------------------------------------
    test-results/vendor-Vendor-functionality-test-vendor-can-add-external-product-chromium/test-failed-1.png
    ------------------------------------------------------------------------------------------------
]]>
</failure>
<system-out>
<![CDATA[
[[ATTACHMENT|../test-results/vendor-Vendor-functionality-test-vendor-can-add-external-product-chromium/test-failed-1.png]]
]]>
</system-out>
</testcase>
<testcase name="Vendor functionality test vendor can add auction product" classname="[chromium] › vendor.spec.ts › Vendor functionality test › vendor can add auction product" time="0">
<skipped>
</skipped>
</testcase>
<testcase name="Vendor functionality test vendor can add booking product" classname="[chromium] › vendor.spec.ts › Vendor functionality test › vendor can add booking product" time="59.999">
<failure message="vendor.spec.ts:87:6 vendor can add booking product" type="FAILURE">
<![CDATA[  [chromium] › vendor.spec.ts:87:6 › Vendor functionality test › vendor can add booking product ====

    Test timeout of 60000ms exceeded.

    attachment #1: screenshot (image/png) ----------------------------------------------------------
    test-results/vendor-Vendor-functionality-test-vendor-can-add-booking-product-chromium/test-failed-1.png
    ------------------------------------------------------------------------------------------------
]]>
</failure>
<system-out>
<![CDATA[
[[ATTACHMENT|../test-results/vendor-Vendor-functionality-test-vendor-can-add-booking-product-chromium/test-failed-1.png]]
]]>
</system-out>
</testcase>
<testcase name="Vendor functionality test vendor can add coupon" classname="[chromium] › vendor.spec.ts › Vendor functionality test › vendor can add coupon" time="60">
<failure message="vendor.spec.ts:94:6 vendor can add coupon" type="FAILURE">
<![CDATA[  [chromium] › vendor.spec.ts:94:6 › Vendor functionality test › vendor can add coupon =============

    Test timeout of 60000ms exceeded.

    attachment #1: screenshot (image/png) ----------------------------------------------------------
    test-results/vendor-Vendor-functionality-test-vendor-can-add-coupon-chromium/test-failed-1.png
    ------------------------------------------------------------------------------------------------
]]>
</failure>
<system-out>
<![CDATA[
[[ATTACHMENT|../test-results/vendor-Vendor-functionality-test-vendor-can-add-coupon-chromium/test-failed-1.png]]
]]>
</system-out>
</testcase>
<testcase name="Vendor functionality test vendor can request withdraw" classname="[chromium] › vendor.spec.ts › Vendor functionality test › vendor can request withdraw" time="0">
<skipped>
</skipped>
</testcase>
<testcase name="Vendor functionality test vendor can cancel request withdraw" classname="[chromium] › vendor.spec.ts › Vendor functionality test › vendor can cancel request withdraw" time="0">
<skipped>
</skipped>
</testcase>
<testcase name="Vendor functionality test vendor can add auto withdraw disbursement schedule" classname="[chromium] › vendor.spec.ts › Vendor functionality test › vendor can add auto withdraw disbursement schedule" time="60">
<failure message="vendor.spec.ts:116:6 vendor can add auto withdraw disbursement schedule" type="FAILURE">
<![CDATA[  [chromium] › vendor.spec.ts:116:6 › Vendor functionality test › vendor can add auto withdraw disbursement schedule 

    Test timeout of 60000ms exceeded.

    attachment #1: screenshot (image/png) ----------------------------------------------------------
    test-results/vendor-Vendor-functionality-test-vendor-can-add-auto-withdraw-disbursement-schedule-chromium/test-failed-1.png
    ------------------------------------------------------------------------------------------------
]]>
</failure>
<system-out>
<![CDATA[
[[ATTACHMENT|../test-results/vendor-Vendor-functionality-test-vendor-can-add-auto-withdraw-disbursement-schedule-chromium/test-failed-1.png]]
]]>
</system-out>
</testcase>
<testcase name="Vendor functionality test vendor can add default withdraw payment methods " classname="[chromium] › vendor.spec.ts › Vendor functionality test › vendor can add default withdraw payment methods " time="0">
<skipped>
</skipped>
</testcase>
<testcase name="Vendor functionality test vendor can set store settings " classname="[chromium] › vendor.spec.ts › Vendor functionality test › vendor can set store settings " time="0">
<skipped>
</skipped>
</testcase>
<testcase name="Vendor functionality test vendor can add addons" classname="[chromium] › vendor.spec.ts › Vendor functionality test › vendor can add addons" time="59.999">
<failure message="vendor.spec.ts:141:6 vendor can add addons" type="FAILURE">
<![CDATA[  [chromium] › vendor.spec.ts:141:6 › Vendor functionality test › vendor can add addons ============

    Test timeout of 60000ms exceeded.

    attachment #1: screenshot (image/png) ----------------------------------------------------------
    test-results/vendor-Vendor-functionality-test-vendor-can-add-addons-chromium/test-failed-1.png
    ------------------------------------------------------------------------------------------------
]]>
</failure>
<system-out>
<![CDATA[
[[ATTACHMENT|../test-results/vendor-Vendor-functionality-test-vendor-can-add-addons-chromium/test-failed-1.png]]
]]>
</system-out>
</testcase>
<testcase name="Vendor functionality test vendor can edit addon" classname="[chromium] › vendor.spec.ts › Vendor functionality test › vendor can edit addon" time="0">
<skipped>
</skipped>
</testcase>
<testcase name="Vendor functionality test vendor can send id verification request " classname="[chromium] › vendor.spec.ts › Vendor functionality test › vendor can send id verification request " time="0">
<skipped>
</skipped>
</testcase>
<testcase name="Vendor functionality test vendor can send address verification request " classname="[chromium] › vendor.spec.ts › Vendor functionality test › vendor can send address verification request " time="0">
<skipped>
</skipped>
</testcase>
<testcase name="Vendor functionality test vendor can send company verification request " classname="[chromium] › vendor.spec.ts › Vendor functionality test › vendor can send company verification request " time="0">
<skipped>
</skipped>
</testcase>
<testcase name="Vendor functionality test vendor can set delivery time settings " classname="[chromium] › vendor.spec.ts › Vendor functionality test › vendor can set delivery time settings " time="0">
<skipped>
</skipped>
</testcase>
<testcase name="Vendor functionality test vendor can set shipping policy" classname="[chromium] › vendor.spec.ts › Vendor functionality test › vendor can set shipping policy" time="0">
<skipped>
</skipped>
</testcase>
<testcase name="Vendor functionality test vendor can set flat rate shipping " classname="[chromium] › vendor.spec.ts › Vendor functionality test › vendor can set flat rate shipping " time="0">
<skipped>
</skipped>
</testcase>
<testcase name="Vendor functionality test vendor can set free shipping " classname="[chromium] › vendor.spec.ts › Vendor functionality test › vendor can set free shipping " time="0">
<skipped>
</skipped>
</testcase>
<testcase name="Vendor functionality test vendor can set local pickup shipping " classname="[chromium] › vendor.spec.ts › Vendor functionality test › vendor can set local pickup shipping " time="0">
<skipped>
</skipped>
</testcase>
<testcase name="Vendor functionality test vendor can set table rate shipping shipping " classname="[chromium] › vendor.spec.ts › Vendor functionality test › vendor can set table rate shipping shipping " time="0">
<skipped>
</skipped>
</testcase>
<testcase name="Vendor functionality test vendor can set dokan distance rate shipping " classname="[chromium] › vendor.spec.ts › Vendor functionality test › vendor can set dokan distance rate shipping " time="0">
<skipped>
</skipped>
</testcase>
<testcase name="Vendor functionality test vendor can set social profile settings " classname="[chromium] › vendor.spec.ts › Vendor functionality test › vendor can set social profile settings " time="0">
<skipped>
</skipped>
</testcase>
<testcase name="Vendor functionality test vendor can set rma settings " classname="[chromium] › vendor.spec.ts › Vendor functionality test › vendor can set rma settings " time="0.001">
<skipped>
</skipped>
</testcase>
</testsuite>
</testsuites>