<testsuites id="" name="" tests="1" failures="0" skipped="0" errors="0" time="3.8552179999999936">
<testsuite name="productVariations.spec.ts" timestamp="1675162123450" hostname="" tests="1" failures="0" skipped="0" time="0.003" errors="0">
<testcase name="product variation api test get all product variations" classname="productVariations.spec.ts › product variation api test › get all product variations" time="0.003">
<system-out>
<![CDATA[[90mundefined[39m
]]>
</system-out>
</testcase>
</testsuite>
</testsuites>