<testsuites id="" name="" tests="1" failures="1" skipped="0" errors="0" time="1.7789329999999899">
<testsuite name="_setupApi.spec.ts" timestamp="1675248042983" hostname="" tests="1" failures="1" skipped="0" time="0.01" errors="0">
<testcase name="setup test e2e admin set WpSettings" classname="[chromium] › _setupApi.spec.ts › setup test e2e › admin set WpSettings" time="0.01">
<failure message="_setupApi.spec.ts:239:7 admin set WpSettings" type="FAILURE">
<![CDATA[  [chromium] › _setupApi.spec.ts:239:7 › setup test e2e › admin set WpSettings =====================

    TypeError: Cannot read property 'setPermalinkSettings' of undefined

      246 | 			console.log('file not found!');
      247 | 		}
    > 248 | 		await adminPage.setPermalinkSettings(data.wpSettings.permalink);
          | 		                ^
      249 | 	});
      250 |
      251 | 	test('admin set dokan general settings', async ({ }) => {

        at /home/runner/work/dokan/dokan/tests/e2e/tests/_setupApi.spec.ts:248:19
]]>
</failure>
<system-out>
<![CDATA[file exists
]]>
</system-out>
</testcase>
</testsuite>
</testsuites>