<testsuites id="" name="" tests="1" failures="1" skipped="0" errors="0" time="1.451494000000006">
<testsuite name="api/refunds.spec.ts" timestamp="1669886764611" hostname="" tests="1" failures="1" skipped="0" time="0.029" errors="0">
<testcase name="refunds api test get all refunds by status" classname="[chromium] › api/refunds.spec.ts › refunds api test › get all refunds by status" time="0.029">
<failure message="refunds.spec.ts:33:10 get all refunds by status" type="FAILURE">
<![CDATA[  [chromium] › api/refunds.spec.ts:33:10 › refunds api test › get all refunds by status ============

    SyntaxError: Unexpected token < in JSON at position 0

      34 |         // let response = await request.get(endPoints.getAllRefundsByStatus('pending')) // pending, cancelled, completed
      35 |         let response = await request.get(endPoints.getAllRefundsByStatus('completed')) // pending, cancelled, completed
    > 36 |         let responseBody = await response.json()
         |                            ^
      37 |         console.log(responseBody)
      38 |
      39 |         expect(response.ok()).toBeTruthy()

        at JSON.parse (<anonymous>)
        at /home/runner/work/dokan/dokan/tests/e2e/tests/api/refunds.spec.ts:36:28
]]>
</failure>
</testcase>
</testsuite>
</testsuites>