<testsuites id="" name="" tests="2" failures="1" skipped="0" errors="0" time="2.1814710000000197">
<testsuite name="api/modules.spec.ts" timestamp="1669892929686" hostname="" tests="2" failures="1" skipped="0" time="0.047" errors="0">
<testcase name="modules api test g_" classname="[chromium] › api/modules.spec.ts › modules api test › g_" time="0.017">
<system-out>
<![CDATA[endpoint is http://localhost:8889/wp-json/dokan/v1/admin/modules
]]>
</system-out>
</testcase>
<testcase name="modules api test get all modules" classname="[chromium] › api/modules.spec.ts › modules api test › get all modules" time="0.03">
<failure message="modules.spec.ts:23:5 get all modules" type="FAILURE">
<![CDATA[  [chromium] › api/modules.spec.ts:23:5 › modules api test › get all modules =======================

    Error: expect(received).toBeTruthy()

    Received: false

      27 |         console.log(await response.status())
      28 |
    > 29 |         expect(await response.ok()).toBeTruthy()
         |                                     ^
      30 |         expect(await response.status()).toBe(200)
      31 |     });
      32 |

        at /home/runner/work/dokan/dokan/tests/e2e/tests/api/modules.spec.ts:29:37
]]>
</failure>
<system-out>
<![CDATA[[33m404[39m
]]>
</system-out>
</testcase>
</testsuite>
</testsuites>