<testsuites id="" name="" tests="1" failures="1" skipped="0" errors="0" time="121.93111100000003">
<testsuite name="api/aapiPermalink.spec.ts" timestamp="1670212506596" hostname="" tests="1" failures="1" skipped="0" time="120.034" errors="0">
<testcase name=" api test permalink set " classname="[chromium] › api/aapiPermalink.spec.ts ›  api test › permalink set " time="120.034">
<failure message="aapiPermalink.spec.ts:17:5 permalink set " type="FAILURE">
<![CDATA[  [chromium] › api/aapiPermalink.spec.ts:17:5 ›  api test › permalink set  =========================

    Test timeout of 120000ms exceeded.

    locator.hover: Target closed
    =========================== logs ===========================
    waiting for selector ".menu-icon-settings .wp-menu-name"
    ============================================================

       at ../pages/basePage.ts:630

      628 |     async hoverOnLocator(selector: string): Promise<void> {
      629 |         let locator = this.page.locator(selector)
    > 630 |         await locator.hover()
          |                       ^
      631 |     }
      632 |
      633 |     // get locator inner html

        at AdminPage.hoverOnLocator (/home/runner/work/dokan/dokan/tests/e2e/pages/basePage.ts:630:23)
        at AdminPage.setPermalinkSettings (/home/runner/work/dokan/dokan/tests/e2e/pages/adminPage.ts:75:20)
        at /home/runner/work/dokan/dokan/tests/e2e/tests/api/aapiPermalink.spec.ts:21:25
        at /home/runner/work/dokan/dokan/tests/e2e/node_modules/@playwright/test/lib/workerRunner.js:426:9
        at TestInfoImpl._runFn (/home/runner/work/dokan/dokan/tests/e2e/node_modules/@playwright/test/lib/testInfo.js:166:7)
        at /home/runner/work/dokan/dokan/tests/e2e/node_modules/@playwright/test/lib/workerRunner.js:376:26
        at TimeoutManager.runWithTimeout (/home/runner/work/dokan/dokan/tests/e2e/node_modules/@playwright/test/lib/timeoutManager.js:73:7)
        at TestInfoImpl._runWithTimeout (/home/runner/work/dokan/dokan/tests/e2e/node_modules/@playwright/test/lib/testInfo.js:154:26)
        at WorkerRunner._runTest (/home/runner/work/dokan/dokan/tests/e2e/node_modules/@playwright/test/lib/workerRunner.js:356:5)
        at WorkerRunner.runTestGroup (/home/runner/work/dokan/dokan/tests/e2e/node_modules/@playwright/test/lib/workerRunner.js:218:11)
        at process.<anonymous> (/home/runner/work/dokan/dokan/tests/e2e/node_modules/@playwright/test/lib/worker.js:88:5)

    Pending operations:
      - locator.hover at pages/basePage.ts:630:23


    attachment #1: screenshot (image/png) ----------------------------------------------------------
    test-results/api-aapiPermalink--api-test-permalink-set--chromium/test-failed-1.png
    ------------------------------------------------------------------------------------------------
]]>
</failure>
<system-out>
<![CDATA[
[[ATTACHMENT|../test-results/api-aapiPermalink--api-test-permalink-set--chromium/test-failed-1.png]]
]]>
</system-out>
</testcase>
</testsuite>
</testsuites>