<testsuites id="" name="" tests="11" failures="10" skipped="0" errors="0" time="22.720256999999982">
<testsuite name="api/admins.spec.ts" timestamp="1669889981208" hostname="" tests="11" failures="10" skipped="0" time="0.44" errors="0">
<testcase name="admin api test get admin report overviesw" classname="[chromium] › api/admins.spec.ts › admin api test › get admin report overviesw" time="0.017">
<system-out>
<![CDATA[http://localhost:8889/wp-json/dokan/v1/admin/report/overview
]]>
</system-out>
</testcase>
<testcase name="admin api test get admin report overview" classname="[chromium] › api/admins.spec.ts › admin api test › get admin report overview" time="0.028">
<failure message="admins.spec.ts:26:5 get admin report overview" type="FAILURE">
<![CDATA[  [chromium] › api/admins.spec.ts:26:5 › admin api test › get admin report overview ================

    SyntaxError: Unexpected token < in JSON at position 0

      27 |         console.log(endPoints.getAdminReportOverview)
      28 |         let response = await request.get(endPoints.getAdminReportOverview)
    > 29 |         let responseBody = await response.json()
         |                            ^
      30 |         // console.log(responseBody)
      31 |
      32 |         expect(response.ok()).toBeTruthy()

        at JSON.parse (<anonymous>)
        at /home/runner/work/dokan/dokan/tests/e2e/tests/api/admins.spec.ts:29:28
]]>
</failure>
<system-out>
<![CDATA[http://localhost:8889/wp-json/dokan/v1/admin/report/overview
]]>
</system-out>
</testcase>
<testcase name="admin api test get admin report summary" classname="[chromium] › api/admins.spec.ts › admin api test › get admin report summary" time="0.042">
<failure message="admins.spec.ts:36:5 get admin report summary" type="FAILURE">
<![CDATA[  [chromium] › api/admins.spec.ts:36:5 › admin api test › get admin report summary =================

    SyntaxError: Unexpected token < in JSON at position 0

      36 |     test('get admin report summary', async ({ request }) => {
      37 |         let response = await request.get(endPoints.getAdminReportSummary)
    > 38 |         let responseBody = await response.json()
         |                            ^
      39 |         // console.log(responseBody)
      40 |
      41 |         expect(response.ok()).toBeTruthy()

        at JSON.parse (<anonymous>)
        at /home/runner/work/dokan/dokan/tests/e2e/tests/api/admins.spec.ts:38:28
]]>
</failure>
</testcase>
<testcase name="admin api test get getAdminDashboardFeed" classname="[chromium] › api/admins.spec.ts › admin api test › get getAdminDashboardFeed" time="0.044">
<failure message="admins.spec.ts:45:5 get getAdminDashboardFeed" type="FAILURE">
<![CDATA[  [chromium] › api/admins.spec.ts:45:5 › admin api test › get getAdminDashboardFeed ================

    SyntaxError: Unexpected token < in JSON at position 0

      45 |     test('get getAdminDashboardFeed', async ({ request }) => {
      46 |         let response = await request.get(endPoints.getAdminDashboardFeed)
    > 47 |         let responseBody = await response.json()
         |                            ^
      48 |         // // console.log(responseBody)
      49 |
      50 |         expect(response.ok()).toBeTruthy()

        at JSON.parse (<anonymous>)
        at /home/runner/work/dokan/dokan/tests/e2e/tests/api/admins.spec.ts:47:28
]]>
</failure>
</testcase>
<testcase name="admin api test get admin help" classname="[chromium] › api/admins.spec.ts › admin api test › get admin help" time="0.046">
<failure message="admins.spec.ts:54:5 get admin help" type="FAILURE">
<![CDATA[  [chromium] › api/admins.spec.ts:54:5 › admin api test › get admin help ===========================

    SyntaxError: Unexpected token < in JSON at position 0

      54 |     test('get admin help', async ({ request }) => {
      55 |         let response = await request.get(endPoints.getAdminHelp)
    > 56 |         let responseBody = await response.json()
         |                            ^
      57 |         // // console.log(responseBody)
      58 |
      59 |         expect(response.ok()).toBeTruthy()

        at JSON.parse (<anonymous>)
        at /home/runner/work/dokan/dokan/tests/e2e/tests/api/admins.spec.ts:56:28
]]>
</failure>
</testcase>
<testcase name="admin api test get changelog lite" classname="[chromium] › api/admins.spec.ts › admin api test › get changelog lite" time="0.042">
<failure message="admins.spec.ts:63:5 get changelog lite" type="FAILURE">
<![CDATA[  [chromium] › api/admins.spec.ts:63:5 › admin api test › get changelog lite =======================

    SyntaxError: Unexpected token < in JSON at position 0

      63 |     test('get changelog lite', async ({ request }) => {
      64 |         let response = await request.get(endPoints.getAdminChangelogLite)
    > 65 |         let responseBody = await response.json()
         |                            ^
      66 |         // // console.log(responseBody)
      67 |
      68 |         expect(response.ok()).toBeTruthy()

        at JSON.parse (<anonymous>)
        at /home/runner/work/dokan/dokan/tests/e2e/tests/api/admins.spec.ts:65:28
]]>
</failure>
</testcase>
<testcase name="admin api test get changelog pro" classname="[chromium] › api/admins.spec.ts › admin api test › get changelog pro" time="0.042">
<failure message="admins.spec.ts:72:5 get changelog pro" type="FAILURE">
<![CDATA[  [chromium] › api/admins.spec.ts:72:5 › admin api test › get changelog pro ========================

    SyntaxError: Unexpected token < in JSON at position 0

      72 |     test('get changelog pro', async ({ request }) => {
      73 |         let response = await request.get(endPoints.getAdminChangelogPro)
    > 74 |         let responseBody = await response.json()
         |                            ^
      75 |         // // console.log(responseBody)
      76 |
      77 |         expect(response.ok()).toBeTruthy()

        at JSON.parse (<anonymous>)
        at /home/runner/work/dokan/dokan/tests/e2e/tests/api/admins.spec.ts:74:28
]]>
</failure>
</testcase>
<testcase name="admin api test get getAdminNotices" classname="[chromium] › api/admins.spec.ts › admin api test › get getAdminNotices" time="0.044">
<failure message="admins.spec.ts:81:5 get getAdminNotices" type="FAILURE">
<![CDATA[  [chromium] › api/admins.spec.ts:81:5 › admin api test › get getAdminNotices ======================

    SyntaxError: Unexpected token < in JSON at position 0

      81 |     test('get getAdminNotices', async ({ request }) => {
      82 |         let response = await request.get(endPoints.getAdminNotices)
    > 83 |         let responseBody = await response.json()
         |                            ^
      84 |         // // console.log(responseBody)
      85 |
      86 |         expect(response.ok()).toBeTruthy()

        at JSON.parse (<anonymous>)
        at /home/runner/work/dokan/dokan/tests/e2e/tests/api/admins.spec.ts:83:28
]]>
</failure>
</testcase>
<testcase name="admin api test get admin promo notices " classname="[chromium] › api/admins.spec.ts › admin api test › get admin promo notices " time="0.044">
<failure message="admins.spec.ts:90:5 get admin promo notices " type="FAILURE">
<![CDATA[  [chromium] › api/admins.spec.ts:90:5 › admin api test › get admin promo notices  =================

    SyntaxError: Unexpected token < in JSON at position 0

      90 |     test('get admin promo notices ', async ({ request }) => {
      91 |         let response = await request.get(endPoints.getAdminPromoNotices)
    > 92 |         let responseBody = await response.json()
         |                            ^
      93 |         // // console.log(responseBody)
      94 |
      95 |         expect(response.ok()).toBeTruthy()

        at JSON.parse (<anonymous>)
        at /home/runner/work/dokan/dokan/tests/e2e/tests/api/admins.spec.ts:92:28
]]>
</failure>
</testcase>
<testcase name="admin api test get admin logs " classname="[chromium] › api/admins.spec.ts › admin api test › get admin logs " time="0.05">
<failure message="admins.spec.ts:99:5 get admin logs " type="FAILURE">
<![CDATA[  [chromium] › api/admins.spec.ts:99:5 › admin api test › get admin logs  ==========================

    SyntaxError: Unexpected token < in JSON at position 0

       99 |     test('get admin logs ', async ({ request }) => {
      100 |         let response = await request.get(endPoints.getAdminLogs)
    > 101 |         let responseBody = await response.json()
          |                            ^
      102 |         // // console.log(responseBody)
      103 |
      104 |         expect(response.ok()).toBeTruthy()

        at JSON.parse (<anonymous>)
        at /home/runner/work/dokan/dokan/tests/e2e/tests/api/admins.spec.ts:101:28
]]>
</failure>
</testcase>
<testcase name="admin api test get admin export logs " classname="[chromium] › api/admins.spec.ts › admin api test › get admin export logs " time="0.041">
<failure message="admins.spec.ts:108:5 get admin export logs " type="FAILURE">
<![CDATA[  [chromium] › api/admins.spec.ts:108:5 › admin api test › get admin export logs  ==================

    SyntaxError: Unexpected token < in JSON at position 0

      108 |     test('get admin export logs ', async ({ request }) => {
      109 |         let response = await request.get(endPoints.getAdminExportLogs)
    > 110 |         let responseBody = await response.json()
          |                            ^
      111 |         // // console.log(responseBody)
      112 |
      113 |         expect(response.ok()).toBeTruthy()

        at JSON.parse (<anonymous>)
        at /home/runner/work/dokan/dokan/tests/e2e/tests/api/admins.spec.ts:110:28
]]>
</failure>
</testcase>
</testsuite>
</testsuites>